<?xml version="1.0" encoding="UTF-8"?>
<TestRun id="6303572a-bc62-480e-b15f-fa382b848a13" name="tj@XPSHIZZLE 2010-01-24 20:38:53" runUser="XPSHIZZLE\tj" xmlns="http://microsoft.com/schemas/VisualStudio/TeamTest/2006">
  <TestRunConfiguration name="Local Test Run" id="5d34651d-14c5-44b4-924e-f479f289f99c">
    <Description>This is a default test run configuration for a local test run.</Description>
    <Deployment userDeploymentRoot="C:\Users\tj\Desktop\cs340project\cs340project\TestResults" useDefaultDeploymentRoot="false" runDeploymentRoot="C:\Users\tj\Desktop\cs340project\cs340project\TestResults\tj_XPSHIZZLE 2010-01-24 20_38_53">
      <DeploymentItem filename="C:\Users\tj\Desktop\cs340project\cs340project\Server\bin\Debug\Server.dll" />
      <DeploymentItem filename="C:\Users\tj\Desktop\cs340project\cs340project\cs340project\bin\Debug\cs340project.exe" />
    </Deployment>
    <TestTypeSpecific />
  </TestRunConfiguration>
  <ResultSummary outcome="Failed">
    <Counters total="22" executed="21" error="0" failed="9" timeout="0" aborted="1" inconclusive="8" passedButRunAborted="3" notRunnable="0" notExecuted="1" disconnected="0" warning="0" passed="0" completed="0" inProgress="0" pending="0" />
  </ResultSummary>
  <Times creation="2010-01-24T20:38:53.0883600-07:00" queuing="2010-01-24T20:38:54.1759177-07:00" start="2010-01-24T20:38:54.4229318-07:00" finish="2010-01-24T20:49:48.2931928-07:00" />
  <TestDefinitions>
    <UnitTest name="MyNameTest" storage="c:\users\tj\desktop\cs340project\cs340project\unittesting\bin\debug\unittesting.dll" id="b1d759de-a9df-e98a-e0dc-ecc5cc22adcf">
      <Css projectStructure="" iteration="" />
      <Owners>
        <Owner name="" />
      </Owners>
      <Execution id="35b2bed8-a911-4ae2-8fe8-a30288cca5f6" />
      <TestMethod codeBase="C:\Users\tj\Desktop\cs340project\cs340project\UnitTesting\bin\Debug\UnitTesting.dll" adapterTypeName="Microsoft.VisualStudio.TestTools.TestTypes.Unit.UnitTestAdapter, Microsoft.VisualStudio.QualityTools.Tips.UnitTest.Adapter, Version=9.0.0.0, Culture=neutral, PublicKeyToken=b03f5f7f11d50a3a" className="UnitTesting.PersonTest, UnitTesting" name="MyNameTest" />
    </UnitTest>
    <UnitTest name="ProxyConstructorTest" storage="c:\users\tj\desktop\cs340project\cs340project\unittesting\bin\debug\unittesting.dll" id="c7c5382e-9f9d-7db1-78d0-6da772ada96f">
      <Css projectStructure="" iteration="" />
      <Owners>
        <Owner name="" />
      </Owners>
      <TestMethod codeBase="C:\Users\tj\Desktop\cs340project\cs340project\UnitTesting\bin\Debug\UnitTesting.dll" adapterTypeName="Microsoft.VisualStudio.TestTools.TestTypes.Unit.UnitTestAdapter, Microsoft.VisualStudio.QualityTools.Tips.UnitTest.Adapter, Version=9.0.0.0, Culture=neutral, PublicKeyToken=b03f5f7f11d50a3a" className="UnitTesting.ProxyTest, UnitTesting" name="ProxyConstructorTest" />
    </UnitTest>
    <UnitTest name="GetAppTest" storage="c:\users\tj\desktop\cs340project\cs340project\unittesting\bin\debug\unittesting.dll" id="63b4d1a4-86a1-7201-e8be-a62b70a2e4a2">
      <Css projectStructure="" iteration="" />
      <Owners>
        <Owner name="" />
      </Owners>
      <Execution id="be475efb-9d4c-4893-8321-a0c63ee319f5" />
      <TestMethod codeBase="C:\Users\tj\Desktop\cs340project\cs340project\UnitTesting\bin\Debug\UnitTesting.dll" adapterTypeName="Microsoft.VisualStudio.TestTools.TestTypes.Unit.UnitTestAdapter, Microsoft.VisualStudio.QualityTools.Tips.UnitTest.Adapter, Version=9.0.0.0, Culture=neutral, PublicKeyToken=b03f5f7f11d50a3a" className="UnitTesting.AppTest, UnitTesting" name="GetAppTest" />
    </UnitTest>
    <UnitTest name="App_CommandConstructorTest" storage="c:\users\tj\desktop\cs340project\cs340project\unittesting\bin\debug\unittesting.dll" id="1849cd97-e971-9c37-12ab-060f8c40d010">
      <Css projectStructure="" iteration="" />
      <Owners>
        <Owner name="" />
      </Owners>
      <Execution id="12005bb7-e124-4f56-b0f5-59fd4e20cb4a" />
      <TestMethod codeBase="C:\Users\tj\Desktop\cs340project\cs340project\UnitTesting\bin\Debug\UnitTesting.dll" adapterTypeName="Microsoft.VisualStudio.TestTools.TestTypes.Unit.UnitTestAdapter, Microsoft.VisualStudio.QualityTools.Tips.UnitTest.Adapter, Version=9.0.0.0, Culture=neutral, PublicKeyToken=b03f5f7f11d50a3a" className="UnitTesting.App_CommandTest, UnitTesting" name="App_CommandConstructorTest" />
    </UnitTest>
    <UnitTest name="CreateProxyTest" storage="c:\users\tj\desktop\cs340project\cs340project\unittesting\bin\debug\unittesting.dll" id="3940fb75-397d-9756-9bd8-7b31d0c643a8">
      <Css projectStructure="" iteration="" />
      <Owners>
        <Owner name="" />
      </Owners>
      <DeploymentItems>
        <DeploymentItem filename="Server.dll" />
      </DeploymentItems>
      <Execution id="35fcfcd1-e391-446c-8fe6-4f94251c9b0f" />
      <TestMethod codeBase="C:\Users\tj\Desktop\cs340project\cs340project\UnitTesting\bin\Debug\UnitTesting.dll" adapterTypeName="Microsoft.VisualStudio.TestTools.TestTypes.Unit.UnitTestAdapter, Microsoft.VisualStudio.QualityTools.Tips.UnitTest.Adapter, Version=9.0.0.0, Culture=neutral, PublicKeyToken=b03f5f7f11d50a3a" className="UnitTesting.ProxifierTest, UnitTesting" name="CreateProxyTest" />
    </UnitTest>
    <UnitTest name="PersonConstructorTest" storage="c:\users\tj\desktop\cs340project\cs340project\unittesting\bin\debug\unittesting.dll" id="5ca94332-198e-b22f-c346-e5e0098cf2af">
      <Css projectStructure="" iteration="" />
      <Owners>
        <Owner name="" />
      </Owners>
      <Execution id="e51a6b11-392f-48be-9190-5225c06a0608" />
      <TestMethod codeBase="C:\Users\tj\Desktop\cs340project\cs340project\UnitTesting\bin\Debug\UnitTesting.dll" adapterTypeName="Microsoft.VisualStudio.TestTools.TestTypes.Unit.UnitTestAdapter, Microsoft.VisualStudio.QualityTools.Tips.UnitTest.Adapter, Version=9.0.0.0, Culture=neutral, PublicKeyToken=b03f5f7f11d50a3a" className="UnitTesting.PersonTest, UnitTesting" name="PersonConstructorTest" />
    </UnitTest>
    <UnitTest name="LastTest" storage="c:\users\tj\desktop\cs340project\cs340project\unittesting\bin\debug\unittesting.dll" id="f5ce004b-caac-531c-5c20-af683258bc14">
      <Css projectStructure="" iteration="" />
      <Owners>
        <Owner name="" />
      </Owners>
      <DeploymentItems>
        <DeploymentItem filename="cs340project.exe" />
      </DeploymentItems>
      <Execution id="1137e6e4-013f-4390-9315-da0bcc33e936" />
      <TestMethod codeBase="C:\Users\tj\Desktop\cs340project\cs340project\UnitTesting\bin\Debug\UnitTesting.dll" adapterTypeName="Microsoft.VisualStudio.TestTools.TestTypes.Unit.UnitTestAdapter, Microsoft.VisualStudio.QualityTools.Tips.UnitTest.Adapter, Version=9.0.0.0, Culture=neutral, PublicKeyToken=b03f5f7f11d50a3a" className="UnitTesting.PersonNameTest, UnitTesting" name="LastTest" />
    </UnitTest>
    <UnitTest name="AgeTest" storage="c:\users\tj\desktop\cs340project\cs340project\unittesting\bin\debug\unittesting.dll" id="a415cad6-bba8-153b-4b33-0a759bf19cce">
      <Css projectStructure="" iteration="" />
      <Owners>
        <Owner name="" />
      </Owners>
      <Execution id="8f1cc2da-fc12-42c9-bc04-e1684c2b57e3" />
      <TestMethod codeBase="C:\Users\tj\Desktop\cs340project\cs340project\UnitTesting\bin\Debug\UnitTesting.dll" adapterTypeName="Microsoft.VisualStudio.TestTools.TestTypes.Unit.UnitTestAdapter, Microsoft.VisualStudio.QualityTools.Tips.UnitTest.Adapter, Version=9.0.0.0, Culture=neutral, PublicKeyToken=b03f5f7f11d50a3a" className="UnitTesting.PersonTest, UnitTesting" name="AgeTest" />
    </UnitTest>
    <UnitTest name="InvokeAsyncTest" storage="c:\users\tj\desktop\cs340project\cs340project\unittesting\bin\debug\unittesting.dll" id="66d8be9f-7727-8ad8-0be2-1086ff8c6448">
      <Css projectStructure="" iteration="" />
      <Owners>
        <Owner name="" />
      </Owners>
      <Execution id="3476f73a-464d-43aa-acb9-b33b2e5857ba" />
      <TestMethod codeBase="C:\Users\tj\Desktop\cs340project\cs340project\UnitTesting\bin\Debug\UnitTesting.dll" adapterTypeName="Microsoft.VisualStudio.TestTools.TestTypes.Unit.UnitTestAdapter, Microsoft.VisualStudio.QualityTools.Tips.UnitTest.Adapter, Version=9.0.0.0, Culture=neutral, PublicKeyToken=b03f5f7f11d50a3a" className="UnitTesting.ProxyTest, UnitTesting" name="InvokeAsyncTest" />
    </UnitTest>
    <UnitTest name="AppConstructorTest" storage="c:\users\tj\desktop\cs340project\cs340project\unittesting\bin\debug\unittesting.dll" id="730ecb85-abbd-4258-50fd-0bcc79608446">
      <Css projectStructure="" iteration="" />
      <Owners>
        <Owner name="" />
      </Owners>
      <DeploymentItems>
        <DeploymentItem filename="Server.dll" />
      </DeploymentItems>
      <Execution id="77a75b7a-5ed3-4ea4-91d2-e57067032c94" />
      <TestMethod codeBase="C:\Users\tj\Desktop\cs340project\cs340project\UnitTesting\bin\Debug\UnitTesting.dll" adapterTypeName="Microsoft.VisualStudio.TestTools.TestTypes.Unit.UnitTestAdapter, Microsoft.VisualStudio.QualityTools.Tips.UnitTest.Adapter, Version=9.0.0.0, Culture=neutral, PublicKeyToken=b03f5f7f11d50a3a" className="UnitTesting.AppTest, UnitTesting" name="AppConstructorTest" />
    </UnitTest>
    <UnitTest name="NickTest" storage="c:\users\tj\desktop\cs340project\cs340project\unittesting\bin\debug\unittesting.dll" id="f73e5cb3-6129-8dee-c994-fb86c5a820dc">
      <Css projectStructure="" iteration="" />
      <Owners>
        <Owner name="" />
      </Owners>
      <DeploymentItems>
        <DeploymentItem filename="cs340project.exe" />
      </DeploymentItems>
      <Execution id="a39cfa47-3c7f-4e42-9f21-e318fc2006da" />
      <TestMethod codeBase="C:\Users\tj\Desktop\cs340project\cs340project\UnitTesting\bin\Debug\UnitTesting.dll" adapterTypeName="Microsoft.VisualStudio.TestTools.TestTypes.Unit.UnitTestAdapter, Microsoft.VisualStudio.QualityTools.Tips.UnitTest.Adapter, Version=9.0.0.0, Culture=neutral, PublicKeyToken=b03f5f7f11d50a3a" className="UnitTesting.PersonNameTest, UnitTesting" name="NickTest" />
    </UnitTest>
    <UnitTest name="CreateProxyCodeTest" storage="c:\users\tj\desktop\cs340project\cs340project\unittesting\bin\debug\unittesting.dll" id="a6af233d-5c77-a196-0571-3e2f60ca6923">
      <Css projectStructure="" iteration="" />
      <Owners>
        <Owner name="" />
      </Owners>
      <DeploymentItems>
        <DeploymentItem filename="Server.dll" />
      </DeploymentItems>
      <Execution id="eb8fbbd9-06ca-4146-ad9f-32fc3f1b2789" />
      <TestMethod codeBase="C:\Users\tj\Desktop\cs340project\cs340project\UnitTesting\bin\Debug\UnitTesting.dll" adapterTypeName="Microsoft.VisualStudio.TestTools.TestTypes.Unit.UnitTestAdapter, Microsoft.VisualStudio.QualityTools.Tips.UnitTest.Adapter, Version=9.0.0.0, Culture=neutral, PublicKeyToken=b03f5f7f11d50a3a" className="UnitTesting.ProxifierTest, UnitTesting" name="CreateProxyCodeTest" />
    </UnitTest>
    <UnitTest name="App_ResponseConstructorTest" storage="c:\users\tj\desktop\cs340project\cs340project\unittesting\bin\debug\unittesting.dll" id="db858951-75a0-bed6-3fb2-2048ddbd5b39">
      <Css projectStructure="" iteration="" />
      <Owners>
        <Owner name="" />
      </Owners>
      <Execution id="450b9e90-07cf-49b7-b1a8-58255f0c2c78" />
      <TestMethod codeBase="C:\Users\tj\Desktop\cs340project\cs340project\UnitTesting\bin\Debug\UnitTesting.dll" adapterTypeName="Microsoft.VisualStudio.TestTools.TestTypes.Unit.UnitTestAdapter, Microsoft.VisualStudio.QualityTools.Tips.UnitTest.Adapter, Version=9.0.0.0, Culture=neutral, PublicKeyToken=b03f5f7f11d50a3a" className="UnitTesting.App_ResponseTest, UnitTesting" name="App_ResponseConstructorTest" />
    </UnitTest>
    <UnitTest name="Network_CommandReceivedTest" storage="c:\users\tj\desktop\cs340project\cs340project\unittesting\bin\debug\unittesting.dll" id="56fa609f-2f52-924c-529a-7c7aa1483dcc">
      <Css projectStructure="" iteration="" />
      <Owners>
        <Owner name="" />
      </Owners>
      <DeploymentItems>
        <DeploymentItem filename="Server.dll" />
      </DeploymentItems>
      <Execution id="c15d8e63-5d06-44a5-b3c8-dbb3955b1089" />
      <TestMethod codeBase="C:\Users\tj\Desktop\cs340project\cs340project\UnitTesting\bin\Debug\UnitTesting.dll" adapterTypeName="Microsoft.VisualStudio.TestTools.TestTypes.Unit.UnitTestAdapter, Microsoft.VisualStudio.QualityTools.Tips.UnitTest.Adapter, Version=9.0.0.0, Culture=neutral, PublicKeyToken=b03f5f7f11d50a3a" className="UnitTesting.AppTest, UnitTesting" name="Network_CommandReceivedTest" />
    </UnitTest>
    <UnitTest name="PersonNameConstructorTest" storage="c:\users\tj\desktop\cs340project\cs340project\unittesting\bin\debug\unittesting.dll" id="1db9521d-c38f-fadb-5107-75c30e0c9de5">
      <Css projectStructure="" iteration="" />
      <Owners>
        <Owner name="" />
      </Owners>
      <Execution id="219f0b28-b27a-47f5-806a-f0ac34bdf83c" />
      <TestMethod codeBase="C:\Users\tj\Desktop\cs340project\cs340project\UnitTesting\bin\Debug\UnitTesting.dll" adapterTypeName="Microsoft.VisualStudio.TestTools.TestTypes.Unit.UnitTestAdapter, Microsoft.VisualStudio.QualityTools.Tips.UnitTest.Adapter, Version=9.0.0.0, Culture=neutral, PublicKeyToken=b03f5f7f11d50a3a" className="UnitTesting.PersonNameTest, UnitTesting" name="PersonNameConstructorTest" />
    </UnitTest>
    <UnitTest name="RunCommandTest" storage="c:\users\tj\desktop\cs340project\cs340project\unittesting\bin\debug\unittesting.dll" id="8c9dbde8-6722-1318-bdac-a026ed4bb1fa">
      <Css projectStructure="" iteration="" />
      <Owners>
        <Owner name="" />
      </Owners>
      <Execution id="d554ed5d-7d2e-47bf-8fd1-3eb4c404d917" />
      <TestMethod codeBase="C:\Users\tj\Desktop\cs340project\cs340project\UnitTesting\bin\Debug\UnitTesting.dll" adapterTypeName="Microsoft.VisualStudio.TestTools.TestTypes.Unit.UnitTestAdapter, Microsoft.VisualStudio.QualityTools.Tips.UnitTest.Adapter, Version=9.0.0.0, Culture=neutral, PublicKeyToken=b03f5f7f11d50a3a" className="UnitTesting.AppTest, UnitTesting" name="RunCommandTest" />
    </UnitTest>
    <UnitTest name="AddObjectTest" storage="c:\users\tj\desktop\cs340project\cs340project\unittesting\bin\debug\unittesting.dll" id="5c424612-2e07-4702-a1f6-55ea56af99cf">
      <Css projectStructure="" iteration="" />
      <Owners>
        <Owner name="" />
      </Owners>
      <Execution id="d0c62647-1b2d-43a6-b57b-e9b2963c4a7f" />
      <TestMethod codeBase="C:\Users\tj\Desktop\cs340project\cs340project\UnitTesting\bin\Debug\UnitTesting.dll" adapterTypeName="Microsoft.VisualStudio.TestTools.TestTypes.Unit.UnitTestAdapter, Microsoft.VisualStudio.QualityTools.Tips.UnitTest.Adapter, Version=9.0.0.0, Culture=neutral, PublicKeyToken=b03f5f7f11d50a3a" className="UnitTesting.AppTest, UnitTesting" name="AddObjectTest" />
    </UnitTest>
    <UnitTest name="GetProxyTest" storage="c:\users\tj\desktop\cs340project\cs340project\unittesting\bin\debug\unittesting.dll" id="683d7b11-8f37-6824-c67d-df8fe868b02f">
      <Css projectStructure="" iteration="" />
      <Owners>
        <Owner name="" />
      </Owners>
      <Execution id="7f32233d-b12a-4440-89a6-c078750c1789" />
      <TestMethod codeBase="C:\Users\tj\Desktop\cs340project\cs340project\UnitTesting\bin\Debug\UnitTesting.dll" adapterTypeName="Microsoft.VisualStudio.TestTools.TestTypes.Unit.UnitTestAdapter, Microsoft.VisualStudio.QualityTools.Tips.UnitTest.Adapter, Version=9.0.0.0, Culture=neutral, PublicKeyToken=b03f5f7f11d50a3a" className="UnitTesting.ProxifierTest, UnitTesting" name="GetProxyTest" />
    </UnitTest>
    <UnitTest name="ProxifierConstructorTest" storage="c:\users\tj\desktop\cs340project\cs340project\unittesting\bin\debug\unittesting.dll" id="627c4da3-dea1-3689-40a2-0bf0428012b1">
      <Css projectStructure="" iteration="" />
      <Owners>
        <Owner name="" />
      </Owners>
      <Execution id="f0c2d8b9-6bfd-4ce1-a9a9-6d4cf7ceb895" />
      <TestMethod codeBase="C:\Users\tj\Desktop\cs340project\cs340project\UnitTesting\bin\Debug\UnitTesting.dll" adapterTypeName="Microsoft.VisualStudio.TestTools.TestTypes.Unit.UnitTestAdapter, Microsoft.VisualStudio.QualityTools.Tips.UnitTest.Adapter, Version=9.0.0.0, Culture=neutral, PublicKeyToken=b03f5f7f11d50a3a" className="UnitTesting.ProxifierTest, UnitTesting" name="ProxifierConstructorTest" />
    </UnitTest>
    <UnitTest name="InvokeTest" storage="c:\users\tj\desktop\cs340project\cs340project\unittesting\bin\debug\unittesting.dll" id="e6771e7a-94a8-1d80-9bdf-2abc3a024bab">
      <Css projectStructure="" iteration="" />
      <Owners>
        <Owner name="" />
      </Owners>
      <Execution id="558c4c82-faae-49f4-95f8-05c8ba885690" />
      <TestMethod codeBase="C:\Users\tj\Desktop\cs340project\cs340project\UnitTesting\bin\Debug\UnitTesting.dll" adapterTypeName="Microsoft.VisualStudio.TestTools.TestTypes.Unit.UnitTestAdapter, Microsoft.VisualStudio.QualityTools.Tips.UnitTest.Adapter, Version=9.0.0.0, Culture=neutral, PublicKeyToken=b03f5f7f11d50a3a" className="UnitTesting.ProxyTest, UnitTesting" name="InvokeTest" />
    </UnitTest>
    <UnitTest name="FirstTest" storage="c:\users\tj\desktop\cs340project\cs340project\unittesting\bin\debug\unittesting.dll" id="21066473-71a8-cfe2-d286-052ffd2fff86">
      <Css projectStructure="" iteration="" />
      <Owners>
        <Owner name="" />
      </Owners>
      <DeploymentItems>
        <DeploymentItem filename="cs340project.exe" />
      </DeploymentItems>
      <Execution id="cb084361-2d7b-478d-b825-bbe8fbc0f421" />
      <TestMethod codeBase="C:\Users\tj\Desktop\cs340project\cs340project\UnitTesting\bin\Debug\UnitTesting.dll" adapterTypeName="Microsoft.VisualStudio.TestTools.TestTypes.Unit.UnitTestAdapter, Microsoft.VisualStudio.QualityTools.Tips.UnitTest.Adapter, Version=9.0.0.0, Culture=neutral, PublicKeyToken=b03f5f7f11d50a3a" className="UnitTesting.PersonNameTest, UnitTesting" name="FirstTest" />
    </UnitTest>
    <UnitTest name="Network_ResponseReceivedTest" storage="c:\users\tj\desktop\cs340project\cs340project\unittesting\bin\debug\unittesting.dll" id="eb34f4df-4372-47da-cae9-856d79d02100">
      <Css projectStructure="" iteration="" />
      <Owners>
        <Owner name="" />
      </Owners>
      <DeploymentItems>
        <DeploymentItem filename="Server.dll" />
      </DeploymentItems>
      <Execution id="bfb90aa7-2135-4470-87ca-9217006eeab1" />
      <TestMethod codeBase="C:\Users\tj\Desktop\cs340project\cs340project\UnitTesting\bin\Debug\UnitTesting.dll" adapterTypeName="Microsoft.VisualStudio.TestTools.TestTypes.Unit.UnitTestAdapter, Microsoft.VisualStudio.QualityTools.Tips.UnitTest.Adapter, Version=9.0.0.0, Culture=neutral, PublicKeyToken=b03f5f7f11d50a3a" className="UnitTesting.ProxyTest, UnitTesting" name="Network_ResponseReceivedTest" />
    </UnitTest>
  </TestDefinitions>
  <TestLists>
    <TestList name="Results Not in a List" id="8c84fa94-04c1-424b-9868-57a2d4851a1d" />
    <TestList name="All Loaded Results" id="19431567-8539-422a-85d7-44ee4e166bda" />
  </TestLists>
  <TestEntries>
    <TestEntry testId="1849cd97-e971-9c37-12ab-060f8c40d010" executionId="12005bb7-e124-4f56-b0f5-59fd4e20cb4a" testListId="8c84fa94-04c1-424b-9868-57a2d4851a1d" />
    <TestEntry testId="db858951-75a0-bed6-3fb2-2048ddbd5b39" executionId="450b9e90-07cf-49b7-b1a8-58255f0c2c78" testListId="8c84fa94-04c1-424b-9868-57a2d4851a1d" />
    <TestEntry testId="8c9dbde8-6722-1318-bdac-a026ed4bb1fa" executionId="d554ed5d-7d2e-47bf-8fd1-3eb4c404d917" testListId="8c84fa94-04c1-424b-9868-57a2d4851a1d" />
    <TestEntry testId="56fa609f-2f52-924c-529a-7c7aa1483dcc" executionId="c15d8e63-5d06-44a5-b3c8-dbb3955b1089" testListId="8c84fa94-04c1-424b-9868-57a2d4851a1d" />
    <TestEntry testId="63b4d1a4-86a1-7201-e8be-a62b70a2e4a2" executionId="be475efb-9d4c-4893-8321-a0c63ee319f5" testListId="8c84fa94-04c1-424b-9868-57a2d4851a1d" />
    <TestEntry testId="5c424612-2e07-4702-a1f6-55ea56af99cf" executionId="d0c62647-1b2d-43a6-b57b-e9b2963c4a7f" testListId="8c84fa94-04c1-424b-9868-57a2d4851a1d" />
    <TestEntry testId="730ecb85-abbd-4258-50fd-0bcc79608446" executionId="77a75b7a-5ed3-4ea4-91d2-e57067032c94" testListId="8c84fa94-04c1-424b-9868-57a2d4851a1d" />
    <TestEntry testId="f73e5cb3-6129-8dee-c994-fb86c5a820dc" executionId="a39cfa47-3c7f-4e42-9f21-e318fc2006da" testListId="8c84fa94-04c1-424b-9868-57a2d4851a1d" />
    <TestEntry testId="f5ce004b-caac-531c-5c20-af683258bc14" executionId="1137e6e4-013f-4390-9315-da0bcc33e936" testListId="8c84fa94-04c1-424b-9868-57a2d4851a1d" />
    <TestEntry testId="21066473-71a8-cfe2-d286-052ffd2fff86" executionId="cb084361-2d7b-478d-b825-bbe8fbc0f421" testListId="8c84fa94-04c1-424b-9868-57a2d4851a1d" />
    <TestEntry testId="1db9521d-c38f-fadb-5107-75c30e0c9de5" executionId="219f0b28-b27a-47f5-806a-f0ac34bdf83c" testListId="8c84fa94-04c1-424b-9868-57a2d4851a1d" />
    <TestEntry testId="b1d759de-a9df-e98a-e0dc-ecc5cc22adcf" executionId="35b2bed8-a911-4ae2-8fe8-a30288cca5f6" testListId="8c84fa94-04c1-424b-9868-57a2d4851a1d" />
    <TestEntry testId="a415cad6-bba8-153b-4b33-0a759bf19cce" executionId="8f1cc2da-fc12-42c9-bc04-e1684c2b57e3" testListId="8c84fa94-04c1-424b-9868-57a2d4851a1d" />
    <TestEntry testId="5ca94332-198e-b22f-c346-e5e0098cf2af" executionId="e51a6b11-392f-48be-9190-5225c06a0608" testListId="8c84fa94-04c1-424b-9868-57a2d4851a1d" />
    <TestEntry testId="683d7b11-8f37-6824-c67d-df8fe868b02f" executionId="7f32233d-b12a-4440-89a6-c078750c1789" testListId="8c84fa94-04c1-424b-9868-57a2d4851a1d" />
    <TestEntry testId="a6af233d-5c77-a196-0571-3e2f60ca6923" executionId="eb8fbbd9-06ca-4146-ad9f-32fc3f1b2789" testListId="8c84fa94-04c1-424b-9868-57a2d4851a1d" />
    <TestEntry testId="3940fb75-397d-9756-9bd8-7b31d0c643a8" executionId="35fcfcd1-e391-446c-8fe6-4f94251c9b0f" testListId="8c84fa94-04c1-424b-9868-57a2d4851a1d" />
    <TestEntry testId="627c4da3-dea1-3689-40a2-0bf0428012b1" executionId="f0c2d8b9-6bfd-4ce1-a9a9-6d4cf7ceb895" testListId="8c84fa94-04c1-424b-9868-57a2d4851a1d" />
    <TestEntry testId="eb34f4df-4372-47da-cae9-856d79d02100" executionId="bfb90aa7-2135-4470-87ca-9217006eeab1" testListId="8c84fa94-04c1-424b-9868-57a2d4851a1d" />
    <TestEntry testId="66d8be9f-7727-8ad8-0be2-1086ff8c6448" executionId="3476f73a-464d-43aa-acb9-b33b2e5857ba" testListId="8c84fa94-04c1-424b-9868-57a2d4851a1d" />
    <TestEntry testId="e6771e7a-94a8-1d80-9bdf-2abc3a024bab" executionId="558c4c82-faae-49f4-95f8-05c8ba885690" testListId="8c84fa94-04c1-424b-9868-57a2d4851a1d" />
    <TestEntry testId="c7c5382e-9f9d-7db1-78d0-6da772ada96f" executionId="e2290f93-5ebd-486b-a382-e1f160703e56" testListId="8c84fa94-04c1-424b-9868-57a2d4851a1d" />
  </TestEntries>
  <Results>
    <UnitTestResult executionId="12005bb7-e124-4f56-b0f5-59fd4e20cb4a" testId="1849cd97-e971-9c37-12ab-060f8c40d010" testName="App_CommandConstructorTest" computerName="XPSHIZZLE" duration="00:00:00.0509612" startTime="2010-01-24T20:38:54.5099368-07:00" endTime="2010-01-24T20:38:54.8349430-07:00" testType="13cdc9d9-ddb5-4fa4-a97d-d965ccfc6d4b" outcome="Inconclusive" testListId="8c84fa94-04c1-424b-9868-57a2d4851a1d">
      <Output>
        <ErrorInfo>
          <Message>Assert.Inconclusive failed. TODO: Implement code to verify target</Message>
          <StackTrace>   at UnitTesting.App_CommandTest.App_CommandConstructorTest() in C:\Users\tj\Desktop\cs340project\cs340project\UnitTesting\App_CommandTest.cs:line 77
</StackTrace>
        </ErrorInfo>
      </Output>
    </UnitTestResult>
    <UnitTestResult executionId="450b9e90-07cf-49b7-b1a8-58255f0c2c78" testId="db858951-75a0-bed6-3fb2-2048ddbd5b39" testName="App_ResponseConstructorTest" computerName="XPSHIZZLE" duration="00:00:00.0013545" startTime="2010-01-24T20:38:54.8374431-07:00" endTime="2010-01-24T20:38:54.8424431-07:00" testType="13cdc9d9-ddb5-4fa4-a97d-d965ccfc6d4b" outcome="Inconclusive" testListId="8c84fa94-04c1-424b-9868-57a2d4851a1d">
      <Output>
        <ErrorInfo>
          <Message>Assert.Inconclusive failed. TODO: Implement code to verify target</Message>
          <StackTrace>   at UnitTesting.App_ResponseTest.App_ResponseConstructorTest() in C:\Users\tj\Desktop\cs340project\cs340project\UnitTesting\App_ResponseTest.cs:line 74
</StackTrace>
        </ErrorInfo>
      </Output>
    </UnitTestResult>
    <UnitTestResult executionId="d554ed5d-7d2e-47bf-8fd1-3eb4c404d917" testId="8c9dbde8-6722-1318-bdac-a026ed4bb1fa" testName="RunCommandTest" computerName="XPSHIZZLE" duration="00:00:00.0702232" startTime="2010-01-24T20:38:54.8424431-07:00" endTime="2010-01-24T20:38:54.9174443-07:00" testType="13cdc9d9-ddb5-4fa4-a97d-d965ccfc6d4b" outcome="Failed" testListId="8c84fa94-04c1-424b-9868-57a2d4851a1d">
      <Output>
        <ErrorInfo>
          <Message>Test method UnitTesting.AppTest.RunCommandTest threw exception:  System.NullReferenceException: Object reference not set to an instance of an object..</Message>
          <StackTrace>   at cs340project.App_Accessor.RunCommand(Command cmd)
   at UnitTesting.AppTest.RunCommandTest() in C:\Users\tj\Desktop\cs340project\cs340project\UnitTesting\AppTest.cs:line 78
</StackTrace>
        </ErrorInfo>
      </Output>
    </UnitTestResult>
    <UnitTestResult executionId="c15d8e63-5d06-44a5-b3c8-dbb3955b1089" testId="56fa609f-2f52-924c-529a-7c7aa1483dcc" testName="Network_CommandReceivedTest" computerName="XPSHIZZLE" duration="00:00:00.0020003" startTime="2010-01-24T20:38:54.9274444-07:00" endTime="2010-01-24T20:38:54.9399446-07:00" testType="13cdc9d9-ddb5-4fa4-a97d-d965ccfc6d4b" outcome="Failed" testListId="8c84fa94-04c1-424b-9868-57a2d4851a1d">
      <Output>
        <ErrorInfo>
          <Message>Test method UnitTesting.AppTest.Network_CommandReceivedTest threw exception:  System.NullReferenceException: Object reference not set to an instance of an object..</Message>
          <StackTrace>   at cs340project.App_Accessor.Network_CommandReceived(TcpClient client, Command cmd)
   at UnitTesting.AppTest.Network_CommandReceivedTest() in C:\Users\tj\Desktop\cs340project\cs340project\UnitTesting\AppTest.cs:line 94
</StackTrace>
        </ErrorInfo>
      </Output>
    </UnitTestResult>
    <UnitTestResult executionId="be475efb-9d4c-4893-8321-a0c63ee319f5" testId="63b4d1a4-86a1-7201-e8be-a62b70a2e4a2" testName="GetAppTest" computerName="XPSHIZZLE" duration="00:00:00.0102571" startTime="2010-01-24T20:38:54.9399446-07:00" endTime="2010-01-24T20:38:54.9549449-07:00" testType="13cdc9d9-ddb5-4fa4-a97d-d965ccfc6d4b" outcome="Failed" testListId="8c84fa94-04c1-424b-9868-57a2d4851a1d">
      <Output>
        <ErrorInfo>
          <Message>Assert.AreEqual failed. Expected:&lt;(null)&gt;. Actual:&lt;cs340project.App&gt;. </Message>
          <StackTrace>   at UnitTesting.AppTest.GetAppTest() in C:\Users\tj\Desktop\cs340project\cs340project\UnitTesting\AppTest.cs:line 108
</StackTrace>
        </ErrorInfo>
      </Output>
    </UnitTestResult>
    <UnitTestResult executionId="d0c62647-1b2d-43a6-b57b-e9b2963c4a7f" testId="5c424612-2e07-4702-a1f6-55ea56af99cf" testName="AddObjectTest" computerName="XPSHIZZLE" duration="00:00:00.0015469" startTime="2010-01-24T20:38:54.9574449-07:00" endTime="2010-01-24T20:38:54.9624450-07:00" testType="13cdc9d9-ddb5-4fa4-a97d-d965ccfc6d4b" outcome="Failed" testListId="8c84fa94-04c1-424b-9868-57a2d4851a1d">
      <Output>
        <ErrorInfo>
          <Message>Test method UnitTesting.AppTest.AddObjectTest threw exception:  System.NullReferenceException: Object reference not set to an instance of an object..</Message>
          <StackTrace>   at cs340project.App_Accessor.AddObject(Object o)
   at UnitTesting.AppTest.AddObjectTest() in C:\Users\tj\Desktop\cs340project\cs340project\UnitTesting\AppTest.cs:line 121
</StackTrace>
        </ErrorInfo>
      </Output>
    </UnitTestResult>
    <UnitTestResult executionId="77a75b7a-5ed3-4ea4-91d2-e57067032c94" testId="730ecb85-abbd-4258-50fd-0bcc79608446" testName="AppConstructorTest" computerName="XPSHIZZLE" duration="00:00:00.0038922" startTime="2010-01-24T20:38:54.9624450-07:00" endTime="2010-01-24T20:38:54.9724451-07:00" testType="13cdc9d9-ddb5-4fa4-a97d-d965ccfc6d4b" outcome="Inconclusive" testListId="8c84fa94-04c1-424b-9868-57a2d4851a1d">
      <Output>
        <ErrorInfo>
          <Message>Assert.Inconclusive failed. TODO: Implement code to verify target</Message>
          <StackTrace>   at UnitTesting.AppTest.AppConstructorTest() in C:\Users\tj\Desktop\cs340project\cs340project\UnitTesting\AppTest.cs:line 134
</StackTrace>
        </ErrorInfo>
      </Output>
    </UnitTestResult>
    <UnitTestResult executionId="a39cfa47-3c7f-4e42-9f21-e318fc2006da" testId="f73e5cb3-6129-8dee-c994-fb86c5a820dc" testName="NickTest" computerName="XPSHIZZLE" duration="00:00:00.0630040" startTime="2010-01-24T20:38:54.9749452-07:00" endTime="2010-01-24T20:38:55.0424462-07:00" testType="13cdc9d9-ddb5-4fa4-a97d-d965ccfc6d4b" outcome="PassedButRunAborted" testListId="8c84fa94-04c1-424b-9868-57a2d4851a1d">
      <Output>
      </Output>
    </UnitTestResult>
    <UnitTestResult executionId="1137e6e4-013f-4390-9315-da0bcc33e936" testId="f5ce004b-caac-531c-5c20-af683258bc14" testName="LastTest" computerName="XPSHIZZLE" duration="00:00:00.0005197" startTime="2010-01-24T20:38:55.0424462-07:00" endTime="2010-01-24T20:38:55.0474463-07:00" testType="13cdc9d9-ddb5-4fa4-a97d-d965ccfc6d4b" outcome="PassedButRunAborted" testListId="8c84fa94-04c1-424b-9868-57a2d4851a1d">
      <Output>
      </Output>
    </UnitTestResult>
    <UnitTestResult executionId="cb084361-2d7b-478d-b825-bbe8fbc0f421" testId="21066473-71a8-cfe2-d286-052ffd2fff86" testName="FirstTest" computerName="XPSHIZZLE" duration="00:00:00.0004993" startTime="2010-01-24T20:38:55.0474463-07:00" endTime="2010-01-24T20:38:55.0524464-07:00" testType="13cdc9d9-ddb5-4fa4-a97d-d965ccfc6d4b" outcome="PassedButRunAborted" testListId="8c84fa94-04c1-424b-9868-57a2d4851a1d">
      <Output>
      </Output>
    </UnitTestResult>
    <UnitTestResult executionId="219f0b28-b27a-47f5-806a-f0ac34bdf83c" testId="1db9521d-c38f-fadb-5107-75c30e0c9de5" testName="PersonNameConstructorTest" computerName="XPSHIZZLE" duration="00:00:00.0013811" startTime="2010-01-24T20:38:55.0524464-07:00" endTime="2010-01-24T20:38:55.0649465-07:00" testType="13cdc9d9-ddb5-4fa4-a97d-d965ccfc6d4b" outcome="Inconclusive" testListId="8c84fa94-04c1-424b-9868-57a2d4851a1d">
      <Output>
        <ErrorInfo>
          <Message>Assert.Inconclusive failed. TODO: Implement code to verify target</Message>
          <StackTrace>   at UnitTesting.PersonNameTest.PersonNameConstructorTest() in C:\Users\tj\Desktop\cs340project\cs340project\UnitTesting\PersonNameTest.cs:line 141
</StackTrace>
        </ErrorInfo>
      </Output>
    </UnitTestResult>
    <UnitTestResult executionId="35b2bed8-a911-4ae2-8fe8-a30288cca5f6" testId="b1d759de-a9df-e98a-e0dc-ecc5cc22adcf" testName="MyNameTest" computerName="XPSHIZZLE" duration="00:00:00.0018274" startTime="2010-01-24T20:38:55.0649465-07:00" endTime="2010-01-24T20:38:55.0699466-07:00" testType="13cdc9d9-ddb5-4fa4-a97d-d965ccfc6d4b" outcome="Inconclusive" testListId="8c84fa94-04c1-424b-9868-57a2d4851a1d">
      <Output>
        <ErrorInfo>
          <Message>Assert.Inconclusive failed. Verify the correctness of this test method.</Message>
          <StackTrace>   at UnitTesting.PersonTest.MyNameTest() in C:\Users\tj\Desktop\cs340project\cs340project\UnitTesting\PersonTest.cs:line 77
</StackTrace>
        </ErrorInfo>
      </Output>
    </UnitTestResult>
    <UnitTestResult executionId="8f1cc2da-fc12-42c9-bc04-e1684c2b57e3" testId="a415cad6-bba8-153b-4b33-0a759bf19cce" testName="AgeTest" computerName="XPSHIZZLE" duration="00:00:00.0028370" startTime="2010-01-24T20:38:55.0724467-07:00" endTime="2010-01-24T20:38:55.0824468-07:00" testType="13cdc9d9-ddb5-4fa4-a97d-d965ccfc6d4b" outcome="Inconclusive" testListId="8c84fa94-04c1-424b-9868-57a2d4851a1d">
      <Output>
        <ErrorInfo>
          <Message>Assert.Inconclusive failed. Verify the correctness of this test method.</Message>
          <StackTrace>   at UnitTesting.PersonTest.AgeTest() in C:\Users\tj\Desktop\cs340project\cs340project\UnitTesting\PersonTest.cs:line 92
</StackTrace>
        </ErrorInfo>
      </Output>
    </UnitTestResult>
    <UnitTestResult executionId="e51a6b11-392f-48be-9190-5225c06a0608" testId="5ca94332-198e-b22f-c346-e5e0098cf2af" testName="PersonConstructorTest" computerName="XPSHIZZLE" duration="00:00:00.0010039" startTime="2010-01-24T20:38:55.0824468-07:00" endTime="2010-01-24T20:38:55.0899469-07:00" testType="13cdc9d9-ddb5-4fa4-a97d-d965ccfc6d4b" outcome="Inconclusive" testListId="8c84fa94-04c1-424b-9868-57a2d4851a1d">
      <Output>
        <ErrorInfo>
          <Message>Assert.Inconclusive failed. TODO: Implement code to verify target</Message>
          <StackTrace>   at UnitTesting.PersonTest.PersonConstructorTest() in C:\Users\tj\Desktop\cs340project\cs340project\UnitTesting\PersonTest.cs:line 102
</StackTrace>
        </ErrorInfo>
      </Output>
    </UnitTestResult>
    <UnitTestResult executionId="7f32233d-b12a-4440-89a6-c078750c1789" testId="683d7b11-8f37-6824-c67d-df8fe868b02f" testName="GetProxyTest" computerName="XPSHIZZLE" duration="00:00:00.1306475" startTime="2010-01-24T20:38:55.0924470-07:00" endTime="2010-01-24T20:38:55.2324491-07:00" testType="13cdc9d9-ddb5-4fa4-a97d-d965ccfc6d4b" outcome="Failed" testListId="8c84fa94-04c1-424b-9868-57a2d4851a1d">
      <Output>
        <DebugTrace>using System;
namespace Microsoft.VisualStudio.TestTools.UnitTesting
{
	class GenericParameterHelperProxy : Microsoft.VisualStudio.TestTools.UnitTesting.GenericParameterHelper
	{
		Proxy proxy = null;
		public GenericParameterHelperProxy(string server, int port, int id)
		{
			proxy = new Proxy(server, port, id);
		}
		public override System.Boolean Equals(System.Object obj)
		{
			return (System.Boolean)this.proxy.Invoke("Equals", obj);
		}
		public override System.Int32 GetHashCode()
		{
			return (System.Int32)this.proxy.Invoke("GetHashCode");
		}
		public override System.Int32 CompareTo(System.Object obj)
		{
			return (System.Int32)this.proxy.Invoke("CompareTo", obj);
		}
		public override System.Collections.IEnumerator GetEnumerator()
		{
			return (System.Collections.IEnumerator)this.proxy.Invoke("GetEnumerator");
		}
		public override System.Object Clone()
		{
			return (System.Object)this.proxy.Invoke("Clone");
		}
		public override System.String ToString()
		{
			return (System.String)this.proxy.Invoke("ToString");
		}
	}
}

</DebugTrace>
        <ErrorInfo>
          <Message>Test method UnitTesting.ProxifierTest.GetProxyTest threw exception:  System.IO.FileNotFoundException: Could not load file or assembly 'file:///C:\Users\tj\AppData\Local\Temp\6w3xbbzw.dll' or one of its dependencies. The system cannot find the file specified.WRN: Assembly binding logging is turned OFF.
To enable assembly bind failure logging, set the registry value [HKLM\Software\Microsoft\Fusion!EnableLog] (DWORD) to 1.
Note: There is some performance penalty associated with assembly bind failure logging.
To turn this feature off, remove the registry value [HKLM\Software\Microsoft\Fusion!EnableLog].
.</Message>
          <StackTrace>    at System.Reflection.Assembly._nLoad(AssemblyName fileName, String codeBase, Evidence assemblySecurity, Assembly locationHint, StackCrawlMark&amp; stackMark, Boolean throwOnFileNotFound, Boolean forIntrospection)
   at System.Reflection.Assembly.nLoad(AssemblyName fileName, String codeBase, Evidence assemblySecurity, Assembly locationHint, StackCrawlMark&amp; stackMark, Boolean throwOnFileNotFound, Boolean forIntrospection)
   at System.Reflection.Assembly.InternalLoad(AssemblyName assemblyRef, Evidence assemblySecurity, StackCrawlMark&amp; stackMark, Boolean forIntrospection)
   at System.Reflection.Assembly.Load(AssemblyName assemblyRef, Evidence assemblySecurity)
   at System.CodeDom.Compiler.CompilerResults.get_CompiledAssembly()
   at cs340project.Proxifier.CreateProxy(Type original) in C:\Users\tj\Desktop\cs340project\cs340project\Server\Proxifier.cs:line 134
   at cs340project.Proxifier.GetProxy[T](String server, Int32 port, Int32 id) in C:\Users\tj\Desktop\cs340project\cs340project\Server\Proxifier.cs:line 110
   at UnitTesting.ProxifierTest.GetProxyTestHelper[T]() in C:\Users\tj\Desktop\cs340project\cs340project\UnitTesting\ProxifierTest.cs:line 77
   at UnitTesting.ProxifierTest.GetProxyTest() in C:\Users\tj\Desktop\cs340project\cs340project\UnitTesting\ProxifierTest.cs:line 85
</StackTrace>
        </ErrorInfo>
      </Output>
    </UnitTestResult>
    <UnitTestResult executionId="eb8fbbd9-06ca-4146-ad9f-32fc3f1b2789" testId="a6af233d-5c77-a196-0571-3e2f60ca6923" testName="CreateProxyCodeTest" computerName="XPSHIZZLE" duration="00:00:00.0094796" startTime="2010-01-24T20:38:55.2324491-07:00" endTime="2010-01-24T20:38:55.2469494-07:00" testType="13cdc9d9-ddb5-4fa4-a97d-d965ccfc6d4b" outcome="Failed" testListId="8c84fa94-04c1-424b-9868-57a2d4851a1d">
      <Output>
        <ErrorInfo>
          <Message>Test method UnitTesting.ProxifierTest.CreateProxyCodeTest threw exception:  System.NullReferenceException: Object reference not set to an instance of an object..</Message>
          <StackTrace>    at cs340project.Proxifier.CreateProxyCode(Type original) in C:\Users\tj\Desktop\cs340project\cs340project\Server\Proxifier.cs:line 151
   at cs340project.Proxifier_Accessor.CreateProxyCode(Type original)
   at UnitTesting.ProxifierTest.CreateProxyCodeTest() in C:\Users\tj\Desktop\cs340project\cs340project\UnitTesting\ProxifierTest.cs:line 98
</StackTrace>
        </ErrorInfo>
      </Output>
    </UnitTestResult>
    <UnitTestResult executionId="35fcfcd1-e391-446c-8fe6-4f94251c9b0f" testId="3940fb75-397d-9756-9bd8-7b31d0c643a8" testName="CreateProxyTest" computerName="XPSHIZZLE" duration="00:00:00.0025475" startTime="2010-01-24T20:38:55.2479495-07:00" endTime="2010-01-24T20:38:55.2549499-07:00" testType="13cdc9d9-ddb5-4fa4-a97d-d965ccfc6d4b" outcome="Failed" testListId="8c84fa94-04c1-424b-9868-57a2d4851a1d">
      <Output>
        <ErrorInfo>
          <Message>Test method UnitTesting.ProxifierTest.CreateProxyTest threw exception:  System.ArgumentNullException: Value cannot be null.
Parameter name: key.</Message>
          <StackTrace>    at System.ThrowHelper.ThrowArgumentNullException(ExceptionArgument argument)
   at System.Collections.Generic.Dictionary`2.FindEntry(TKey key)
   at System.Collections.Generic.Dictionary`2.TryGetValue(TKey key, TValue&amp; value)
   at cs340project.Proxifier.CreateProxy(Type original) in C:\Users\tj\Desktop\cs340project\cs340project\Server\Proxifier.cs:line 123
   at cs340project.Proxifier_Accessor.CreateProxy(Type original)
   at UnitTesting.ProxifierTest.CreateProxyTest() in C:\Users\tj\Desktop\cs340project\cs340project\UnitTesting\ProxifierTest.cs:line 113
</StackTrace>
        </ErrorInfo>
      </Output>
    </UnitTestResult>
    <UnitTestResult executionId="f0c2d8b9-6bfd-4ce1-a9a9-6d4cf7ceb895" testId="627c4da3-dea1-3689-40a2-0bf0428012b1" testName="ProxifierConstructorTest" computerName="XPSHIZZLE" duration="00:00:00.0010124" startTime="2010-01-24T20:38:55.2599502-07:00" endTime="2010-01-24T20:38:55.2639504-07:00" testType="13cdc9d9-ddb5-4fa4-a97d-d965ccfc6d4b" outcome="Inconclusive" testListId="8c84fa94-04c1-424b-9868-57a2d4851a1d">
      <Output>
        <ErrorInfo>
          <Message>Assert.Inconclusive failed. TODO: Implement code to verify target</Message>
          <StackTrace>   at UnitTesting.ProxifierTest.ProxifierConstructorTest() in C:\Users\tj\Desktop\cs340project\cs340project\UnitTesting\ProxifierTest.cs:line 125
</StackTrace>
        </ErrorInfo>
      </Output>
    </UnitTestResult>
    <UnitTestResult executionId="bfb90aa7-2135-4470-87ca-9217006eeab1" testId="eb34f4df-4372-47da-cae9-856d79d02100" testName="Network_ResponseReceivedTest" computerName="XPSHIZZLE" duration="00:00:00.0022116" startTime="2010-01-24T20:38:55.2649505-07:00" endTime="2010-01-24T20:38:55.2739510-07:00" testType="13cdc9d9-ddb5-4fa4-a97d-d965ccfc6d4b" outcome="Failed" testListId="8c84fa94-04c1-424b-9868-57a2d4851a1d">
      <Output>
        <ErrorInfo>
          <Message>Test method UnitTesting.ProxyTest.Network_ResponseReceivedTest threw exception:  System.NullReferenceException: Object reference not set to an instance of an object..</Message>
          <StackTrace>   at cs340project.Proxy_Accessor.Network_ResponseReceived(TcpClient client, Response cmd)
   at UnitTesting.ProxyTest.Network_ResponseReceivedTest() in C:\Users\tj\Desktop\cs340project\cs340project\UnitTesting\ProxyTest.cs:line 78
</StackTrace>
        </ErrorInfo>
      </Output>
    </UnitTestResult>
    <UnitTestResult executionId="3476f73a-464d-43aa-acb9-b33b2e5857ba" testId="66d8be9f-7727-8ad8-0be2-1086ff8c6448" testName="InvokeAsyncTest" computerName="XPSHIZZLE" duration="00:00:00.0068458" startTime="2010-01-24T20:38:55.2809514-07:00" endTime="2010-01-24T20:38:55.2894518-07:00" testType="13cdc9d9-ddb5-4fa4-a97d-d965ccfc6d4b" outcome="Failed" testListId="8c84fa94-04c1-424b-9868-57a2d4851a1d">
      <Output>
        <ErrorInfo>
          <Message>Assert.AreEqual failed. Expected:&lt;(null)&gt;. Actual:&lt;cs340project.App+Command&gt;. </Message>
          <StackTrace>   at UnitTesting.ProxyTest.InvokeAsyncTest() in C:\Users\tj\Desktop\cs340project\cs340project\UnitTesting\ProxyTest.cs:line 97
</StackTrace>
        </ErrorInfo>
      </Output>
    </UnitTestResult>
    <UnitTestResult executionId="558c4c82-faae-49f4-95f8-05c8ba885690" testId="e6771e7a-94a8-1d80-9bdf-2abc3a024bab" testName="InvokeTest" computerName="XPSHIZZLE" duration="00:10:47.9661637" startTime="2010-01-24T20:38:55.2919518-07:00" endTime="2010-01-24T20:49:43.2581155-07:00" testType="13cdc9d9-ddb5-4fa4-a97d-d965ccfc6d4b" outcome="Aborted" testListId="8c84fa94-04c1-424b-9868-57a2d4851a1d">
      <Output>
        <ErrorInfo>
          <Message>User aborted test run.</Message>
        </ErrorInfo>
      </Output>
    </UnitTestResult>
    <UnitTestResult executionId="e2290f93-5ebd-486b-a382-e1f160703e56" testId="c7c5382e-9f9d-7db1-78d0-6da772ada96f" testName="ProxyConstructorTest" computerName="XPSHIZZLE" duration="00:00:00" startTime="0001-01-01T00:00:00.0000000-07:00" endTime="0001-01-01T00:00:00.0000000-07:00" testType="13cdc9d9-ddb5-4fa4-a97d-d965ccfc6d4b" outcome="NotExecuted" testListId="8c84fa94-04c1-424b-9868-57a2d4851a1d">
    </UnitTestResult>
  </Results>
</TestRun>