<?xml version="1.0" encoding="UTF-8"?>
<TestRun id="183fa76b-5323-4e7f-a0e6-5e299da0a494" name="tj@XPSHIZZLE 2010-01-24 19:38:43" runUser="XPSHIZZLE\tj" xmlns="http://microsoft.com/schemas/VisualStudio/TeamTest/2006">
  <TestRunConfiguration name="Local Test Run" id="5d34651d-14c5-44b4-924e-f479f289f99c">
    <Description>This is a default test run configuration for a local test run.</Description>
    <Deployment runDeploymentRoot="C:\Users\tj\Desktop\cs340project\cs340project\TestResults\tj_XPSHIZZLE 2010-01-24 19_38_43">
      <DeploymentItem filename="C:\Users\tj\Desktop\cs340project\cs340project\Server\bin\Debug\Server.dll" />
      <DeploymentItem filename="C:\Users\tj\Desktop\cs340project\cs340project\cs340project\bin\Debug\cs340project.exe" />
    </Deployment>
    <TestTypeSpecific />
  </TestRunConfiguration>
  <ResultSummary outcome="Failed">
    <Counters total="22" executed="21" error="0" failed="12" timeout="0" aborted="1" inconclusive="8" passedButRunAborted="0" notRunnable="0" notExecuted="1" disconnected="0" warning="0" passed="0" completed="0" inProgress="0" pending="0" />
  </ResultSummary>
  <Times creation="2010-01-24T19:38:43.1279638-07:00" queuing="2010-01-24T19:38:47.2105265-07:00" start="2010-01-24T19:38:47.4905308-07:00" finish="2010-01-24T19:39:44.6214209-07:00" />
  <TestDefinitions>
    <UnitTest name="MyNameTest" storage="c:\users\tj\desktop\cs340project\cs340project\unittesting\bin\debug\unittesting.dll" id="b1d759de-a9df-e98a-e0dc-ecc5cc22adcf">
      <Css projectStructure="" iteration="" />
      <Owners>
        <Owner name="" />
      </Owners>
      <Execution id="c456bd6b-aea5-42a1-a5ff-a1d46b1ed8d5" />
      <TestMethod codeBase="C:\Users\tj\Desktop\cs340project\cs340project\UnitTesting\bin\Debug\UnitTesting.dll" adapterTypeName="Microsoft.VisualStudio.TestTools.TestTypes.Unit.UnitTestAdapter, Microsoft.VisualStudio.QualityTools.Tips.UnitTest.Adapter, Version=9.0.0.0, Culture=neutral, PublicKeyToken=b03f5f7f11d50a3a" className="UnitTesting.PersonTest, UnitTesting" name="MyNameTest" />
    </UnitTest>
    <UnitTest name="ProxyConstructorTest" storage="c:\users\tj\desktop\cs340project\cs340project\unittesting\bin\debug\unittesting.dll" id="c7c5382e-9f9d-7db1-78d0-6da772ada96f">
      <Css projectStructure="" iteration="" />
      <Owners>
        <Owner name="" />
      </Owners>
      <TestMethod codeBase="C:\Users\tj\Desktop\cs340project\cs340project\UnitTesting\bin\Debug\UnitTesting.dll" adapterTypeName="Microsoft.VisualStudio.TestTools.TestTypes.Unit.UnitTestAdapter, Microsoft.VisualStudio.QualityTools.Tips.UnitTest.Adapter, Version=9.0.0.0, Culture=neutral, PublicKeyToken=b03f5f7f11d50a3a" className="UnitTesting.ProxyTest, UnitTesting" name="ProxyConstructorTest" />
    </UnitTest>
    <UnitTest name="GetAppTest" storage="c:\users\tj\desktop\cs340project\cs340project\unittesting\bin\debug\unittesting.dll" id="63b4d1a4-86a1-7201-e8be-a62b70a2e4a2">
      <Css projectStructure="" iteration="" />
      <Owners>
        <Owner name="" />
      </Owners>
      <Execution id="66e729e9-1b42-4d59-8c3e-03c924a51160" />
      <TestMethod codeBase="C:\Users\tj\Desktop\cs340project\cs340project\UnitTesting\bin\Debug\UnitTesting.dll" adapterTypeName="Microsoft.VisualStudio.TestTools.TestTypes.Unit.UnitTestAdapter, Microsoft.VisualStudio.QualityTools.Tips.UnitTest.Adapter, Version=9.0.0.0, Culture=neutral, PublicKeyToken=b03f5f7f11d50a3a" className="UnitTesting.AppTest, UnitTesting" name="GetAppTest" />
    </UnitTest>
    <UnitTest name="App_CommandConstructorTest" storage="c:\users\tj\desktop\cs340project\cs340project\unittesting\bin\debug\unittesting.dll" id="1849cd97-e971-9c37-12ab-060f8c40d010">
      <Css projectStructure="" iteration="" />
      <Owners>
        <Owner name="" />
      </Owners>
      <Execution id="fd951b18-3ed4-4faa-a613-e2a73a7eb57d" />
      <TestMethod codeBase="C:\Users\tj\Desktop\cs340project\cs340project\UnitTesting\bin\Debug\UnitTesting.dll" adapterTypeName="Microsoft.VisualStudio.TestTools.TestTypes.Unit.UnitTestAdapter, Microsoft.VisualStudio.QualityTools.Tips.UnitTest.Adapter, Version=9.0.0.0, Culture=neutral, PublicKeyToken=b03f5f7f11d50a3a" className="UnitTesting.App_CommandTest, UnitTesting" name="App_CommandConstructorTest" />
    </UnitTest>
    <UnitTest name="CreateProxyTest" storage="c:\users\tj\desktop\cs340project\cs340project\unittesting\bin\debug\unittesting.dll" id="3940fb75-397d-9756-9bd8-7b31d0c643a8">
      <Css projectStructure="" iteration="" />
      <Owners>
        <Owner name="" />
      </Owners>
      <DeploymentItems>
        <DeploymentItem filename="Server.dll" />
      </DeploymentItems>
      <Execution id="8d7e55f6-f061-4d3a-bc07-b47579bdf121" />
      <TestMethod codeBase="C:\Users\tj\Desktop\cs340project\cs340project\UnitTesting\bin\Debug\UnitTesting.dll" adapterTypeName="Microsoft.VisualStudio.TestTools.TestTypes.Unit.UnitTestAdapter, Microsoft.VisualStudio.QualityTools.Tips.UnitTest.Adapter, Version=9.0.0.0, Culture=neutral, PublicKeyToken=b03f5f7f11d50a3a" className="UnitTesting.ProxifierTest, UnitTesting" name="CreateProxyTest" />
    </UnitTest>
    <UnitTest name="PersonConstructorTest" storage="c:\users\tj\desktop\cs340project\cs340project\unittesting\bin\debug\unittesting.dll" id="5ca94332-198e-b22f-c346-e5e0098cf2af">
      <Css projectStructure="" iteration="" />
      <Owners>
        <Owner name="" />
      </Owners>
      <Execution id="4dfd3b2a-7413-48f3-8765-0d2893d03ca2" />
      <TestMethod codeBase="C:\Users\tj\Desktop\cs340project\cs340project\UnitTesting\bin\Debug\UnitTesting.dll" adapterTypeName="Microsoft.VisualStudio.TestTools.TestTypes.Unit.UnitTestAdapter, Microsoft.VisualStudio.QualityTools.Tips.UnitTest.Adapter, Version=9.0.0.0, Culture=neutral, PublicKeyToken=b03f5f7f11d50a3a" className="UnitTesting.PersonTest, UnitTesting" name="PersonConstructorTest" />
    </UnitTest>
    <UnitTest name="LastTest" storage="c:\users\tj\desktop\cs340project\cs340project\unittesting\bin\debug\unittesting.dll" id="f5ce004b-caac-531c-5c20-af683258bc14">
      <Css projectStructure="" iteration="" />
      <Owners>
        <Owner name="" />
      </Owners>
      <DeploymentItems>
        <DeploymentItem filename="cs340project.exe" />
      </DeploymentItems>
      <Execution id="412981b9-871d-4ff2-8a3d-3ee7afadf244" />
      <TestMethod codeBase="C:\Users\tj\Desktop\cs340project\cs340project\UnitTesting\bin\Debug\UnitTesting.dll" adapterTypeName="Microsoft.VisualStudio.TestTools.TestTypes.Unit.UnitTestAdapter, Microsoft.VisualStudio.QualityTools.Tips.UnitTest.Adapter, Version=9.0.0.0, Culture=neutral, PublicKeyToken=b03f5f7f11d50a3a" className="UnitTesting.PersonNameTest, UnitTesting" name="LastTest" />
    </UnitTest>
    <UnitTest name="AgeTest" storage="c:\users\tj\desktop\cs340project\cs340project\unittesting\bin\debug\unittesting.dll" id="a415cad6-bba8-153b-4b33-0a759bf19cce">
      <Css projectStructure="" iteration="" />
      <Owners>
        <Owner name="" />
      </Owners>
      <Execution id="4758aed3-7ca1-4c5e-94fd-b565f0aa6f56" />
      <TestMethod codeBase="C:\Users\tj\Desktop\cs340project\cs340project\UnitTesting\bin\Debug\UnitTesting.dll" adapterTypeName="Microsoft.VisualStudio.TestTools.TestTypes.Unit.UnitTestAdapter, Microsoft.VisualStudio.QualityTools.Tips.UnitTest.Adapter, Version=9.0.0.0, Culture=neutral, PublicKeyToken=b03f5f7f11d50a3a" className="UnitTesting.PersonTest, UnitTesting" name="AgeTest" />
    </UnitTest>
    <UnitTest name="InvokeAsyncTest" storage="c:\users\tj\desktop\cs340project\cs340project\unittesting\bin\debug\unittesting.dll" id="66d8be9f-7727-8ad8-0be2-1086ff8c6448">
      <Css projectStructure="" iteration="" />
      <Owners>
        <Owner name="" />
      </Owners>
      <Execution id="0978ca94-e1e4-43c3-aa1e-90781c0fb8e1" />
      <TestMethod codeBase="C:\Users\tj\Desktop\cs340project\cs340project\UnitTesting\bin\Debug\UnitTesting.dll" adapterTypeName="Microsoft.VisualStudio.TestTools.TestTypes.Unit.UnitTestAdapter, Microsoft.VisualStudio.QualityTools.Tips.UnitTest.Adapter, Version=9.0.0.0, Culture=neutral, PublicKeyToken=b03f5f7f11d50a3a" className="UnitTesting.ProxyTest, UnitTesting" name="InvokeAsyncTest" />
    </UnitTest>
    <UnitTest name="AppConstructorTest" storage="c:\users\tj\desktop\cs340project\cs340project\unittesting\bin\debug\unittesting.dll" id="730ecb85-abbd-4258-50fd-0bcc79608446">
      <Css projectStructure="" iteration="" />
      <Owners>
        <Owner name="" />
      </Owners>
      <DeploymentItems>
        <DeploymentItem filename="Server.dll" />
      </DeploymentItems>
      <Execution id="2bf6041d-4f01-4264-9e80-d952b66cef83" />
      <TestMethod codeBase="C:\Users\tj\Desktop\cs340project\cs340project\UnitTesting\bin\Debug\UnitTesting.dll" adapterTypeName="Microsoft.VisualStudio.TestTools.TestTypes.Unit.UnitTestAdapter, Microsoft.VisualStudio.QualityTools.Tips.UnitTest.Adapter, Version=9.0.0.0, Culture=neutral, PublicKeyToken=b03f5f7f11d50a3a" className="UnitTesting.AppTest, UnitTesting" name="AppConstructorTest" />
    </UnitTest>
    <UnitTest name="NickTest" storage="c:\users\tj\desktop\cs340project\cs340project\unittesting\bin\debug\unittesting.dll" id="f73e5cb3-6129-8dee-c994-fb86c5a820dc">
      <Css projectStructure="" iteration="" />
      <Owners>
        <Owner name="" />
      </Owners>
      <DeploymentItems>
        <DeploymentItem filename="cs340project.exe" />
      </DeploymentItems>
      <Execution id="8ba62dc8-6707-4f0e-a0b4-c29523a41341" />
      <TestMethod codeBase="C:\Users\tj\Desktop\cs340project\cs340project\UnitTesting\bin\Debug\UnitTesting.dll" adapterTypeName="Microsoft.VisualStudio.TestTools.TestTypes.Unit.UnitTestAdapter, Microsoft.VisualStudio.QualityTools.Tips.UnitTest.Adapter, Version=9.0.0.0, Culture=neutral, PublicKeyToken=b03f5f7f11d50a3a" className="UnitTesting.PersonNameTest, UnitTesting" name="NickTest" />
    </UnitTest>
    <UnitTest name="CreateProxyCodeTest" storage="c:\users\tj\desktop\cs340project\cs340project\unittesting\bin\debug\unittesting.dll" id="a6af233d-5c77-a196-0571-3e2f60ca6923">
      <Css projectStructure="" iteration="" />
      <Owners>
        <Owner name="" />
      </Owners>
      <DeploymentItems>
        <DeploymentItem filename="Server.dll" />
      </DeploymentItems>
      <Execution id="b225d020-a762-4f5b-8b54-17b41b51f941" />
      <TestMethod codeBase="C:\Users\tj\Desktop\cs340project\cs340project\UnitTesting\bin\Debug\UnitTesting.dll" adapterTypeName="Microsoft.VisualStudio.TestTools.TestTypes.Unit.UnitTestAdapter, Microsoft.VisualStudio.QualityTools.Tips.UnitTest.Adapter, Version=9.0.0.0, Culture=neutral, PublicKeyToken=b03f5f7f11d50a3a" className="UnitTesting.ProxifierTest, UnitTesting" name="CreateProxyCodeTest" />
    </UnitTest>
    <UnitTest name="App_ResponseConstructorTest" storage="c:\users\tj\desktop\cs340project\cs340project\unittesting\bin\debug\unittesting.dll" id="db858951-75a0-bed6-3fb2-2048ddbd5b39">
      <Css projectStructure="" iteration="" />
      <Owners>
        <Owner name="" />
      </Owners>
      <Execution id="dcc1b62a-8e6e-4159-ac97-0781918ee37f" />
      <TestMethod codeBase="C:\Users\tj\Desktop\cs340project\cs340project\UnitTesting\bin\Debug\UnitTesting.dll" adapterTypeName="Microsoft.VisualStudio.TestTools.TestTypes.Unit.UnitTestAdapter, Microsoft.VisualStudio.QualityTools.Tips.UnitTest.Adapter, Version=9.0.0.0, Culture=neutral, PublicKeyToken=b03f5f7f11d50a3a" className="UnitTesting.App_ResponseTest, UnitTesting" name="App_ResponseConstructorTest" />
    </UnitTest>
    <UnitTest name="Network_CommandReceivedTest" storage="c:\users\tj\desktop\cs340project\cs340project\unittesting\bin\debug\unittesting.dll" id="56fa609f-2f52-924c-529a-7c7aa1483dcc">
      <Css projectStructure="" iteration="" />
      <Owners>
        <Owner name="" />
      </Owners>
      <DeploymentItems>
        <DeploymentItem filename="Server.dll" />
      </DeploymentItems>
      <Execution id="05d453b1-c08b-4454-9544-97d17ef04c59" />
      <TestMethod codeBase="C:\Users\tj\Desktop\cs340project\cs340project\UnitTesting\bin\Debug\UnitTesting.dll" adapterTypeName="Microsoft.VisualStudio.TestTools.TestTypes.Unit.UnitTestAdapter, Microsoft.VisualStudio.QualityTools.Tips.UnitTest.Adapter, Version=9.0.0.0, Culture=neutral, PublicKeyToken=b03f5f7f11d50a3a" className="UnitTesting.AppTest, UnitTesting" name="Network_CommandReceivedTest" />
    </UnitTest>
    <UnitTest name="PersonNameConstructorTest" storage="c:\users\tj\desktop\cs340project\cs340project\unittesting\bin\debug\unittesting.dll" id="1db9521d-c38f-fadb-5107-75c30e0c9de5">
      <Css projectStructure="" iteration="" />
      <Owners>
        <Owner name="" />
      </Owners>
      <Execution id="9b759d80-b3db-464e-b1fb-01ba1b9bf635" />
      <TestMethod codeBase="C:\Users\tj\Desktop\cs340project\cs340project\UnitTesting\bin\Debug\UnitTesting.dll" adapterTypeName="Microsoft.VisualStudio.TestTools.TestTypes.Unit.UnitTestAdapter, Microsoft.VisualStudio.QualityTools.Tips.UnitTest.Adapter, Version=9.0.0.0, Culture=neutral, PublicKeyToken=b03f5f7f11d50a3a" className="UnitTesting.PersonNameTest, UnitTesting" name="PersonNameConstructorTest" />
    </UnitTest>
    <UnitTest name="RunCommandTest" storage="c:\users\tj\desktop\cs340project\cs340project\unittesting\bin\debug\unittesting.dll" id="8c9dbde8-6722-1318-bdac-a026ed4bb1fa">
      <Css projectStructure="" iteration="" />
      <Owners>
        <Owner name="" />
      </Owners>
      <Execution id="526770f2-d104-4ff5-bf23-7e24295dc041" />
      <TestMethod codeBase="C:\Users\tj\Desktop\cs340project\cs340project\UnitTesting\bin\Debug\UnitTesting.dll" adapterTypeName="Microsoft.VisualStudio.TestTools.TestTypes.Unit.UnitTestAdapter, Microsoft.VisualStudio.QualityTools.Tips.UnitTest.Adapter, Version=9.0.0.0, Culture=neutral, PublicKeyToken=b03f5f7f11d50a3a" className="UnitTesting.AppTest, UnitTesting" name="RunCommandTest" />
    </UnitTest>
    <UnitTest name="AddObjectTest" storage="c:\users\tj\desktop\cs340project\cs340project\unittesting\bin\debug\unittesting.dll" id="5c424612-2e07-4702-a1f6-55ea56af99cf">
      <Css projectStructure="" iteration="" />
      <Owners>
        <Owner name="" />
      </Owners>
      <Execution id="a0d6f1b5-7e19-4337-9ffb-e19d16efedd0" />
      <TestMethod codeBase="C:\Users\tj\Desktop\cs340project\cs340project\UnitTesting\bin\Debug\UnitTesting.dll" adapterTypeName="Microsoft.VisualStudio.TestTools.TestTypes.Unit.UnitTestAdapter, Microsoft.VisualStudio.QualityTools.Tips.UnitTest.Adapter, Version=9.0.0.0, Culture=neutral, PublicKeyToken=b03f5f7f11d50a3a" className="UnitTesting.AppTest, UnitTesting" name="AddObjectTest" />
    </UnitTest>
    <UnitTest name="GetProxyTest" storage="c:\users\tj\desktop\cs340project\cs340project\unittesting\bin\debug\unittesting.dll" id="683d7b11-8f37-6824-c67d-df8fe868b02f">
      <Css projectStructure="" iteration="" />
      <Owners>
        <Owner name="" />
      </Owners>
      <Execution id="c9c86463-9137-4cfe-94b1-d823f0627560" />
      <TestMethod codeBase="C:\Users\tj\Desktop\cs340project\cs340project\UnitTesting\bin\Debug\UnitTesting.dll" adapterTypeName="Microsoft.VisualStudio.TestTools.TestTypes.Unit.UnitTestAdapter, Microsoft.VisualStudio.QualityTools.Tips.UnitTest.Adapter, Version=9.0.0.0, Culture=neutral, PublicKeyToken=b03f5f7f11d50a3a" className="UnitTesting.ProxifierTest, UnitTesting" name="GetProxyTest" />
    </UnitTest>
    <UnitTest name="ProxifierConstructorTest" storage="c:\users\tj\desktop\cs340project\cs340project\unittesting\bin\debug\unittesting.dll" id="627c4da3-dea1-3689-40a2-0bf0428012b1">
      <Css projectStructure="" iteration="" />
      <Owners>
        <Owner name="" />
      </Owners>
      <Execution id="0bbe85e2-7d65-4b7a-bc60-9cfd1bf66dd3" />
      <TestMethod codeBase="C:\Users\tj\Desktop\cs340project\cs340project\UnitTesting\bin\Debug\UnitTesting.dll" adapterTypeName="Microsoft.VisualStudio.TestTools.TestTypes.Unit.UnitTestAdapter, Microsoft.VisualStudio.QualityTools.Tips.UnitTest.Adapter, Version=9.0.0.0, Culture=neutral, PublicKeyToken=b03f5f7f11d50a3a" className="UnitTesting.ProxifierTest, UnitTesting" name="ProxifierConstructorTest" />
    </UnitTest>
    <UnitTest name="InvokeTest" storage="c:\users\tj\desktop\cs340project\cs340project\unittesting\bin\debug\unittesting.dll" id="e6771e7a-94a8-1d80-9bdf-2abc3a024bab">
      <Css projectStructure="" iteration="" />
      <Owners>
        <Owner name="" />
      </Owners>
      <Execution id="22081141-b4e9-4e9a-b1c3-450aa1144989" />
      <TestMethod codeBase="C:\Users\tj\Desktop\cs340project\cs340project\UnitTesting\bin\Debug\UnitTesting.dll" adapterTypeName="Microsoft.VisualStudio.TestTools.TestTypes.Unit.UnitTestAdapter, Microsoft.VisualStudio.QualityTools.Tips.UnitTest.Adapter, Version=9.0.0.0, Culture=neutral, PublicKeyToken=b03f5f7f11d50a3a" className="UnitTesting.ProxyTest, UnitTesting" name="InvokeTest" />
    </UnitTest>
    <UnitTest name="FirstTest" storage="c:\users\tj\desktop\cs340project\cs340project\unittesting\bin\debug\unittesting.dll" id="21066473-71a8-cfe2-d286-052ffd2fff86">
      <Css projectStructure="" iteration="" />
      <Owners>
        <Owner name="" />
      </Owners>
      <DeploymentItems>
        <DeploymentItem filename="cs340project.exe" />
      </DeploymentItems>
      <Execution id="a45b25d6-4f16-4b88-aed2-4e47eac386e8" />
      <TestMethod codeBase="C:\Users\tj\Desktop\cs340project\cs340project\UnitTesting\bin\Debug\UnitTesting.dll" adapterTypeName="Microsoft.VisualStudio.TestTools.TestTypes.Unit.UnitTestAdapter, Microsoft.VisualStudio.QualityTools.Tips.UnitTest.Adapter, Version=9.0.0.0, Culture=neutral, PublicKeyToken=b03f5f7f11d50a3a" className="UnitTesting.PersonNameTest, UnitTesting" name="FirstTest" />
    </UnitTest>
    <UnitTest name="Network_ResponseReceivedTest" storage="c:\users\tj\desktop\cs340project\cs340project\unittesting\bin\debug\unittesting.dll" id="eb34f4df-4372-47da-cae9-856d79d02100">
      <Css projectStructure="" iteration="" />
      <Owners>
        <Owner name="" />
      </Owners>
      <DeploymentItems>
        <DeploymentItem filename="Server.dll" />
      </DeploymentItems>
      <Execution id="91f0f2fb-8878-451a-b038-a981fd387cbd" />
      <TestMethod codeBase="C:\Users\tj\Desktop\cs340project\cs340project\UnitTesting\bin\Debug\UnitTesting.dll" adapterTypeName="Microsoft.VisualStudio.TestTools.TestTypes.Unit.UnitTestAdapter, Microsoft.VisualStudio.QualityTools.Tips.UnitTest.Adapter, Version=9.0.0.0, Culture=neutral, PublicKeyToken=b03f5f7f11d50a3a" className="UnitTesting.ProxyTest, UnitTesting" name="Network_ResponseReceivedTest" />
    </UnitTest>
  </TestDefinitions>
  <TestLists>
    <TestList name="Results Not in a List" id="8c84fa94-04c1-424b-9868-57a2d4851a1d" />
    <TestList name="All Loaded Results" id="19431567-8539-422a-85d7-44ee4e166bda" />
  </TestLists>
  <TestEntries>
    <TestEntry testId="1849cd97-e971-9c37-12ab-060f8c40d010" executionId="fd951b18-3ed4-4faa-a613-e2a73a7eb57d" testListId="8c84fa94-04c1-424b-9868-57a2d4851a1d" />
    <TestEntry testId="db858951-75a0-bed6-3fb2-2048ddbd5b39" executionId="dcc1b62a-8e6e-4159-ac97-0781918ee37f" testListId="8c84fa94-04c1-424b-9868-57a2d4851a1d" />
    <TestEntry testId="8c9dbde8-6722-1318-bdac-a026ed4bb1fa" executionId="526770f2-d104-4ff5-bf23-7e24295dc041" testListId="8c84fa94-04c1-424b-9868-57a2d4851a1d" />
    <TestEntry testId="56fa609f-2f52-924c-529a-7c7aa1483dcc" executionId="05d453b1-c08b-4454-9544-97d17ef04c59" testListId="8c84fa94-04c1-424b-9868-57a2d4851a1d" />
    <TestEntry testId="63b4d1a4-86a1-7201-e8be-a62b70a2e4a2" executionId="66e729e9-1b42-4d59-8c3e-03c924a51160" testListId="8c84fa94-04c1-424b-9868-57a2d4851a1d" />
    <TestEntry testId="5c424612-2e07-4702-a1f6-55ea56af99cf" executionId="a0d6f1b5-7e19-4337-9ffb-e19d16efedd0" testListId="8c84fa94-04c1-424b-9868-57a2d4851a1d" />
    <TestEntry testId="730ecb85-abbd-4258-50fd-0bcc79608446" executionId="2bf6041d-4f01-4264-9e80-d952b66cef83" testListId="8c84fa94-04c1-424b-9868-57a2d4851a1d" />
    <TestEntry testId="f73e5cb3-6129-8dee-c994-fb86c5a820dc" executionId="8ba62dc8-6707-4f0e-a0b4-c29523a41341" testListId="8c84fa94-04c1-424b-9868-57a2d4851a1d" />
    <TestEntry testId="f5ce004b-caac-531c-5c20-af683258bc14" executionId="412981b9-871d-4ff2-8a3d-3ee7afadf244" testListId="8c84fa94-04c1-424b-9868-57a2d4851a1d" />
    <TestEntry testId="21066473-71a8-cfe2-d286-052ffd2fff86" executionId="a45b25d6-4f16-4b88-aed2-4e47eac386e8" testListId="8c84fa94-04c1-424b-9868-57a2d4851a1d" />
    <TestEntry testId="1db9521d-c38f-fadb-5107-75c30e0c9de5" executionId="9b759d80-b3db-464e-b1fb-01ba1b9bf635" testListId="8c84fa94-04c1-424b-9868-57a2d4851a1d" />
    <TestEntry testId="b1d759de-a9df-e98a-e0dc-ecc5cc22adcf" executionId="c456bd6b-aea5-42a1-a5ff-a1d46b1ed8d5" testListId="8c84fa94-04c1-424b-9868-57a2d4851a1d" />
    <TestEntry testId="a415cad6-bba8-153b-4b33-0a759bf19cce" executionId="4758aed3-7ca1-4c5e-94fd-b565f0aa6f56" testListId="8c84fa94-04c1-424b-9868-57a2d4851a1d" />
    <TestEntry testId="5ca94332-198e-b22f-c346-e5e0098cf2af" executionId="4dfd3b2a-7413-48f3-8765-0d2893d03ca2" testListId="8c84fa94-04c1-424b-9868-57a2d4851a1d" />
    <TestEntry testId="683d7b11-8f37-6824-c67d-df8fe868b02f" executionId="c9c86463-9137-4cfe-94b1-d823f0627560" testListId="8c84fa94-04c1-424b-9868-57a2d4851a1d" />
    <TestEntry testId="a6af233d-5c77-a196-0571-3e2f60ca6923" executionId="b225d020-a762-4f5b-8b54-17b41b51f941" testListId="8c84fa94-04c1-424b-9868-57a2d4851a1d" />
    <TestEntry testId="3940fb75-397d-9756-9bd8-7b31d0c643a8" executionId="8d7e55f6-f061-4d3a-bc07-b47579bdf121" testListId="8c84fa94-04c1-424b-9868-57a2d4851a1d" />
    <TestEntry testId="627c4da3-dea1-3689-40a2-0bf0428012b1" executionId="0bbe85e2-7d65-4b7a-bc60-9cfd1bf66dd3" testListId="8c84fa94-04c1-424b-9868-57a2d4851a1d" />
    <TestEntry testId="eb34f4df-4372-47da-cae9-856d79d02100" executionId="91f0f2fb-8878-451a-b038-a981fd387cbd" testListId="8c84fa94-04c1-424b-9868-57a2d4851a1d" />
    <TestEntry testId="66d8be9f-7727-8ad8-0be2-1086ff8c6448" executionId="0978ca94-e1e4-43c3-aa1e-90781c0fb8e1" testListId="8c84fa94-04c1-424b-9868-57a2d4851a1d" />
    <TestEntry testId="e6771e7a-94a8-1d80-9bdf-2abc3a024bab" executionId="22081141-b4e9-4e9a-b1c3-450aa1144989" testListId="8c84fa94-04c1-424b-9868-57a2d4851a1d" />
    <TestEntry testId="c7c5382e-9f9d-7db1-78d0-6da772ada96f" executionId="80ae86a7-3e44-422b-a2f7-b634e7ff83af" testListId="8c84fa94-04c1-424b-9868-57a2d4851a1d" />
  </TestEntries>
  <Results>
    <UnitTestResult executionId="fd951b18-3ed4-4faa-a613-e2a73a7eb57d" testId="1849cd97-e971-9c37-12ab-060f8c40d010" testName="App_CommandConstructorTest" computerName="XPSHIZZLE" duration="00:00:00.0884207" startTime="2010-01-24T19:38:47.6030325-07:00" endTime="2010-01-24T19:38:48.0580395-07:00" testType="13cdc9d9-ddb5-4fa4-a97d-d965ccfc6d4b" outcome="Inconclusive" testListId="8c84fa94-04c1-424b-9868-57a2d4851a1d">
      <Output>
        <ErrorInfo>
          <Message>Assert.Inconclusive failed. TODO: Implement code to verify target</Message>
          <StackTrace>   at UnitTesting.App_CommandTest.App_CommandConstructorTest() in C:\Users\tj\Desktop\cs340project\cs340project\UnitTesting\App_CommandTest.cs:line 77
</StackTrace>
        </ErrorInfo>
      </Output>
    </UnitTestResult>
    <UnitTestResult executionId="dcc1b62a-8e6e-4159-ac97-0781918ee37f" testId="db858951-75a0-bed6-3fb2-2048ddbd5b39" testName="App_ResponseConstructorTest" computerName="XPSHIZZLE" duration="00:00:00.0125673" startTime="2010-01-24T19:38:48.0805399-07:00" endTime="2010-01-24T19:38:48.0980402-07:00" testType="13cdc9d9-ddb5-4fa4-a97d-d965ccfc6d4b" outcome="Inconclusive" testListId="8c84fa94-04c1-424b-9868-57a2d4851a1d">
      <Output>
        <ErrorInfo>
          <Message>Assert.Inconclusive failed. TODO: Implement code to verify target</Message>
          <StackTrace>   at UnitTesting.App_ResponseTest.App_ResponseConstructorTest() in C:\Users\tj\Desktop\cs340project\cs340project\UnitTesting\App_ResponseTest.cs:line 74
</StackTrace>
        </ErrorInfo>
      </Output>
    </UnitTestResult>
    <UnitTestResult executionId="526770f2-d104-4ff5-bf23-7e24295dc041" testId="8c9dbde8-6722-1318-bdac-a026ed4bb1fa" testName="RunCommandTest" computerName="XPSHIZZLE" duration="00:00:00.0766725" startTime="2010-01-24T19:38:48.1105403-07:00" endTime="2010-01-24T19:38:48.1930416-07:00" testType="13cdc9d9-ddb5-4fa4-a97d-d965ccfc6d4b" outcome="Failed" testListId="8c84fa94-04c1-424b-9868-57a2d4851a1d">
      <Output>
        <ErrorInfo>
          <Message>Test method UnitTesting.AppTest.RunCommandTest threw exception:  System.NullReferenceException: Object reference not set to an instance of an object..</Message>
          <StackTrace>   at cs340project.App_Accessor.RunCommand(Command cmd)
   at UnitTesting.AppTest.RunCommandTest() in C:\Users\tj\Desktop\cs340project\cs340project\UnitTesting\AppTest.cs:line 78
</StackTrace>
        </ErrorInfo>
      </Output>
    </UnitTestResult>
    <UnitTestResult executionId="05d453b1-c08b-4454-9544-97d17ef04c59" testId="56fa609f-2f52-924c-529a-7c7aa1483dcc" testName="Network_CommandReceivedTest" computerName="XPSHIZZLE" duration="00:00:00.0207748" startTime="2010-01-24T19:38:48.2030418-07:00" endTime="2010-01-24T19:38:48.2280421-07:00" testType="13cdc9d9-ddb5-4fa4-a97d-d965ccfc6d4b" outcome="Failed" testListId="8c84fa94-04c1-424b-9868-57a2d4851a1d">
      <Output>
        <ErrorInfo>
          <Message>Test method UnitTesting.AppTest.Network_CommandReceivedTest threw exception:  System.NullReferenceException: Object reference not set to an instance of an object..</Message>
          <StackTrace>   at cs340project.App_Accessor.Network_CommandReceived(TcpClient client, Command cmd)
   at UnitTesting.AppTest.Network_CommandReceivedTest() in C:\Users\tj\Desktop\cs340project\cs340project\UnitTesting\AppTest.cs:line 94
</StackTrace>
        </ErrorInfo>
      </Output>
    </UnitTestResult>
    <UnitTestResult executionId="66e729e9-1b42-4d59-8c3e-03c924a51160" testId="63b4d1a4-86a1-7201-e8be-a62b70a2e4a2" testName="GetAppTest" computerName="XPSHIZZLE" duration="00:00:00.0184021" startTime="2010-01-24T19:38:48.2405423-07:00" endTime="2010-01-24T19:38:48.2630427-07:00" testType="13cdc9d9-ddb5-4fa4-a97d-d965ccfc6d4b" outcome="Failed" testListId="8c84fa94-04c1-424b-9868-57a2d4851a1d">
      <Output>
        <ErrorInfo>
          <Message>Assert.AreEqual failed. Expected:&lt;(null)&gt;. Actual:&lt;cs340project.App&gt;. </Message>
          <StackTrace>   at UnitTesting.AppTest.GetAppTest() in C:\Users\tj\Desktop\cs340project\cs340project\UnitTesting\AppTest.cs:line 108
</StackTrace>
        </ErrorInfo>
      </Output>
    </UnitTestResult>
    <UnitTestResult executionId="a0d6f1b5-7e19-4337-9ffb-e19d16efedd0" testId="5c424612-2e07-4702-a1f6-55ea56af99cf" testName="AddObjectTest" computerName="XPSHIZZLE" duration="00:00:00.0133988" startTime="2010-01-24T19:38:48.2730428-07:00" endTime="2010-01-24T19:38:48.2905431-07:00" testType="13cdc9d9-ddb5-4fa4-a97d-d965ccfc6d4b" outcome="Failed" testListId="8c84fa94-04c1-424b-9868-57a2d4851a1d">
      <Output>
        <ErrorInfo>
          <Message>Test method UnitTesting.AppTest.AddObjectTest threw exception:  System.NullReferenceException: Object reference not set to an instance of an object..</Message>
          <StackTrace>   at cs340project.App_Accessor.AddObject(Object o)
   at UnitTesting.AppTest.AddObjectTest() in C:\Users\tj\Desktop\cs340project\cs340project\UnitTesting\AppTest.cs:line 121
</StackTrace>
        </ErrorInfo>
      </Output>
    </UnitTestResult>
    <UnitTestResult executionId="2bf6041d-4f01-4264-9e80-d952b66cef83" testId="730ecb85-abbd-4258-50fd-0bcc79608446" testName="AppConstructorTest" computerName="XPSHIZZLE" duration="00:00:00.0137978" startTime="2010-01-24T19:38:48.3005433-07:00" endTime="2010-01-24T19:38:48.3180435-07:00" testType="13cdc9d9-ddb5-4fa4-a97d-d965ccfc6d4b" outcome="Inconclusive" testListId="8c84fa94-04c1-424b-9868-57a2d4851a1d">
      <Output>
        <ErrorInfo>
          <Message>Assert.Inconclusive failed. TODO: Implement code to verify target</Message>
          <StackTrace>   at UnitTesting.AppTest.AppConstructorTest() in C:\Users\tj\Desktop\cs340project\cs340project\UnitTesting\AppTest.cs:line 134
</StackTrace>
        </ErrorInfo>
      </Output>
    </UnitTestResult>
    <UnitTestResult executionId="8ba62dc8-6707-4f0e-a0b4-c29523a41341" testId="f73e5cb3-6129-8dee-c994-fb86c5a820dc" testName="NickTest" computerName="XPSHIZZLE" duration="00:00:00.0982254" startTime="2010-01-24T19:38:48.3280437-07:00" endTime="2010-01-24T19:38:48.4305453-07:00" testType="13cdc9d9-ddb5-4fa4-a97d-d965ccfc6d4b" outcome="Failed" testListId="8c84fa94-04c1-424b-9868-57a2d4851a1d">
      <Output>
        <ErrorInfo>
          <Message>Test method UnitTesting.PersonNameTest.NickTest threw exception:  System.NullReferenceException: Object reference not set to an instance of an object..</Message>
          <StackTrace>   at cs340project.PersonName_Accessor.set_Nick(String value)
   at UnitTesting.PersonNameTest.NickTest() in C:\Users\tj\Desktop\cs340project\cs340project\UnitTesting\PersonNameTest.cs:line 76
</StackTrace>
        </ErrorInfo>
      </Output>
    </UnitTestResult>
    <UnitTestResult executionId="412981b9-871d-4ff2-8a3d-3ee7afadf244" testId="f5ce004b-caac-531c-5c20-af683258bc14" testName="LastTest" computerName="XPSHIZZLE" duration="00:00:00.0132193" startTime="2010-01-24T19:38:48.4405454-07:00" endTime="2010-01-24T19:38:48.4605457-07:00" testType="13cdc9d9-ddb5-4fa4-a97d-d965ccfc6d4b" outcome="Failed" testListId="8c84fa94-04c1-424b-9868-57a2d4851a1d">
      <Output>
        <ErrorInfo>
          <Message>Test method UnitTesting.PersonNameTest.LastTest threw exception:  System.NullReferenceException: Object reference not set to an instance of an object..</Message>
          <StackTrace>   at cs340project.PersonName_Accessor.set_Last(String value)
   at UnitTesting.PersonNameTest.LastTest() in C:\Users\tj\Desktop\cs340project\cs340project\UnitTesting\PersonNameTest.cs:line 93
</StackTrace>
        </ErrorInfo>
      </Output>
    </UnitTestResult>
    <UnitTestResult executionId="a45b25d6-4f16-4b88-aed2-4e47eac386e8" testId="21066473-71a8-cfe2-d286-052ffd2fff86" testName="FirstTest" computerName="XPSHIZZLE" duration="00:00:00.0129170" startTime="2010-01-24T19:38:48.4705459-07:00" endTime="2010-01-24T19:38:48.4880461-07:00" testType="13cdc9d9-ddb5-4fa4-a97d-d965ccfc6d4b" outcome="Failed" testListId="8c84fa94-04c1-424b-9868-57a2d4851a1d">
      <Output>
        <ErrorInfo>
          <Message>Test method UnitTesting.PersonNameTest.FirstTest threw exception:  System.NullReferenceException: Object reference not set to an instance of an object..</Message>
          <StackTrace>   at cs340project.PersonName_Accessor.set_First(String value)
   at UnitTesting.PersonNameTest.FirstTest() in C:\Users\tj\Desktop\cs340project\cs340project\UnitTesting\PersonNameTest.cs:line 110
</StackTrace>
        </ErrorInfo>
      </Output>
    </UnitTestResult>
    <UnitTestResult executionId="9b759d80-b3db-464e-b1fb-01ba1b9bf635" testId="1db9521d-c38f-fadb-5107-75c30e0c9de5" testName="PersonNameConstructorTest" computerName="XPSHIZZLE" duration="00:00:00.0152315" startTime="2010-01-24T19:38:48.5055464-07:00" endTime="2010-01-24T19:38:48.5255467-07:00" testType="13cdc9d9-ddb5-4fa4-a97d-d965ccfc6d4b" outcome="Inconclusive" testListId="8c84fa94-04c1-424b-9868-57a2d4851a1d">
      <Output>
        <ErrorInfo>
          <Message>Assert.Inconclusive failed. TODO: Implement code to verify target</Message>
          <StackTrace>   at UnitTesting.PersonNameTest.PersonNameConstructorTest() in C:\Users\tj\Desktop\cs340project\cs340project\UnitTesting\PersonNameTest.cs:line 126
</StackTrace>
        </ErrorInfo>
      </Output>
    </UnitTestResult>
    <UnitTestResult executionId="c456bd6b-aea5-42a1-a5ff-a1d46b1ed8d5" testId="b1d759de-a9df-e98a-e0dc-ecc5cc22adcf" testName="MyNameTest" computerName="XPSHIZZLE" duration="00:00:00.0153736" startTime="2010-01-24T19:38:48.5330468-07:00" endTime="2010-01-24T19:38:48.5530471-07:00" testType="13cdc9d9-ddb5-4fa4-a97d-d965ccfc6d4b" outcome="Inconclusive" testListId="8c84fa94-04c1-424b-9868-57a2d4851a1d">
      <Output>
        <ErrorInfo>
          <Message>Assert.Inconclusive failed. Verify the correctness of this test method.</Message>
          <StackTrace>   at UnitTesting.PersonTest.MyNameTest() in C:\Users\tj\Desktop\cs340project\cs340project\UnitTesting\PersonTest.cs:line 77
</StackTrace>
        </ErrorInfo>
      </Output>
    </UnitTestResult>
    <UnitTestResult executionId="4758aed3-7ca1-4c5e-94fd-b565f0aa6f56" testId="a415cad6-bba8-153b-4b33-0a759bf19cce" testName="AgeTest" computerName="XPSHIZZLE" duration="00:00:00.0132832" startTime="2010-01-24T19:38:48.5605473-07:00" endTime="2010-01-24T19:38:48.5805476-07:00" testType="13cdc9d9-ddb5-4fa4-a97d-d965ccfc6d4b" outcome="Inconclusive" testListId="8c84fa94-04c1-424b-9868-57a2d4851a1d">
      <Output>
        <ErrorInfo>
          <Message>Assert.Inconclusive failed. Verify the correctness of this test method.</Message>
          <StackTrace>   at UnitTesting.PersonTest.AgeTest() in C:\Users\tj\Desktop\cs340project\cs340project\UnitTesting\PersonTest.cs:line 92
</StackTrace>
        </ErrorInfo>
      </Output>
    </UnitTestResult>
    <UnitTestResult executionId="4dfd3b2a-7413-48f3-8765-0d2893d03ca2" testId="5ca94332-198e-b22f-c346-e5e0098cf2af" testName="PersonConstructorTest" computerName="XPSHIZZLE" duration="00:00:00.0118088" startTime="2010-01-24T19:38:48.5880477-07:00" endTime="2010-01-24T19:38:48.6055479-07:00" testType="13cdc9d9-ddb5-4fa4-a97d-d965ccfc6d4b" outcome="Inconclusive" testListId="8c84fa94-04c1-424b-9868-57a2d4851a1d">
      <Output>
        <ErrorInfo>
          <Message>Assert.Inconclusive failed. TODO: Implement code to verify target</Message>
          <StackTrace>   at UnitTesting.PersonTest.PersonConstructorTest() in C:\Users\tj\Desktop\cs340project\cs340project\UnitTesting\PersonTest.cs:line 102
</StackTrace>
        </ErrorInfo>
      </Output>
    </UnitTestResult>
    <UnitTestResult executionId="c9c86463-9137-4cfe-94b1-d823f0627560" testId="683d7b11-8f37-6824-c67d-df8fe868b02f" testName="GetProxyTest" computerName="XPSHIZZLE" duration="00:00:00.6451055" startTime="2010-01-24T19:38:48.6130481-07:00" endTime="2010-01-24T19:38:49.2630580-07:00" testType="13cdc9d9-ddb5-4fa4-a97d-d965ccfc6d4b" outcome="Failed" testListId="8c84fa94-04c1-424b-9868-57a2d4851a1d">
      <Output>
        <DebugTrace>using System;
namespace Microsoft.VisualStudio.TestTools.UnitTesting
{
	class GenericParameterHelperProxy : Microsoft.VisualStudio.TestTools.UnitTesting.GenericParameterHelper
	{
		Proxy proxy = null;
		public GenericParameterHelperProxy(string server, int port, int id)
		{
			proxy = new Proxy(server, port, id);
		}
		public override System.Boolean Equals(System.Object obj)
		{
			return (System.Boolean)this.proxy.Invoke("Equals", obj);
		}
		public override System.Int32 GetHashCode()
		{
			return (System.Int32)this.proxy.Invoke("GetHashCode");
		}
		public override System.Int32 CompareTo(System.Object obj)
		{
			return (System.Int32)this.proxy.Invoke("CompareTo", obj);
		}
		public override System.Collections.IEnumerator GetEnumerator()
		{
			return (System.Collections.IEnumerator)this.proxy.Invoke("GetEnumerator");
		}
		public override System.Object Clone()
		{
			return (System.Object)this.proxy.Invoke("Clone");
		}
		public override System.String ToString()
		{
			return (System.String)this.proxy.Invoke("ToString");
		}
	}
}

</DebugTrace>
        <ErrorInfo>
          <Message>Test method UnitTesting.ProxifierTest.GetProxyTest threw exception:  System.IO.FileNotFoundException: Could not load file or assembly 'file:///C:\Users\tj\AppData\Local\Temp\2coyfer2.dll' or one of its dependencies. The system cannot find the file specified.=== Pre-bind state information ===
LOG: User = XPSHIZZLE\tj
LOG: Where-ref bind. Location = C:\Users\tj\AppData\Local\Temp\2coyfer2.dll
LOG: Appbase = file:///C:/Program Files/Microsoft Visual Studio 9.0/Common7/IDE/
LOG: Initial PrivatePath = PublicAssemblies;PrivateAssemblies
Calling assembly : (Unknown).
===
LOG: This bind starts in LoadFrom load context.
WRN: Native image will not be probed in LoadFrom context. Native image will only be probed in default load context, like with Assembly.Load().
LOG: Using application configuration file: C:\Program Files\Microsoft Visual Studio 9.0\Common7\IDE\vstesthost.exe.Config
LOG: Using machine configuration file from C:\Windows\Microsoft.NET\Framework\v2.0.50727\config\machine.config.
LOG: Attempting download of new URL file:///C:/Users/tj/AppData/Local/Temp/2coyfer2.dll.
.</Message>
          <StackTrace>    at System.Reflection.Assembly._nLoad(AssemblyName fileName, String codeBase, Evidence assemblySecurity, Assembly locationHint, StackCrawlMark&amp; stackMark, Boolean throwOnFileNotFound, Boolean forIntrospection)
   at System.Reflection.Assembly.nLoad(AssemblyName fileName, String codeBase, Evidence assemblySecurity, Assembly locationHint, StackCrawlMark&amp; stackMark, Boolean throwOnFileNotFound, Boolean forIntrospection)
   at System.Reflection.Assembly.InternalLoad(AssemblyName assemblyRef, Evidence assemblySecurity, StackCrawlMark&amp; stackMark, Boolean forIntrospection)
   at System.Reflection.Assembly.Load(AssemblyName assemblyRef, Evidence assemblySecurity)
   at System.CodeDom.Compiler.CompilerResults.get_CompiledAssembly()
   at cs340project.Proxifier.CreateProxy(Type original) in C:\Users\tj\Desktop\cs340project\cs340project\Server\Proxifier.cs:line 134
   at cs340project.Proxifier.GetProxy[T](String server, Int32 port, Int32 id) in C:\Users\tj\Desktop\cs340project\cs340project\Server\Proxifier.cs:line 110
   at UnitTesting.ProxifierTest.GetProxyTestHelper[T]() in C:\Users\tj\Desktop\cs340project\cs340project\UnitTesting\ProxifierTest.cs:line 77
   at UnitTesting.ProxifierTest.GetProxyTest() in C:\Users\tj\Desktop\cs340project\cs340project\UnitTesting\ProxifierTest.cs:line 85
</StackTrace>
        </ErrorInfo>
      </Output>
    </UnitTestResult>
    <UnitTestResult executionId="b225d020-a762-4f5b-8b54-17b41b51f941" testId="a6af233d-5c77-a196-0571-3e2f60ca6923" testName="CreateProxyCodeTest" computerName="XPSHIZZLE" duration="00:00:00.0331953" startTime="2010-01-24T19:38:49.2730582-07:00" endTime="2010-01-24T19:38:49.3105588-07:00" testType="13cdc9d9-ddb5-4fa4-a97d-d965ccfc6d4b" outcome="Failed" testListId="8c84fa94-04c1-424b-9868-57a2d4851a1d">
      <Output>
        <ErrorInfo>
          <Message>Test method UnitTesting.ProxifierTest.CreateProxyCodeTest threw exception:  System.NullReferenceException: Object reference not set to an instance of an object..</Message>
          <StackTrace>    at cs340project.Proxifier.CreateProxyCode(Type original) in C:\Users\tj\Desktop\cs340project\cs340project\Server\Proxifier.cs:line 151
   at cs340project.Proxifier_Accessor.CreateProxyCode(Type original)
   at UnitTesting.ProxifierTest.CreateProxyCodeTest() in C:\Users\tj\Desktop\cs340project\cs340project\UnitTesting\ProxifierTest.cs:line 98
</StackTrace>
        </ErrorInfo>
      </Output>
    </UnitTestResult>
    <UnitTestResult executionId="8d7e55f6-f061-4d3a-bc07-b47579bdf121" testId="3940fb75-397d-9756-9bd8-7b31d0c643a8" testName="CreateProxyTest" computerName="XPSHIZZLE" duration="00:00:00.0318986" startTime="2010-01-24T19:38:49.3205589-07:00" endTime="2010-01-24T19:38:49.3580595-07:00" testType="13cdc9d9-ddb5-4fa4-a97d-d965ccfc6d4b" outcome="Failed" testListId="8c84fa94-04c1-424b-9868-57a2d4851a1d">
      <Output>
        <ErrorInfo>
          <Message>Test method UnitTesting.ProxifierTest.CreateProxyTest threw exception:  System.ArgumentNullException: Value cannot be null.
Parameter name: key.</Message>
          <StackTrace>    at System.ThrowHelper.ThrowArgumentNullException(ExceptionArgument argument)
   at System.Collections.Generic.Dictionary`2.FindEntry(TKey key)
   at System.Collections.Generic.Dictionary`2.TryGetValue(TKey key, TValue&amp; value)
   at cs340project.Proxifier.CreateProxy(Type original) in C:\Users\tj\Desktop\cs340project\cs340project\Server\Proxifier.cs:line 123
   at cs340project.Proxifier_Accessor.CreateProxy(Type original)
   at UnitTesting.ProxifierTest.CreateProxyTest() in C:\Users\tj\Desktop\cs340project\cs340project\UnitTesting\ProxifierTest.cs:line 113
</StackTrace>
        </ErrorInfo>
      </Output>
    </UnitTestResult>
    <UnitTestResult executionId="0bbe85e2-7d65-4b7a-bc60-9cfd1bf66dd3" testId="627c4da3-dea1-3689-40a2-0bf0428012b1" testName="ProxifierConstructorTest" computerName="XPSHIZZLE" duration="00:00:00.0130155" startTime="2010-01-24T19:38:49.3680597-07:00" endTime="2010-01-24T19:38:49.3855599-07:00" testType="13cdc9d9-ddb5-4fa4-a97d-d965ccfc6d4b" outcome="Inconclusive" testListId="8c84fa94-04c1-424b-9868-57a2d4851a1d">
      <Output>
        <ErrorInfo>
          <Message>Assert.Inconclusive failed. TODO: Implement code to verify target</Message>
          <StackTrace>   at UnitTesting.ProxifierTest.ProxifierConstructorTest() in C:\Users\tj\Desktop\cs340project\cs340project\UnitTesting\ProxifierTest.cs:line 125
</StackTrace>
        </ErrorInfo>
      </Output>
    </UnitTestResult>
    <UnitTestResult executionId="91f0f2fb-8878-451a-b038-a981fd387cbd" testId="eb34f4df-4372-47da-cae9-856d79d02100" testName="Network_ResponseReceivedTest" computerName="XPSHIZZLE" duration="00:00:00.0138124" startTime="2010-01-24T19:38:49.3930600-07:00" endTime="2010-01-24T19:38:49.4130604-07:00" testType="13cdc9d9-ddb5-4fa4-a97d-d965ccfc6d4b" outcome="Failed" testListId="8c84fa94-04c1-424b-9868-57a2d4851a1d">
      <Output>
        <ErrorInfo>
          <Message>Test method UnitTesting.ProxyTest.Network_ResponseReceivedTest threw exception:  System.NullReferenceException: Object reference not set to an instance of an object..</Message>
          <StackTrace>   at cs340project.Proxy_Accessor.Network_ResponseReceived(TcpClient client, Response cmd)
   at UnitTesting.ProxyTest.Network_ResponseReceivedTest() in C:\Users\tj\Desktop\cs340project\cs340project\UnitTesting\ProxyTest.cs:line 78
</StackTrace>
        </ErrorInfo>
      </Output>
    </UnitTestResult>
    <UnitTestResult executionId="0978ca94-e1e4-43c3-aa1e-90781c0fb8e1" testId="66d8be9f-7727-8ad8-0be2-1086ff8c6448" testName="InvokeAsyncTest" computerName="XPSHIZZLE" duration="00:00:00.1007957" startTime="2010-01-24T19:38:49.4205605-07:00" endTime="2010-01-24T19:38:49.5280621-07:00" testType="13cdc9d9-ddb5-4fa4-a97d-d965ccfc6d4b" outcome="Failed" testListId="8c84fa94-04c1-424b-9868-57a2d4851a1d">
      <Output>
        <ErrorInfo>
          <Message>Assert.AreEqual failed. Expected:&lt;(null)&gt;. Actual:&lt;cs340project.App+Command&gt;. </Message>
          <StackTrace>   at UnitTesting.ProxyTest.InvokeAsyncTest() in C:\Users\tj\Desktop\cs340project\cs340project\UnitTesting\ProxyTest.cs:line 97
</StackTrace>
        </ErrorInfo>
      </Output>
    </UnitTestResult>
    <UnitTestResult executionId="22081141-b4e9-4e9a-b1c3-450aa1144989" testId="e6771e7a-94a8-1d80-9bdf-2abc3a024bab" testName="InvokeTest" computerName="XPSHIZZLE" duration="00:00:49.7382765" startTime="2010-01-24T19:38:49.5405623-07:00" endTime="2010-01-24T19:39:39.2788388-07:00" testType="13cdc9d9-ddb5-4fa4-a97d-d965ccfc6d4b" outcome="Aborted" testListId="8c84fa94-04c1-424b-9868-57a2d4851a1d">
      <Output>
        <ErrorInfo>
          <Message>User aborted test run.</Message>
        </ErrorInfo>
      </Output>
    </UnitTestResult>
    <UnitTestResult executionId="80ae86a7-3e44-422b-a2f7-b634e7ff83af" testId="c7c5382e-9f9d-7db1-78d0-6da772ada96f" testName="ProxyConstructorTest" computerName="XPSHIZZLE" duration="00:00:00" startTime="0001-01-01T00:00:00.0000000-07:00" endTime="0001-01-01T00:00:00.0000000-07:00" testType="13cdc9d9-ddb5-4fa4-a97d-d965ccfc6d4b" outcome="NotExecuted" testListId="8c84fa94-04c1-424b-9868-57a2d4851a1d">
    </UnitTestResult>
  </Results>
</TestRun>