<?xml version="1.0" encoding="UTF-8"?>
<TestRun id="1c88d050-bccf-48ff-9951-e69ad96725bb" name="tj@XPSHIZZLE 2010-01-24 20:32:26" runUser="XPSHIZZLE\tj" xmlns="http://microsoft.com/schemas/VisualStudio/TeamTest/2006">
  <TestRunConfiguration name="Local Test Run" id="5d34651d-14c5-44b4-924e-f479f289f99c">
    <Description>This is a default test run configuration for a local test run.</Description>
    <Deployment userDeploymentRoot="C:\Users\tj\Desktop\cs340project\cs340project\TestResults" useDefaultDeploymentRoot="false" runDeploymentRoot="C:\Users\tj\Desktop\cs340project\cs340project\TestResults\tj_XPSHIZZLE 2010-01-24 20_32_26">
      <DeploymentItem filename="C:\Users\tj\Desktop\cs340project\cs340project\Server\bin\Debug\Server.dll" />
      <DeploymentItem filename="C:\Users\tj\Desktop\cs340project\cs340project\cs340project\bin\Debug\cs340project.exe" />
    </Deployment>
    <TestTypeSpecific />
  </TestRunConfiguration>
  <ResultSummary outcome="Failed">
    <Counters total="22" executed="21" error="0" failed="11" timeout="0" aborted="1" inconclusive="8" passedButRunAborted="1" notRunnable="0" notExecuted="1" disconnected="0" warning="0" passed="0" completed="0" inProgress="0" pending="0" />
  </ResultSummary>
  <Times creation="2010-01-24T20:32:26.3500905-07:00" queuing="2010-01-24T20:32:27.9551152-07:00" start="2010-01-24T20:32:28.1651184-07:00" finish="2010-01-24T20:32:44.5803705-07:00" />
  <TestDefinitions>
    <UnitTest name="MyNameTest" storage="c:\users\tj\desktop\cs340project\cs340project\unittesting\bin\debug\unittesting.dll" id="b1d759de-a9df-e98a-e0dc-ecc5cc22adcf">
      <Css projectStructure="" iteration="" />
      <Owners>
        <Owner name="" />
      </Owners>
      <Execution id="c4763f21-c002-4bdc-a3f2-b8067634907f" />
      <TestMethod codeBase="C:\Users\tj\Desktop\cs340project\cs340project\UnitTesting\bin\Debug\UnitTesting.dll" adapterTypeName="Microsoft.VisualStudio.TestTools.TestTypes.Unit.UnitTestAdapter, Microsoft.VisualStudio.QualityTools.Tips.UnitTest.Adapter, Version=9.0.0.0, Culture=neutral, PublicKeyToken=b03f5f7f11d50a3a" className="UnitTesting.PersonTest, UnitTesting" name="MyNameTest" />
    </UnitTest>
    <UnitTest name="ProxyConstructorTest" storage="c:\users\tj\desktop\cs340project\cs340project\unittesting\bin\debug\unittesting.dll" id="c7c5382e-9f9d-7db1-78d0-6da772ada96f">
      <Css projectStructure="" iteration="" />
      <Owners>
        <Owner name="" />
      </Owners>
      <TestMethod codeBase="C:\Users\tj\Desktop\cs340project\cs340project\UnitTesting\bin\Debug\UnitTesting.dll" adapterTypeName="Microsoft.VisualStudio.TestTools.TestTypes.Unit.UnitTestAdapter, Microsoft.VisualStudio.QualityTools.Tips.UnitTest.Adapter, Version=9.0.0.0, Culture=neutral, PublicKeyToken=b03f5f7f11d50a3a" className="UnitTesting.ProxyTest, UnitTesting" name="ProxyConstructorTest" />
    </UnitTest>
    <UnitTest name="GetAppTest" storage="c:\users\tj\desktop\cs340project\cs340project\unittesting\bin\debug\unittesting.dll" id="63b4d1a4-86a1-7201-e8be-a62b70a2e4a2">
      <Css projectStructure="" iteration="" />
      <Owners>
        <Owner name="" />
      </Owners>
      <Execution id="97710570-243d-4356-9700-10af97c2aae7" />
      <TestMethod codeBase="C:\Users\tj\Desktop\cs340project\cs340project\UnitTesting\bin\Debug\UnitTesting.dll" adapterTypeName="Microsoft.VisualStudio.TestTools.TestTypes.Unit.UnitTestAdapter, Microsoft.VisualStudio.QualityTools.Tips.UnitTest.Adapter, Version=9.0.0.0, Culture=neutral, PublicKeyToken=b03f5f7f11d50a3a" className="UnitTesting.AppTest, UnitTesting" name="GetAppTest" />
    </UnitTest>
    <UnitTest name="App_CommandConstructorTest" storage="c:\users\tj\desktop\cs340project\cs340project\unittesting\bin\debug\unittesting.dll" id="1849cd97-e971-9c37-12ab-060f8c40d010">
      <Css projectStructure="" iteration="" />
      <Owners>
        <Owner name="" />
      </Owners>
      <Execution id="02d180ce-3e82-42e7-8b9a-9ada06620536" />
      <TestMethod codeBase="C:\Users\tj\Desktop\cs340project\cs340project\UnitTesting\bin\Debug\UnitTesting.dll" adapterTypeName="Microsoft.VisualStudio.TestTools.TestTypes.Unit.UnitTestAdapter, Microsoft.VisualStudio.QualityTools.Tips.UnitTest.Adapter, Version=9.0.0.0, Culture=neutral, PublicKeyToken=b03f5f7f11d50a3a" className="UnitTesting.App_CommandTest, UnitTesting" name="App_CommandConstructorTest" />
    </UnitTest>
    <UnitTest name="CreateProxyTest" storage="c:\users\tj\desktop\cs340project\cs340project\unittesting\bin\debug\unittesting.dll" id="3940fb75-397d-9756-9bd8-7b31d0c643a8">
      <Css projectStructure="" iteration="" />
      <Owners>
        <Owner name="" />
      </Owners>
      <DeploymentItems>
        <DeploymentItem filename="Server.dll" />
      </DeploymentItems>
      <Execution id="c66f04f1-6a1b-41d1-9bef-6df71b72273b" />
      <TestMethod codeBase="C:\Users\tj\Desktop\cs340project\cs340project\UnitTesting\bin\Debug\UnitTesting.dll" adapterTypeName="Microsoft.VisualStudio.TestTools.TestTypes.Unit.UnitTestAdapter, Microsoft.VisualStudio.QualityTools.Tips.UnitTest.Adapter, Version=9.0.0.0, Culture=neutral, PublicKeyToken=b03f5f7f11d50a3a" className="UnitTesting.ProxifierTest, UnitTesting" name="CreateProxyTest" />
    </UnitTest>
    <UnitTest name="PersonConstructorTest" storage="c:\users\tj\desktop\cs340project\cs340project\unittesting\bin\debug\unittesting.dll" id="5ca94332-198e-b22f-c346-e5e0098cf2af">
      <Css projectStructure="" iteration="" />
      <Owners>
        <Owner name="" />
      </Owners>
      <Execution id="abfbcc40-514e-4777-9a17-e99a803a54f8" />
      <TestMethod codeBase="C:\Users\tj\Desktop\cs340project\cs340project\UnitTesting\bin\Debug\UnitTesting.dll" adapterTypeName="Microsoft.VisualStudio.TestTools.TestTypes.Unit.UnitTestAdapter, Microsoft.VisualStudio.QualityTools.Tips.UnitTest.Adapter, Version=9.0.0.0, Culture=neutral, PublicKeyToken=b03f5f7f11d50a3a" className="UnitTesting.PersonTest, UnitTesting" name="PersonConstructorTest" />
    </UnitTest>
    <UnitTest name="LastTest" storage="c:\users\tj\desktop\cs340project\cs340project\unittesting\bin\debug\unittesting.dll" id="f5ce004b-caac-531c-5c20-af683258bc14">
      <Css projectStructure="" iteration="" />
      <Owners>
        <Owner name="" />
      </Owners>
      <DeploymentItems>
        <DeploymentItem filename="cs340project.exe" />
      </DeploymentItems>
      <Execution id="fa2a547a-9508-46c8-a7d5-045996a83471" />
      <TestMethod codeBase="C:\Users\tj\Desktop\cs340project\cs340project\UnitTesting\bin\Debug\UnitTesting.dll" adapterTypeName="Microsoft.VisualStudio.TestTools.TestTypes.Unit.UnitTestAdapter, Microsoft.VisualStudio.QualityTools.Tips.UnitTest.Adapter, Version=9.0.0.0, Culture=neutral, PublicKeyToken=b03f5f7f11d50a3a" className="UnitTesting.PersonNameTest, UnitTesting" name="LastTest" />
    </UnitTest>
    <UnitTest name="AgeTest" storage="c:\users\tj\desktop\cs340project\cs340project\unittesting\bin\debug\unittesting.dll" id="a415cad6-bba8-153b-4b33-0a759bf19cce">
      <Css projectStructure="" iteration="" />
      <Owners>
        <Owner name="" />
      </Owners>
      <Execution id="97bd60c6-e6ea-46e5-98f3-e7a4a53721d1" />
      <TestMethod codeBase="C:\Users\tj\Desktop\cs340project\cs340project\UnitTesting\bin\Debug\UnitTesting.dll" adapterTypeName="Microsoft.VisualStudio.TestTools.TestTypes.Unit.UnitTestAdapter, Microsoft.VisualStudio.QualityTools.Tips.UnitTest.Adapter, Version=9.0.0.0, Culture=neutral, PublicKeyToken=b03f5f7f11d50a3a" className="UnitTesting.PersonTest, UnitTesting" name="AgeTest" />
    </UnitTest>
    <UnitTest name="InvokeAsyncTest" storage="c:\users\tj\desktop\cs340project\cs340project\unittesting\bin\debug\unittesting.dll" id="66d8be9f-7727-8ad8-0be2-1086ff8c6448">
      <Css projectStructure="" iteration="" />
      <Owners>
        <Owner name="" />
      </Owners>
      <Execution id="b62de947-3f27-4643-b355-d807f310db80" />
      <TestMethod codeBase="C:\Users\tj\Desktop\cs340project\cs340project\UnitTesting\bin\Debug\UnitTesting.dll" adapterTypeName="Microsoft.VisualStudio.TestTools.TestTypes.Unit.UnitTestAdapter, Microsoft.VisualStudio.QualityTools.Tips.UnitTest.Adapter, Version=9.0.0.0, Culture=neutral, PublicKeyToken=b03f5f7f11d50a3a" className="UnitTesting.ProxyTest, UnitTesting" name="InvokeAsyncTest" />
    </UnitTest>
    <UnitTest name="AppConstructorTest" storage="c:\users\tj\desktop\cs340project\cs340project\unittesting\bin\debug\unittesting.dll" id="730ecb85-abbd-4258-50fd-0bcc79608446">
      <Css projectStructure="" iteration="" />
      <Owners>
        <Owner name="" />
      </Owners>
      <DeploymentItems>
        <DeploymentItem filename="Server.dll" />
      </DeploymentItems>
      <Execution id="9d79234b-08ec-44ab-92fe-f7931ff7b828" />
      <TestMethod codeBase="C:\Users\tj\Desktop\cs340project\cs340project\UnitTesting\bin\Debug\UnitTesting.dll" adapterTypeName="Microsoft.VisualStudio.TestTools.TestTypes.Unit.UnitTestAdapter, Microsoft.VisualStudio.QualityTools.Tips.UnitTest.Adapter, Version=9.0.0.0, Culture=neutral, PublicKeyToken=b03f5f7f11d50a3a" className="UnitTesting.AppTest, UnitTesting" name="AppConstructorTest" />
    </UnitTest>
    <UnitTest name="NickTest" storage="c:\users\tj\desktop\cs340project\cs340project\unittesting\bin\debug\unittesting.dll" id="f73e5cb3-6129-8dee-c994-fb86c5a820dc">
      <Css projectStructure="" iteration="" />
      <Owners>
        <Owner name="" />
      </Owners>
      <DeploymentItems>
        <DeploymentItem filename="cs340project.exe" />
      </DeploymentItems>
      <Execution id="846bf0aa-fa57-4344-a4b2-da31a0e19385" />
      <TestMethod codeBase="C:\Users\tj\Desktop\cs340project\cs340project\UnitTesting\bin\Debug\UnitTesting.dll" adapterTypeName="Microsoft.VisualStudio.TestTools.TestTypes.Unit.UnitTestAdapter, Microsoft.VisualStudio.QualityTools.Tips.UnitTest.Adapter, Version=9.0.0.0, Culture=neutral, PublicKeyToken=b03f5f7f11d50a3a" className="UnitTesting.PersonNameTest, UnitTesting" name="NickTest" />
    </UnitTest>
    <UnitTest name="CreateProxyCodeTest" storage="c:\users\tj\desktop\cs340project\cs340project\unittesting\bin\debug\unittesting.dll" id="a6af233d-5c77-a196-0571-3e2f60ca6923">
      <Css projectStructure="" iteration="" />
      <Owners>
        <Owner name="" />
      </Owners>
      <DeploymentItems>
        <DeploymentItem filename="Server.dll" />
      </DeploymentItems>
      <Execution id="a984e533-8d78-45e0-9429-d5973443d2f6" />
      <TestMethod codeBase="C:\Users\tj\Desktop\cs340project\cs340project\UnitTesting\bin\Debug\UnitTesting.dll" adapterTypeName="Microsoft.VisualStudio.TestTools.TestTypes.Unit.UnitTestAdapter, Microsoft.VisualStudio.QualityTools.Tips.UnitTest.Adapter, Version=9.0.0.0, Culture=neutral, PublicKeyToken=b03f5f7f11d50a3a" className="UnitTesting.ProxifierTest, UnitTesting" name="CreateProxyCodeTest" />
    </UnitTest>
    <UnitTest name="App_ResponseConstructorTest" storage="c:\users\tj\desktop\cs340project\cs340project\unittesting\bin\debug\unittesting.dll" id="db858951-75a0-bed6-3fb2-2048ddbd5b39">
      <Css projectStructure="" iteration="" />
      <Owners>
        <Owner name="" />
      </Owners>
      <Execution id="9ff03d5a-721c-4d94-b655-d0e076609111" />
      <TestMethod codeBase="C:\Users\tj\Desktop\cs340project\cs340project\UnitTesting\bin\Debug\UnitTesting.dll" adapterTypeName="Microsoft.VisualStudio.TestTools.TestTypes.Unit.UnitTestAdapter, Microsoft.VisualStudio.QualityTools.Tips.UnitTest.Adapter, Version=9.0.0.0, Culture=neutral, PublicKeyToken=b03f5f7f11d50a3a" className="UnitTesting.App_ResponseTest, UnitTesting" name="App_ResponseConstructorTest" />
    </UnitTest>
    <UnitTest name="Network_CommandReceivedTest" storage="c:\users\tj\desktop\cs340project\cs340project\unittesting\bin\debug\unittesting.dll" id="56fa609f-2f52-924c-529a-7c7aa1483dcc">
      <Css projectStructure="" iteration="" />
      <Owners>
        <Owner name="" />
      </Owners>
      <DeploymentItems>
        <DeploymentItem filename="Server.dll" />
      </DeploymentItems>
      <Execution id="a861655f-02b3-431a-958f-b4f8713d0362" />
      <TestMethod codeBase="C:\Users\tj\Desktop\cs340project\cs340project\UnitTesting\bin\Debug\UnitTesting.dll" adapterTypeName="Microsoft.VisualStudio.TestTools.TestTypes.Unit.UnitTestAdapter, Microsoft.VisualStudio.QualityTools.Tips.UnitTest.Adapter, Version=9.0.0.0, Culture=neutral, PublicKeyToken=b03f5f7f11d50a3a" className="UnitTesting.AppTest, UnitTesting" name="Network_CommandReceivedTest" />
    </UnitTest>
    <UnitTest name="PersonNameConstructorTest" storage="c:\users\tj\desktop\cs340project\cs340project\unittesting\bin\debug\unittesting.dll" id="1db9521d-c38f-fadb-5107-75c30e0c9de5">
      <Css projectStructure="" iteration="" />
      <Owners>
        <Owner name="" />
      </Owners>
      <Execution id="420947a5-35d7-4863-9751-5d624e701af1" />
      <TestMethod codeBase="C:\Users\tj\Desktop\cs340project\cs340project\UnitTesting\bin\Debug\UnitTesting.dll" adapterTypeName="Microsoft.VisualStudio.TestTools.TestTypes.Unit.UnitTestAdapter, Microsoft.VisualStudio.QualityTools.Tips.UnitTest.Adapter, Version=9.0.0.0, Culture=neutral, PublicKeyToken=b03f5f7f11d50a3a" className="UnitTesting.PersonNameTest, UnitTesting" name="PersonNameConstructorTest" />
    </UnitTest>
    <UnitTest name="RunCommandTest" storage="c:\users\tj\desktop\cs340project\cs340project\unittesting\bin\debug\unittesting.dll" id="8c9dbde8-6722-1318-bdac-a026ed4bb1fa">
      <Css projectStructure="" iteration="" />
      <Owners>
        <Owner name="" />
      </Owners>
      <Execution id="5e878b53-fae6-4766-92b0-89912bde4fa0" />
      <TestMethod codeBase="C:\Users\tj\Desktop\cs340project\cs340project\UnitTesting\bin\Debug\UnitTesting.dll" adapterTypeName="Microsoft.VisualStudio.TestTools.TestTypes.Unit.UnitTestAdapter, Microsoft.VisualStudio.QualityTools.Tips.UnitTest.Adapter, Version=9.0.0.0, Culture=neutral, PublicKeyToken=b03f5f7f11d50a3a" className="UnitTesting.AppTest, UnitTesting" name="RunCommandTest" />
    </UnitTest>
    <UnitTest name="AddObjectTest" storage="c:\users\tj\desktop\cs340project\cs340project\unittesting\bin\debug\unittesting.dll" id="5c424612-2e07-4702-a1f6-55ea56af99cf">
      <Css projectStructure="" iteration="" />
      <Owners>
        <Owner name="" />
      </Owners>
      <Execution id="e2d9ec22-13ac-4163-9ded-a641560819f9" />
      <TestMethod codeBase="C:\Users\tj\Desktop\cs340project\cs340project\UnitTesting\bin\Debug\UnitTesting.dll" adapterTypeName="Microsoft.VisualStudio.TestTools.TestTypes.Unit.UnitTestAdapter, Microsoft.VisualStudio.QualityTools.Tips.UnitTest.Adapter, Version=9.0.0.0, Culture=neutral, PublicKeyToken=b03f5f7f11d50a3a" className="UnitTesting.AppTest, UnitTesting" name="AddObjectTest" />
    </UnitTest>
    <UnitTest name="GetProxyTest" storage="c:\users\tj\desktop\cs340project\cs340project\unittesting\bin\debug\unittesting.dll" id="683d7b11-8f37-6824-c67d-df8fe868b02f">
      <Css projectStructure="" iteration="" />
      <Owners>
        <Owner name="" />
      </Owners>
      <Execution id="ca90a37e-5a8a-4fdd-92b1-f14f48500a34" />
      <TestMethod codeBase="C:\Users\tj\Desktop\cs340project\cs340project\UnitTesting\bin\Debug\UnitTesting.dll" adapterTypeName="Microsoft.VisualStudio.TestTools.TestTypes.Unit.UnitTestAdapter, Microsoft.VisualStudio.QualityTools.Tips.UnitTest.Adapter, Version=9.0.0.0, Culture=neutral, PublicKeyToken=b03f5f7f11d50a3a" className="UnitTesting.ProxifierTest, UnitTesting" name="GetProxyTest" />
    </UnitTest>
    <UnitTest name="ProxifierConstructorTest" storage="c:\users\tj\desktop\cs340project\cs340project\unittesting\bin\debug\unittesting.dll" id="627c4da3-dea1-3689-40a2-0bf0428012b1">
      <Css projectStructure="" iteration="" />
      <Owners>
        <Owner name="" />
      </Owners>
      <Execution id="f3792c2d-e5d9-4f47-bd9a-7226bb091257" />
      <TestMethod codeBase="C:\Users\tj\Desktop\cs340project\cs340project\UnitTesting\bin\Debug\UnitTesting.dll" adapterTypeName="Microsoft.VisualStudio.TestTools.TestTypes.Unit.UnitTestAdapter, Microsoft.VisualStudio.QualityTools.Tips.UnitTest.Adapter, Version=9.0.0.0, Culture=neutral, PublicKeyToken=b03f5f7f11d50a3a" className="UnitTesting.ProxifierTest, UnitTesting" name="ProxifierConstructorTest" />
    </UnitTest>
    <UnitTest name="InvokeTest" storage="c:\users\tj\desktop\cs340project\cs340project\unittesting\bin\debug\unittesting.dll" id="e6771e7a-94a8-1d80-9bdf-2abc3a024bab">
      <Css projectStructure="" iteration="" />
      <Owners>
        <Owner name="" />
      </Owners>
      <Execution id="0859809b-b289-4ef1-8438-978f95eb1d49" />
      <TestMethod codeBase="C:\Users\tj\Desktop\cs340project\cs340project\UnitTesting\bin\Debug\UnitTesting.dll" adapterTypeName="Microsoft.VisualStudio.TestTools.TestTypes.Unit.UnitTestAdapter, Microsoft.VisualStudio.QualityTools.Tips.UnitTest.Adapter, Version=9.0.0.0, Culture=neutral, PublicKeyToken=b03f5f7f11d50a3a" className="UnitTesting.ProxyTest, UnitTesting" name="InvokeTest" />
    </UnitTest>
    <UnitTest name="FirstTest" storage="c:\users\tj\desktop\cs340project\cs340project\unittesting\bin\debug\unittesting.dll" id="21066473-71a8-cfe2-d286-052ffd2fff86">
      <Css projectStructure="" iteration="" />
      <Owners>
        <Owner name="" />
      </Owners>
      <DeploymentItems>
        <DeploymentItem filename="cs340project.exe" />
      </DeploymentItems>
      <Execution id="c69ebdea-faa5-4970-8571-cc8eb4f56287" />
      <TestMethod codeBase="C:\Users\tj\Desktop\cs340project\cs340project\UnitTesting\bin\Debug\UnitTesting.dll" adapterTypeName="Microsoft.VisualStudio.TestTools.TestTypes.Unit.UnitTestAdapter, Microsoft.VisualStudio.QualityTools.Tips.UnitTest.Adapter, Version=9.0.0.0, Culture=neutral, PublicKeyToken=b03f5f7f11d50a3a" className="UnitTesting.PersonNameTest, UnitTesting" name="FirstTest" />
    </UnitTest>
    <UnitTest name="Network_ResponseReceivedTest" storage="c:\users\tj\desktop\cs340project\cs340project\unittesting\bin\debug\unittesting.dll" id="eb34f4df-4372-47da-cae9-856d79d02100">
      <Css projectStructure="" iteration="" />
      <Owners>
        <Owner name="" />
      </Owners>
      <DeploymentItems>
        <DeploymentItem filename="Server.dll" />
      </DeploymentItems>
      <Execution id="1a315812-12ce-48c0-88bd-351fb95ced53" />
      <TestMethod codeBase="C:\Users\tj\Desktop\cs340project\cs340project\UnitTesting\bin\Debug\UnitTesting.dll" adapterTypeName="Microsoft.VisualStudio.TestTools.TestTypes.Unit.UnitTestAdapter, Microsoft.VisualStudio.QualityTools.Tips.UnitTest.Adapter, Version=9.0.0.0, Culture=neutral, PublicKeyToken=b03f5f7f11d50a3a" className="UnitTesting.ProxyTest, UnitTesting" name="Network_ResponseReceivedTest" />
    </UnitTest>
  </TestDefinitions>
  <TestLists>
    <TestList name="Results Not in a List" id="8c84fa94-04c1-424b-9868-57a2d4851a1d" />
    <TestList name="All Loaded Results" id="19431567-8539-422a-85d7-44ee4e166bda" />
  </TestLists>
  <TestEntries>
    <TestEntry testId="1849cd97-e971-9c37-12ab-060f8c40d010" executionId="02d180ce-3e82-42e7-8b9a-9ada06620536" testListId="8c84fa94-04c1-424b-9868-57a2d4851a1d" />
    <TestEntry testId="db858951-75a0-bed6-3fb2-2048ddbd5b39" executionId="9ff03d5a-721c-4d94-b655-d0e076609111" testListId="8c84fa94-04c1-424b-9868-57a2d4851a1d" />
    <TestEntry testId="8c9dbde8-6722-1318-bdac-a026ed4bb1fa" executionId="5e878b53-fae6-4766-92b0-89912bde4fa0" testListId="8c84fa94-04c1-424b-9868-57a2d4851a1d" />
    <TestEntry testId="56fa609f-2f52-924c-529a-7c7aa1483dcc" executionId="a861655f-02b3-431a-958f-b4f8713d0362" testListId="8c84fa94-04c1-424b-9868-57a2d4851a1d" />
    <TestEntry testId="63b4d1a4-86a1-7201-e8be-a62b70a2e4a2" executionId="97710570-243d-4356-9700-10af97c2aae7" testListId="8c84fa94-04c1-424b-9868-57a2d4851a1d" />
    <TestEntry testId="5c424612-2e07-4702-a1f6-55ea56af99cf" executionId="e2d9ec22-13ac-4163-9ded-a641560819f9" testListId="8c84fa94-04c1-424b-9868-57a2d4851a1d" />
    <TestEntry testId="730ecb85-abbd-4258-50fd-0bcc79608446" executionId="9d79234b-08ec-44ab-92fe-f7931ff7b828" testListId="8c84fa94-04c1-424b-9868-57a2d4851a1d" />
    <TestEntry testId="f73e5cb3-6129-8dee-c994-fb86c5a820dc" executionId="846bf0aa-fa57-4344-a4b2-da31a0e19385" testListId="8c84fa94-04c1-424b-9868-57a2d4851a1d" />
    <TestEntry testId="f5ce004b-caac-531c-5c20-af683258bc14" executionId="fa2a547a-9508-46c8-a7d5-045996a83471" testListId="8c84fa94-04c1-424b-9868-57a2d4851a1d" />
    <TestEntry testId="21066473-71a8-cfe2-d286-052ffd2fff86" executionId="c69ebdea-faa5-4970-8571-cc8eb4f56287" testListId="8c84fa94-04c1-424b-9868-57a2d4851a1d" />
    <TestEntry testId="1db9521d-c38f-fadb-5107-75c30e0c9de5" executionId="420947a5-35d7-4863-9751-5d624e701af1" testListId="8c84fa94-04c1-424b-9868-57a2d4851a1d" />
    <TestEntry testId="b1d759de-a9df-e98a-e0dc-ecc5cc22adcf" executionId="c4763f21-c002-4bdc-a3f2-b8067634907f" testListId="8c84fa94-04c1-424b-9868-57a2d4851a1d" />
    <TestEntry testId="a415cad6-bba8-153b-4b33-0a759bf19cce" executionId="97bd60c6-e6ea-46e5-98f3-e7a4a53721d1" testListId="8c84fa94-04c1-424b-9868-57a2d4851a1d" />
    <TestEntry testId="5ca94332-198e-b22f-c346-e5e0098cf2af" executionId="abfbcc40-514e-4777-9a17-e99a803a54f8" testListId="8c84fa94-04c1-424b-9868-57a2d4851a1d" />
    <TestEntry testId="683d7b11-8f37-6824-c67d-df8fe868b02f" executionId="ca90a37e-5a8a-4fdd-92b1-f14f48500a34" testListId="8c84fa94-04c1-424b-9868-57a2d4851a1d" />
    <TestEntry testId="a6af233d-5c77-a196-0571-3e2f60ca6923" executionId="a984e533-8d78-45e0-9429-d5973443d2f6" testListId="8c84fa94-04c1-424b-9868-57a2d4851a1d" />
    <TestEntry testId="3940fb75-397d-9756-9bd8-7b31d0c643a8" executionId="c66f04f1-6a1b-41d1-9bef-6df71b72273b" testListId="8c84fa94-04c1-424b-9868-57a2d4851a1d" />
    <TestEntry testId="627c4da3-dea1-3689-40a2-0bf0428012b1" executionId="f3792c2d-e5d9-4f47-bd9a-7226bb091257" testListId="8c84fa94-04c1-424b-9868-57a2d4851a1d" />
    <TestEntry testId="eb34f4df-4372-47da-cae9-856d79d02100" executionId="1a315812-12ce-48c0-88bd-351fb95ced53" testListId="8c84fa94-04c1-424b-9868-57a2d4851a1d" />
    <TestEntry testId="66d8be9f-7727-8ad8-0be2-1086ff8c6448" executionId="b62de947-3f27-4643-b355-d807f310db80" testListId="8c84fa94-04c1-424b-9868-57a2d4851a1d" />
    <TestEntry testId="e6771e7a-94a8-1d80-9bdf-2abc3a024bab" executionId="0859809b-b289-4ef1-8438-978f95eb1d49" testListId="8c84fa94-04c1-424b-9868-57a2d4851a1d" />
    <TestEntry testId="c7c5382e-9f9d-7db1-78d0-6da772ada96f" executionId="aaab833c-4671-4217-9514-d97ff5c44f08" testListId="8c84fa94-04c1-424b-9868-57a2d4851a1d" />
  </TestEntries>
  <Results>
    <UnitTestResult executionId="02d180ce-3e82-42e7-8b9a-9ada06620536" testId="1849cd97-e971-9c37-12ab-060f8c40d010" testName="App_CommandConstructorTest" computerName="XPSHIZZLE" duration="00:00:00.0546094" startTime="2010-01-24T20:32:28.2701200-07:00" endTime="2010-01-24T20:32:28.6101252-07:00" testType="13cdc9d9-ddb5-4fa4-a97d-d965ccfc6d4b" outcome="Inconclusive" testListId="8c84fa94-04c1-424b-9868-57a2d4851a1d">
      <Output>
        <ErrorInfo>
          <Message>Assert.Inconclusive failed. TODO: Implement code to verify target</Message>
          <StackTrace>   at UnitTesting.App_CommandTest.App_CommandConstructorTest() in C:\Users\tj\Desktop\cs340project\cs340project\UnitTesting\App_CommandTest.cs:line 77
</StackTrace>
        </ErrorInfo>
      </Output>
    </UnitTestResult>
    <UnitTestResult executionId="9ff03d5a-721c-4d94-b655-d0e076609111" testId="db858951-75a0-bed6-3fb2-2048ddbd5b39" testName="App_ResponseConstructorTest" computerName="XPSHIZZLE" duration="00:00:00.0137310" startTime="2010-01-24T20:32:28.6201254-07:00" endTime="2010-01-24T20:32:28.6401257-07:00" testType="13cdc9d9-ddb5-4fa4-a97d-d965ccfc6d4b" outcome="Inconclusive" testListId="8c84fa94-04c1-424b-9868-57a2d4851a1d">
      <Output>
        <ErrorInfo>
          <Message>Assert.Inconclusive failed. TODO: Implement code to verify target</Message>
          <StackTrace>   at UnitTesting.App_ResponseTest.App_ResponseConstructorTest() in C:\Users\tj\Desktop\cs340project\cs340project\UnitTesting\App_ResponseTest.cs:line 74
</StackTrace>
        </ErrorInfo>
      </Output>
    </UnitTestResult>
    <UnitTestResult executionId="5e878b53-fae6-4766-92b0-89912bde4fa0" testId="8c9dbde8-6722-1318-bdac-a026ed4bb1fa" testName="RunCommandTest" computerName="XPSHIZZLE" duration="00:00:00.0805856" startTime="2010-01-24T20:32:28.6526259-07:00" endTime="2010-01-24T20:32:28.7376272-07:00" testType="13cdc9d9-ddb5-4fa4-a97d-d965ccfc6d4b" outcome="Failed" testListId="8c84fa94-04c1-424b-9868-57a2d4851a1d">
      <Output>
        <ErrorInfo>
          <Message>Test method UnitTesting.AppTest.RunCommandTest threw exception:  System.NullReferenceException: Object reference not set to an instance of an object..</Message>
          <StackTrace>   at cs340project.App_Accessor.RunCommand(Command cmd)
   at UnitTesting.AppTest.RunCommandTest() in C:\Users\tj\Desktop\cs340project\cs340project\UnitTesting\AppTest.cs:line 78
</StackTrace>
        </ErrorInfo>
      </Output>
    </UnitTestResult>
    <UnitTestResult executionId="a861655f-02b3-431a-958f-b4f8713d0362" testId="56fa609f-2f52-924c-529a-7c7aa1483dcc" testName="Network_CommandReceivedTest" computerName="XPSHIZZLE" duration="00:00:00.0143459" startTime="2010-01-24T20:32:28.7501274-07:00" endTime="2010-01-24T20:32:28.7701277-07:00" testType="13cdc9d9-ddb5-4fa4-a97d-d965ccfc6d4b" outcome="Failed" testListId="8c84fa94-04c1-424b-9868-57a2d4851a1d">
      <Output>
        <ErrorInfo>
          <Message>Test method UnitTesting.AppTest.Network_CommandReceivedTest threw exception:  System.NullReferenceException: Object reference not set to an instance of an object..</Message>
          <StackTrace>   at cs340project.App_Accessor.Network_CommandReceived(TcpClient client, Command cmd)
   at UnitTesting.AppTest.Network_CommandReceivedTest() in C:\Users\tj\Desktop\cs340project\cs340project\UnitTesting\AppTest.cs:line 94
</StackTrace>
        </ErrorInfo>
      </Output>
    </UnitTestResult>
    <UnitTestResult executionId="97710570-243d-4356-9700-10af97c2aae7" testId="63b4d1a4-86a1-7201-e8be-a62b70a2e4a2" testName="GetAppTest" computerName="XPSHIZZLE" duration="00:00:00.0202432" startTime="2010-01-24T20:32:28.7776278-07:00" endTime="2010-01-24T20:32:28.8026282-07:00" testType="13cdc9d9-ddb5-4fa4-a97d-d965ccfc6d4b" outcome="Failed" testListId="8c84fa94-04c1-424b-9868-57a2d4851a1d">
      <Output>
        <ErrorInfo>
          <Message>Assert.AreEqual failed. Expected:&lt;(null)&gt;. Actual:&lt;cs340project.App&gt;. </Message>
          <StackTrace>   at UnitTesting.AppTest.GetAppTest() in C:\Users\tj\Desktop\cs340project\cs340project\UnitTesting\AppTest.cs:line 108
</StackTrace>
        </ErrorInfo>
      </Output>
    </UnitTestResult>
    <UnitTestResult executionId="e2d9ec22-13ac-4163-9ded-a641560819f9" testId="5c424612-2e07-4702-a1f6-55ea56af99cf" testName="AddObjectTest" computerName="XPSHIZZLE" duration="00:00:00.0147193" startTime="2010-01-24T20:32:28.8126284-07:00" endTime="2010-01-24T20:32:28.8326287-07:00" testType="13cdc9d9-ddb5-4fa4-a97d-d965ccfc6d4b" outcome="Failed" testListId="8c84fa94-04c1-424b-9868-57a2d4851a1d">
      <Output>
        <ErrorInfo>
          <Message>Test method UnitTesting.AppTest.AddObjectTest threw exception:  System.NullReferenceException: Object reference not set to an instance of an object..</Message>
          <StackTrace>   at cs340project.App_Accessor.AddObject(Object o)
   at UnitTesting.AppTest.AddObjectTest() in C:\Users\tj\Desktop\cs340project\cs340project\UnitTesting\AppTest.cs:line 121
</StackTrace>
        </ErrorInfo>
      </Output>
    </UnitTestResult>
    <UnitTestResult executionId="9d79234b-08ec-44ab-92fe-f7931ff7b828" testId="730ecb85-abbd-4258-50fd-0bcc79608446" testName="AppConstructorTest" computerName="XPSHIZZLE" duration="00:00:00.0226605" startTime="2010-01-24T20:32:28.8451289-07:00" endTime="2010-01-24T20:32:28.8751293-07:00" testType="13cdc9d9-ddb5-4fa4-a97d-d965ccfc6d4b" outcome="Inconclusive" testListId="8c84fa94-04c1-424b-9868-57a2d4851a1d">
      <Output>
        <ErrorInfo>
          <Message>Assert.Inconclusive failed. TODO: Implement code to verify target</Message>
          <StackTrace>   at UnitTesting.AppTest.AppConstructorTest() in C:\Users\tj\Desktop\cs340project\cs340project\UnitTesting\AppTest.cs:line 134
</StackTrace>
        </ErrorInfo>
      </Output>
    </UnitTestResult>
    <UnitTestResult executionId="846bf0aa-fa57-4344-a4b2-da31a0e19385" testId="f73e5cb3-6129-8dee-c994-fb86c5a820dc" testName="NickTest" computerName="XPSHIZZLE" duration="00:00:00.0910981" startTime="2010-01-24T20:32:28.8901295-07:00" endTime="2010-01-24T20:32:28.9851310-07:00" testType="13cdc9d9-ddb5-4fa4-a97d-d965ccfc6d4b" outcome="Failed" testListId="8c84fa94-04c1-424b-9868-57a2d4851a1d">
      <Output>
        <ErrorInfo>
          <Message>Test method UnitTesting.PersonNameTest.NickTest threw exception:  System.NullReferenceException: Object reference not set to an instance of an object..</Message>
          <StackTrace>   at cs340project.PersonName_Accessor.set_Nick(String value)
   at UnitTesting.PersonNameTest.NickTest() in C:\Users\tj\Desktop\cs340project\cs340project\UnitTesting\PersonNameTest.cs:line 76
</StackTrace>
        </ErrorInfo>
      </Output>
    </UnitTestResult>
    <UnitTestResult executionId="fa2a547a-9508-46c8-a7d5-045996a83471" testId="f5ce004b-caac-531c-5c20-af683258bc14" testName="LastTest" computerName="XPSHIZZLE" duration="00:00:00.0196553" startTime="2010-01-24T20:32:29.0001312-07:00" endTime="2010-01-24T20:32:29.0276317-07:00" testType="13cdc9d9-ddb5-4fa4-a97d-d965ccfc6d4b" outcome="Failed" testListId="8c84fa94-04c1-424b-9868-57a2d4851a1d">
      <Output>
        <ErrorInfo>
          <Message>Test method UnitTesting.PersonNameTest.LastTest threw exception:  System.NullReferenceException: Object reference not set to an instance of an object..</Message>
          <StackTrace>   at cs340project.PersonName_Accessor.set_Last(String value)
   at UnitTesting.PersonNameTest.LastTest() in C:\Users\tj\Desktop\cs340project\cs340project\UnitTesting\PersonNameTest.cs:line 93
</StackTrace>
        </ErrorInfo>
      </Output>
    </UnitTestResult>
    <UnitTestResult executionId="c69ebdea-faa5-4970-8571-cc8eb4f56287" testId="21066473-71a8-cfe2-d286-052ffd2fff86" testName="FirstTest" computerName="XPSHIZZLE" duration="00:00:00.0047526" startTime="2010-01-24T20:32:29.0576321-07:00" endTime="2010-01-24T20:32:29.0801325-07:00" testType="13cdc9d9-ddb5-4fa4-a97d-d965ccfc6d4b" outcome="PassedButRunAborted" testListId="8c84fa94-04c1-424b-9868-57a2d4851a1d">
      <Output>
      </Output>
    </UnitTestResult>
    <UnitTestResult executionId="420947a5-35d7-4863-9751-5d624e701af1" testId="1db9521d-c38f-fadb-5107-75c30e0c9de5" testName="PersonNameConstructorTest" computerName="XPSHIZZLE" duration="00:00:00.0136073" startTime="2010-01-24T20:32:29.0951327-07:00" endTime="2010-01-24T20:32:29.1151330-07:00" testType="13cdc9d9-ddb5-4fa4-a97d-d965ccfc6d4b" outcome="Inconclusive" testListId="8c84fa94-04c1-424b-9868-57a2d4851a1d">
      <Output>
        <ErrorInfo>
          <Message>Assert.Inconclusive failed. TODO: Implement code to verify target</Message>
          <StackTrace>   at UnitTesting.PersonNameTest.PersonNameConstructorTest() in C:\Users\tj\Desktop\cs340project\cs340project\UnitTesting\PersonNameTest.cs:line 137
</StackTrace>
        </ErrorInfo>
      </Output>
    </UnitTestResult>
    <UnitTestResult executionId="c4763f21-c002-4bdc-a3f2-b8067634907f" testId="b1d759de-a9df-e98a-e0dc-ecc5cc22adcf" testName="MyNameTest" computerName="XPSHIZZLE" duration="00:00:00.0132652" startTime="2010-01-24T20:32:29.1276332-07:00" endTime="2010-01-24T20:32:29.1451335-07:00" testType="13cdc9d9-ddb5-4fa4-a97d-d965ccfc6d4b" outcome="Inconclusive" testListId="8c84fa94-04c1-424b-9868-57a2d4851a1d">
      <Output>
        <ErrorInfo>
          <Message>Assert.Inconclusive failed. Verify the correctness of this test method.</Message>
          <StackTrace>   at UnitTesting.PersonTest.MyNameTest() in C:\Users\tj\Desktop\cs340project\cs340project\UnitTesting\PersonTest.cs:line 77
</StackTrace>
        </ErrorInfo>
      </Output>
    </UnitTestResult>
    <UnitTestResult executionId="97bd60c6-e6ea-46e5-98f3-e7a4a53721d1" testId="a415cad6-bba8-153b-4b33-0a759bf19cce" testName="AgeTest" computerName="XPSHIZZLE" duration="00:00:00.0137376" startTime="2010-01-24T20:32:29.1526336-07:00" endTime="2010-01-24T20:32:29.1726339-07:00" testType="13cdc9d9-ddb5-4fa4-a97d-d965ccfc6d4b" outcome="Inconclusive" testListId="8c84fa94-04c1-424b-9868-57a2d4851a1d">
      <Output>
        <ErrorInfo>
          <Message>Assert.Inconclusive failed. Verify the correctness of this test method.</Message>
          <StackTrace>   at UnitTesting.PersonTest.AgeTest() in C:\Users\tj\Desktop\cs340project\cs340project\UnitTesting\PersonTest.cs:line 92
</StackTrace>
        </ErrorInfo>
      </Output>
    </UnitTestResult>
    <UnitTestResult executionId="abfbcc40-514e-4777-9a17-e99a803a54f8" testId="5ca94332-198e-b22f-c346-e5e0098cf2af" testName="PersonConstructorTest" computerName="XPSHIZZLE" duration="00:00:00.0123631" startTime="2010-01-24T20:32:29.1801340-07:00" endTime="2010-01-24T20:32:29.1976343-07:00" testType="13cdc9d9-ddb5-4fa4-a97d-d965ccfc6d4b" outcome="Inconclusive" testListId="8c84fa94-04c1-424b-9868-57a2d4851a1d">
      <Output>
        <ErrorInfo>
          <Message>Assert.Inconclusive failed. TODO: Implement code to verify target</Message>
          <StackTrace>   at UnitTesting.PersonTest.PersonConstructorTest() in C:\Users\tj\Desktop\cs340project\cs340project\UnitTesting\PersonTest.cs:line 102
</StackTrace>
        </ErrorInfo>
      </Output>
    </UnitTestResult>
    <UnitTestResult executionId="ca90a37e-5a8a-4fdd-92b1-f14f48500a34" testId="683d7b11-8f37-6824-c67d-df8fe868b02f" testName="GetProxyTest" computerName="XPSHIZZLE" duration="00:00:00.1339020" startTime="2010-01-24T20:32:29.2076344-07:00" endTime="2010-01-24T20:32:29.3451365-07:00" testType="13cdc9d9-ddb5-4fa4-a97d-d965ccfc6d4b" outcome="Failed" testListId="8c84fa94-04c1-424b-9868-57a2d4851a1d">
      <Output>
        <DebugTrace>using System;
namespace Microsoft.VisualStudio.TestTools.UnitTesting
{
	class GenericParameterHelperProxy : Microsoft.VisualStudio.TestTools.UnitTesting.GenericParameterHelper
	{
		Proxy proxy = null;
		public GenericParameterHelperProxy(string server, int port, int id)
		{
			proxy = new Proxy(server, port, id);
		}
		public override System.Boolean Equals(System.Object obj)
		{
			return (System.Boolean)this.proxy.Invoke("Equals", obj);
		}
		public override System.Int32 GetHashCode()
		{
			return (System.Int32)this.proxy.Invoke("GetHashCode");
		}
		public override System.Int32 CompareTo(System.Object obj)
		{
			return (System.Int32)this.proxy.Invoke("CompareTo", obj);
		}
		public override System.Collections.IEnumerator GetEnumerator()
		{
			return (System.Collections.IEnumerator)this.proxy.Invoke("GetEnumerator");
		}
		public override System.Object Clone()
		{
			return (System.Object)this.proxy.Invoke("Clone");
		}
		public override System.String ToString()
		{
			return (System.String)this.proxy.Invoke("ToString");
		}
	}
}

</DebugTrace>
        <ErrorInfo>
          <Message>Test method UnitTesting.ProxifierTest.GetProxyTest threw exception:  System.IO.FileNotFoundException: Could not load file or assembly 'file:///C:\Users\tj\AppData\Local\Temp\fq51kb7w.dll' or one of its dependencies. The system cannot find the file specified.=== Pre-bind state information ===
LOG: User = XPSHIZZLE\tj
LOG: Where-ref bind. Location = C:\Users\tj\AppData\Local\Temp\fq51kb7w.dll
LOG: Appbase = file:///C:/Program Files/Microsoft Visual Studio 9.0/Common7/IDE/
LOG: Initial PrivatePath = PublicAssemblies;PrivateAssemblies
Calling assembly : (Unknown).
===
LOG: This bind starts in LoadFrom load context.
WRN: Native image will not be probed in LoadFrom context. Native image will only be probed in default load context, like with Assembly.Load().
LOG: Using application configuration file: C:\Program Files\Microsoft Visual Studio 9.0\Common7\IDE\vstesthost.exe.Config
LOG: Using machine configuration file from C:\Windows\Microsoft.NET\Framework\v2.0.50727\config\machine.config.
LOG: Attempting download of new URL file:///C:/Users/tj/AppData/Local/Temp/fq51kb7w.dll.
.</Message>
          <StackTrace>    at System.Reflection.Assembly._nLoad(AssemblyName fileName, String codeBase, Evidence assemblySecurity, Assembly locationHint, StackCrawlMark&amp; stackMark, Boolean throwOnFileNotFound, Boolean forIntrospection)
   at System.Reflection.Assembly.nLoad(AssemblyName fileName, String codeBase, Evidence assemblySecurity, Assembly locationHint, StackCrawlMark&amp; stackMark, Boolean throwOnFileNotFound, Boolean forIntrospection)
   at System.Reflection.Assembly.InternalLoad(AssemblyName assemblyRef, Evidence assemblySecurity, StackCrawlMark&amp; stackMark, Boolean forIntrospection)
   at System.Reflection.Assembly.Load(AssemblyName assemblyRef, Evidence assemblySecurity)
   at System.CodeDom.Compiler.CompilerResults.get_CompiledAssembly()
   at cs340project.Proxifier.CreateProxy(Type original) in C:\Users\tj\Desktop\cs340project\cs340project\Server\Proxifier.cs:line 134
   at cs340project.Proxifier.GetProxy[T](String server, Int32 port, Int32 id) in C:\Users\tj\Desktop\cs340project\cs340project\Server\Proxifier.cs:line 110
   at UnitTesting.ProxifierTest.GetProxyTestHelper[T]() in C:\Users\tj\Desktop\cs340project\cs340project\UnitTesting\ProxifierTest.cs:line 77
   at UnitTesting.ProxifierTest.GetProxyTest() in C:\Users\tj\Desktop\cs340project\cs340project\UnitTesting\ProxifierTest.cs:line 85
</StackTrace>
        </ErrorInfo>
      </Output>
    </UnitTestResult>
    <UnitTestResult executionId="a984e533-8d78-45e0-9429-d5973443d2f6" testId="a6af233d-5c77-a196-0571-3e2f60ca6923" testName="CreateProxyCodeTest" computerName="XPSHIZZLE" duration="00:00:00.0311841" startTime="2010-01-24T20:32:29.3576367-07:00" endTime="2010-01-24T20:32:29.3926373-07:00" testType="13cdc9d9-ddb5-4fa4-a97d-d965ccfc6d4b" outcome="Failed" testListId="8c84fa94-04c1-424b-9868-57a2d4851a1d">
      <Output>
        <ErrorInfo>
          <Message>Test method UnitTesting.ProxifierTest.CreateProxyCodeTest threw exception:  System.NullReferenceException: Object reference not set to an instance of an object..</Message>
          <StackTrace>    at cs340project.Proxifier.CreateProxyCode(Type original) in C:\Users\tj\Desktop\cs340project\cs340project\Server\Proxifier.cs:line 151
   at cs340project.Proxifier_Accessor.CreateProxyCode(Type original)
   at UnitTesting.ProxifierTest.CreateProxyCodeTest() in C:\Users\tj\Desktop\cs340project\cs340project\UnitTesting\ProxifierTest.cs:line 98
</StackTrace>
        </ErrorInfo>
      </Output>
    </UnitTestResult>
    <UnitTestResult executionId="c66f04f1-6a1b-41d1-9bef-6df71b72273b" testId="3940fb75-397d-9756-9bd8-7b31d0c643a8" testName="CreateProxyTest" computerName="XPSHIZZLE" duration="00:00:00.0234077" startTime="2010-01-24T20:32:29.4026374-07:00" endTime="2010-01-24T20:32:29.4301378-07:00" testType="13cdc9d9-ddb5-4fa4-a97d-d965ccfc6d4b" outcome="Failed" testListId="8c84fa94-04c1-424b-9868-57a2d4851a1d">
      <Output>
        <ErrorInfo>
          <Message>Test method UnitTesting.ProxifierTest.CreateProxyTest threw exception:  System.ArgumentNullException: Value cannot be null.
Parameter name: key.</Message>
          <StackTrace>    at System.ThrowHelper.ThrowArgumentNullException(ExceptionArgument argument)
   at System.Collections.Generic.Dictionary`2.FindEntry(TKey key)
   at System.Collections.Generic.Dictionary`2.TryGetValue(TKey key, TValue&amp; value)
   at cs340project.Proxifier.CreateProxy(Type original) in C:\Users\tj\Desktop\cs340project\cs340project\Server\Proxifier.cs:line 123
   at cs340project.Proxifier_Accessor.CreateProxy(Type original)
   at UnitTesting.ProxifierTest.CreateProxyTest() in C:\Users\tj\Desktop\cs340project\cs340project\UnitTesting\ProxifierTest.cs:line 113
</StackTrace>
        </ErrorInfo>
      </Output>
    </UnitTestResult>
    <UnitTestResult executionId="f3792c2d-e5d9-4f47-bd9a-7226bb091257" testId="627c4da3-dea1-3689-40a2-0bf0428012b1" testName="ProxifierConstructorTest" computerName="XPSHIZZLE" duration="00:00:00.0123318" startTime="2010-01-24T20:32:29.4376380-07:00" endTime="2010-01-24T20:32:29.4551382-07:00" testType="13cdc9d9-ddb5-4fa4-a97d-d965ccfc6d4b" outcome="Inconclusive" testListId="8c84fa94-04c1-424b-9868-57a2d4851a1d">
      <Output>
        <ErrorInfo>
          <Message>Assert.Inconclusive failed. TODO: Implement code to verify target</Message>
          <StackTrace>   at UnitTesting.ProxifierTest.ProxifierConstructorTest() in C:\Users\tj\Desktop\cs340project\cs340project\UnitTesting\ProxifierTest.cs:line 125
</StackTrace>
        </ErrorInfo>
      </Output>
    </UnitTestResult>
    <UnitTestResult executionId="1a315812-12ce-48c0-88bd-351fb95ced53" testId="eb34f4df-4372-47da-cae9-856d79d02100" testName="Network_ResponseReceivedTest" computerName="XPSHIZZLE" duration="00:00:00.0138579" startTime="2010-01-24T20:32:29.4651384-07:00" endTime="2010-01-24T20:32:29.4851387-07:00" testType="13cdc9d9-ddb5-4fa4-a97d-d965ccfc6d4b" outcome="Failed" testListId="8c84fa94-04c1-424b-9868-57a2d4851a1d">
      <Output>
        <ErrorInfo>
          <Message>Test method UnitTesting.ProxyTest.Network_ResponseReceivedTest threw exception:  System.NullReferenceException: Object reference not set to an instance of an object..</Message>
          <StackTrace>   at cs340project.Proxy_Accessor.Network_ResponseReceived(TcpClient client, Response cmd)
   at UnitTesting.ProxyTest.Network_ResponseReceivedTest() in C:\Users\tj\Desktop\cs340project\cs340project\UnitTesting\ProxyTest.cs:line 78
</StackTrace>
        </ErrorInfo>
      </Output>
    </UnitTestResult>
    <UnitTestResult executionId="b62de947-3f27-4643-b355-d807f310db80" testId="66d8be9f-7727-8ad8-0be2-1086ff8c6448" testName="InvokeAsyncTest" computerName="XPSHIZZLE" duration="00:00:00.0244434" startTime="2010-01-24T20:32:29.4926388-07:00" endTime="2010-01-24T20:32:29.5226393-07:00" testType="13cdc9d9-ddb5-4fa4-a97d-d965ccfc6d4b" outcome="Failed" testListId="8c84fa94-04c1-424b-9868-57a2d4851a1d">
      <Output>
        <ErrorInfo>
          <Message>Assert.AreEqual failed. Expected:&lt;(null)&gt;. Actual:&lt;cs340project.App+Command&gt;. </Message>
          <StackTrace>   at UnitTesting.ProxyTest.InvokeAsyncTest() in C:\Users\tj\Desktop\cs340project\cs340project\UnitTesting\ProxyTest.cs:line 97
</StackTrace>
        </ErrorInfo>
      </Output>
    </UnitTestResult>
    <UnitTestResult executionId="0859809b-b289-4ef1-8438-978f95eb1d49" testId="e6771e7a-94a8-1d80-9bdf-2abc3a024bab" testName="InvokeTest" computerName="XPSHIZZLE" duration="00:00:09.9026521" startTime="2010-01-24T20:32:29.5376395-07:00" endTime="2010-01-24T20:32:39.4402916-07:00" testType="13cdc9d9-ddb5-4fa4-a97d-d965ccfc6d4b" outcome="Aborted" testListId="8c84fa94-04c1-424b-9868-57a2d4851a1d">
      <Output>
        <ErrorInfo>
          <Message>User aborted test run.</Message>
        </ErrorInfo>
      </Output>
    </UnitTestResult>
    <UnitTestResult executionId="aaab833c-4671-4217-9514-d97ff5c44f08" testId="c7c5382e-9f9d-7db1-78d0-6da772ada96f" testName="ProxyConstructorTest" computerName="XPSHIZZLE" duration="00:00:00" startTime="0001-01-01T00:00:00.0000000-07:00" endTime="0001-01-01T00:00:00.0000000-07:00" testType="13cdc9d9-ddb5-4fa4-a97d-d965ccfc6d4b" outcome="NotExecuted" testListId="8c84fa94-04c1-424b-9868-57a2d4851a1d">
    </UnitTestResult>
  </Results>
</TestRun>