<?xml version="1.0" encoding="UTF-8"?>
<TestRun id="73f693e9-1996-40dd-bd09-5450234d7439" name="tj@XPSHIZZLE 2010-01-24 20:31:42" runUser="XPSHIZZLE\tj" xmlns="http://microsoft.com/schemas/VisualStudio/TeamTest/2006">
  <TestRunConfiguration name="Local Test Run" id="5d34651d-14c5-44b4-924e-f479f289f99c">
    <Description>This is a default test run configuration for a local test run.</Description>
    <Deployment userDeploymentRoot="C:\Users\tj\Desktop\cs340project\cs340project\TestResults" useDefaultDeploymentRoot="false" runDeploymentRoot="C:\Users\tj\Desktop\cs340project\cs340project\TestResults\tj_XPSHIZZLE 2010-01-24 20_31_42">
      <DeploymentItem filename="C:\Users\tj\Desktop\cs340project\cs340project\Server\bin\Debug\Server.dll" />
      <DeploymentItem filename="C:\Users\tj\Desktop\cs340project\cs340project\cs340project\bin\Debug\cs340project.exe" />
    </Deployment>
    <TestTypeSpecific />
  </TestRunConfiguration>
  <ResultSummary outcome="Failed">
    <Counters total="22" executed="21" error="0" failed="11" timeout="0" aborted="1" inconclusive="9" passedButRunAborted="0" notRunnable="0" notExecuted="1" disconnected="0" warning="0" passed="0" completed="0" inProgress="0" pending="0" />
  </ResultSummary>
  <Times creation="2010-01-24T20:31:42.9689117-07:00" queuing="2010-01-24T20:31:44.7114385-07:00" start="2010-01-24T20:31:45.0064430-07:00" finish="2010-01-24T20:32:02.8992179-07:00" />
  <TestDefinitions>
    <UnitTest name="MyNameTest" storage="c:\users\tj\desktop\cs340project\cs340project\unittesting\bin\debug\unittesting.dll" id="b1d759de-a9df-e98a-e0dc-ecc5cc22adcf">
      <Css projectStructure="" iteration="" />
      <Owners>
        <Owner name="" />
      </Owners>
      <Execution id="c682b172-925b-4267-8a43-01423b178813" />
      <TestMethod codeBase="C:\Users\tj\Desktop\cs340project\cs340project\UnitTesting\bin\Debug\UnitTesting.dll" adapterTypeName="Microsoft.VisualStudio.TestTools.TestTypes.Unit.UnitTestAdapter, Microsoft.VisualStudio.QualityTools.Tips.UnitTest.Adapter, Version=9.0.0.0, Culture=neutral, PublicKeyToken=b03f5f7f11d50a3a" className="UnitTesting.PersonTest, UnitTesting" name="MyNameTest" />
    </UnitTest>
    <UnitTest name="ProxyConstructorTest" storage="c:\users\tj\desktop\cs340project\cs340project\unittesting\bin\debug\unittesting.dll" id="c7c5382e-9f9d-7db1-78d0-6da772ada96f">
      <Css projectStructure="" iteration="" />
      <Owners>
        <Owner name="" />
      </Owners>
      <TestMethod codeBase="C:\Users\tj\Desktop\cs340project\cs340project\UnitTesting\bin\Debug\UnitTesting.dll" adapterTypeName="Microsoft.VisualStudio.TestTools.TestTypes.Unit.UnitTestAdapter, Microsoft.VisualStudio.QualityTools.Tips.UnitTest.Adapter, Version=9.0.0.0, Culture=neutral, PublicKeyToken=b03f5f7f11d50a3a" className="UnitTesting.ProxyTest, UnitTesting" name="ProxyConstructorTest" />
    </UnitTest>
    <UnitTest name="GetAppTest" storage="c:\users\tj\desktop\cs340project\cs340project\unittesting\bin\debug\unittesting.dll" id="63b4d1a4-86a1-7201-e8be-a62b70a2e4a2">
      <Css projectStructure="" iteration="" />
      <Owners>
        <Owner name="" />
      </Owners>
      <Execution id="24715628-218d-42a8-9507-e4f57d83ad98" />
      <TestMethod codeBase="C:\Users\tj\Desktop\cs340project\cs340project\UnitTesting\bin\Debug\UnitTesting.dll" adapterTypeName="Microsoft.VisualStudio.TestTools.TestTypes.Unit.UnitTestAdapter, Microsoft.VisualStudio.QualityTools.Tips.UnitTest.Adapter, Version=9.0.0.0, Culture=neutral, PublicKeyToken=b03f5f7f11d50a3a" className="UnitTesting.AppTest, UnitTesting" name="GetAppTest" />
    </UnitTest>
    <UnitTest name="App_CommandConstructorTest" storage="c:\users\tj\desktop\cs340project\cs340project\unittesting\bin\debug\unittesting.dll" id="1849cd97-e971-9c37-12ab-060f8c40d010">
      <Css projectStructure="" iteration="" />
      <Owners>
        <Owner name="" />
      </Owners>
      <Execution id="dd3d4540-47ee-4303-ae76-3436c6f9ab1a" />
      <TestMethod codeBase="C:\Users\tj\Desktop\cs340project\cs340project\UnitTesting\bin\Debug\UnitTesting.dll" adapterTypeName="Microsoft.VisualStudio.TestTools.TestTypes.Unit.UnitTestAdapter, Microsoft.VisualStudio.QualityTools.Tips.UnitTest.Adapter, Version=9.0.0.0, Culture=neutral, PublicKeyToken=b03f5f7f11d50a3a" className="UnitTesting.App_CommandTest, UnitTesting" name="App_CommandConstructorTest" />
    </UnitTest>
    <UnitTest name="CreateProxyTest" storage="c:\users\tj\desktop\cs340project\cs340project\unittesting\bin\debug\unittesting.dll" id="3940fb75-397d-9756-9bd8-7b31d0c643a8">
      <Css projectStructure="" iteration="" />
      <Owners>
        <Owner name="" />
      </Owners>
      <DeploymentItems>
        <DeploymentItem filename="Server.dll" />
      </DeploymentItems>
      <Execution id="6871b4dc-5473-485d-a605-bbfbefb19a44" />
      <TestMethod codeBase="C:\Users\tj\Desktop\cs340project\cs340project\UnitTesting\bin\Debug\UnitTesting.dll" adapterTypeName="Microsoft.VisualStudio.TestTools.TestTypes.Unit.UnitTestAdapter, Microsoft.VisualStudio.QualityTools.Tips.UnitTest.Adapter, Version=9.0.0.0, Culture=neutral, PublicKeyToken=b03f5f7f11d50a3a" className="UnitTesting.ProxifierTest, UnitTesting" name="CreateProxyTest" />
    </UnitTest>
    <UnitTest name="PersonConstructorTest" storage="c:\users\tj\desktop\cs340project\cs340project\unittesting\bin\debug\unittesting.dll" id="5ca94332-198e-b22f-c346-e5e0098cf2af">
      <Css projectStructure="" iteration="" />
      <Owners>
        <Owner name="" />
      </Owners>
      <Execution id="9036ed37-6d5d-434a-a461-8603ee2a497c" />
      <TestMethod codeBase="C:\Users\tj\Desktop\cs340project\cs340project\UnitTesting\bin\Debug\UnitTesting.dll" adapterTypeName="Microsoft.VisualStudio.TestTools.TestTypes.Unit.UnitTestAdapter, Microsoft.VisualStudio.QualityTools.Tips.UnitTest.Adapter, Version=9.0.0.0, Culture=neutral, PublicKeyToken=b03f5f7f11d50a3a" className="UnitTesting.PersonTest, UnitTesting" name="PersonConstructorTest" />
    </UnitTest>
    <UnitTest name="LastTest" storage="c:\users\tj\desktop\cs340project\cs340project\unittesting\bin\debug\unittesting.dll" id="f5ce004b-caac-531c-5c20-af683258bc14">
      <Css projectStructure="" iteration="" />
      <Owners>
        <Owner name="" />
      </Owners>
      <DeploymentItems>
        <DeploymentItem filename="cs340project.exe" />
      </DeploymentItems>
      <Execution id="6889c4a9-b11a-419c-8221-ca512dabeb6f" />
      <TestMethod codeBase="C:\Users\tj\Desktop\cs340project\cs340project\UnitTesting\bin\Debug\UnitTesting.dll" adapterTypeName="Microsoft.VisualStudio.TestTools.TestTypes.Unit.UnitTestAdapter, Microsoft.VisualStudio.QualityTools.Tips.UnitTest.Adapter, Version=9.0.0.0, Culture=neutral, PublicKeyToken=b03f5f7f11d50a3a" className="UnitTesting.PersonNameTest, UnitTesting" name="LastTest" />
    </UnitTest>
    <UnitTest name="AgeTest" storage="c:\users\tj\desktop\cs340project\cs340project\unittesting\bin\debug\unittesting.dll" id="a415cad6-bba8-153b-4b33-0a759bf19cce">
      <Css projectStructure="" iteration="" />
      <Owners>
        <Owner name="" />
      </Owners>
      <Execution id="84093bde-fe50-4da8-adde-fb05e63aeb6c" />
      <TestMethod codeBase="C:\Users\tj\Desktop\cs340project\cs340project\UnitTesting\bin\Debug\UnitTesting.dll" adapterTypeName="Microsoft.VisualStudio.TestTools.TestTypes.Unit.UnitTestAdapter, Microsoft.VisualStudio.QualityTools.Tips.UnitTest.Adapter, Version=9.0.0.0, Culture=neutral, PublicKeyToken=b03f5f7f11d50a3a" className="UnitTesting.PersonTest, UnitTesting" name="AgeTest" />
    </UnitTest>
    <UnitTest name="InvokeAsyncTest" storage="c:\users\tj\desktop\cs340project\cs340project\unittesting\bin\debug\unittesting.dll" id="66d8be9f-7727-8ad8-0be2-1086ff8c6448">
      <Css projectStructure="" iteration="" />
      <Owners>
        <Owner name="" />
      </Owners>
      <Execution id="f533c584-245f-486e-977d-9b09207652dc" />
      <TestMethod codeBase="C:\Users\tj\Desktop\cs340project\cs340project\UnitTesting\bin\Debug\UnitTesting.dll" adapterTypeName="Microsoft.VisualStudio.TestTools.TestTypes.Unit.UnitTestAdapter, Microsoft.VisualStudio.QualityTools.Tips.UnitTest.Adapter, Version=9.0.0.0, Culture=neutral, PublicKeyToken=b03f5f7f11d50a3a" className="UnitTesting.ProxyTest, UnitTesting" name="InvokeAsyncTest" />
    </UnitTest>
    <UnitTest name="AppConstructorTest" storage="c:\users\tj\desktop\cs340project\cs340project\unittesting\bin\debug\unittesting.dll" id="730ecb85-abbd-4258-50fd-0bcc79608446">
      <Css projectStructure="" iteration="" />
      <Owners>
        <Owner name="" />
      </Owners>
      <DeploymentItems>
        <DeploymentItem filename="Server.dll" />
      </DeploymentItems>
      <Execution id="2f5d3f12-b2e4-4144-b281-59d12cc04785" />
      <TestMethod codeBase="C:\Users\tj\Desktop\cs340project\cs340project\UnitTesting\bin\Debug\UnitTesting.dll" adapterTypeName="Microsoft.VisualStudio.TestTools.TestTypes.Unit.UnitTestAdapter, Microsoft.VisualStudio.QualityTools.Tips.UnitTest.Adapter, Version=9.0.0.0, Culture=neutral, PublicKeyToken=b03f5f7f11d50a3a" className="UnitTesting.AppTest, UnitTesting" name="AppConstructorTest" />
    </UnitTest>
    <UnitTest name="NickTest" storage="c:\users\tj\desktop\cs340project\cs340project\unittesting\bin\debug\unittesting.dll" id="f73e5cb3-6129-8dee-c994-fb86c5a820dc">
      <Css projectStructure="" iteration="" />
      <Owners>
        <Owner name="" />
      </Owners>
      <DeploymentItems>
        <DeploymentItem filename="cs340project.exe" />
      </DeploymentItems>
      <Execution id="5fbfa129-3ff4-41ee-ba42-f1d902e9861c" />
      <TestMethod codeBase="C:\Users\tj\Desktop\cs340project\cs340project\UnitTesting\bin\Debug\UnitTesting.dll" adapterTypeName="Microsoft.VisualStudio.TestTools.TestTypes.Unit.UnitTestAdapter, Microsoft.VisualStudio.QualityTools.Tips.UnitTest.Adapter, Version=9.0.0.0, Culture=neutral, PublicKeyToken=b03f5f7f11d50a3a" className="UnitTesting.PersonNameTest, UnitTesting" name="NickTest" />
    </UnitTest>
    <UnitTest name="CreateProxyCodeTest" storage="c:\users\tj\desktop\cs340project\cs340project\unittesting\bin\debug\unittesting.dll" id="a6af233d-5c77-a196-0571-3e2f60ca6923">
      <Css projectStructure="" iteration="" />
      <Owners>
        <Owner name="" />
      </Owners>
      <DeploymentItems>
        <DeploymentItem filename="Server.dll" />
      </DeploymentItems>
      <Execution id="aad8f2e4-82b5-4d41-947b-599abe6460c3" />
      <TestMethod codeBase="C:\Users\tj\Desktop\cs340project\cs340project\UnitTesting\bin\Debug\UnitTesting.dll" adapterTypeName="Microsoft.VisualStudio.TestTools.TestTypes.Unit.UnitTestAdapter, Microsoft.VisualStudio.QualityTools.Tips.UnitTest.Adapter, Version=9.0.0.0, Culture=neutral, PublicKeyToken=b03f5f7f11d50a3a" className="UnitTesting.ProxifierTest, UnitTesting" name="CreateProxyCodeTest" />
    </UnitTest>
    <UnitTest name="App_ResponseConstructorTest" storage="c:\users\tj\desktop\cs340project\cs340project\unittesting\bin\debug\unittesting.dll" id="db858951-75a0-bed6-3fb2-2048ddbd5b39">
      <Css projectStructure="" iteration="" />
      <Owners>
        <Owner name="" />
      </Owners>
      <Execution id="23fdb9d4-4dc8-42ce-b9a4-cef9c5d4fe29" />
      <TestMethod codeBase="C:\Users\tj\Desktop\cs340project\cs340project\UnitTesting\bin\Debug\UnitTesting.dll" adapterTypeName="Microsoft.VisualStudio.TestTools.TestTypes.Unit.UnitTestAdapter, Microsoft.VisualStudio.QualityTools.Tips.UnitTest.Adapter, Version=9.0.0.0, Culture=neutral, PublicKeyToken=b03f5f7f11d50a3a" className="UnitTesting.App_ResponseTest, UnitTesting" name="App_ResponseConstructorTest" />
    </UnitTest>
    <UnitTest name="Network_CommandReceivedTest" storage="c:\users\tj\desktop\cs340project\cs340project\unittesting\bin\debug\unittesting.dll" id="56fa609f-2f52-924c-529a-7c7aa1483dcc">
      <Css projectStructure="" iteration="" />
      <Owners>
        <Owner name="" />
      </Owners>
      <DeploymentItems>
        <DeploymentItem filename="Server.dll" />
      </DeploymentItems>
      <Execution id="e6f0d48a-37b7-442f-85e0-4c831ad1464b" />
      <TestMethod codeBase="C:\Users\tj\Desktop\cs340project\cs340project\UnitTesting\bin\Debug\UnitTesting.dll" adapterTypeName="Microsoft.VisualStudio.TestTools.TestTypes.Unit.UnitTestAdapter, Microsoft.VisualStudio.QualityTools.Tips.UnitTest.Adapter, Version=9.0.0.0, Culture=neutral, PublicKeyToken=b03f5f7f11d50a3a" className="UnitTesting.AppTest, UnitTesting" name="Network_CommandReceivedTest" />
    </UnitTest>
    <UnitTest name="PersonNameConstructorTest" storage="c:\users\tj\desktop\cs340project\cs340project\unittesting\bin\debug\unittesting.dll" id="1db9521d-c38f-fadb-5107-75c30e0c9de5">
      <Css projectStructure="" iteration="" />
      <Owners>
        <Owner name="" />
      </Owners>
      <Execution id="19eb7241-3bcc-423f-9e4b-eb7269d5e03b" />
      <TestMethod codeBase="C:\Users\tj\Desktop\cs340project\cs340project\UnitTesting\bin\Debug\UnitTesting.dll" adapterTypeName="Microsoft.VisualStudio.TestTools.TestTypes.Unit.UnitTestAdapter, Microsoft.VisualStudio.QualityTools.Tips.UnitTest.Adapter, Version=9.0.0.0, Culture=neutral, PublicKeyToken=b03f5f7f11d50a3a" className="UnitTesting.PersonNameTest, UnitTesting" name="PersonNameConstructorTest" />
    </UnitTest>
    <UnitTest name="RunCommandTest" storage="c:\users\tj\desktop\cs340project\cs340project\unittesting\bin\debug\unittesting.dll" id="8c9dbde8-6722-1318-bdac-a026ed4bb1fa">
      <Css projectStructure="" iteration="" />
      <Owners>
        <Owner name="" />
      </Owners>
      <Execution id="2eec25d9-f913-40d7-9ebd-f62819ea708b" />
      <TestMethod codeBase="C:\Users\tj\Desktop\cs340project\cs340project\UnitTesting\bin\Debug\UnitTesting.dll" adapterTypeName="Microsoft.VisualStudio.TestTools.TestTypes.Unit.UnitTestAdapter, Microsoft.VisualStudio.QualityTools.Tips.UnitTest.Adapter, Version=9.0.0.0, Culture=neutral, PublicKeyToken=b03f5f7f11d50a3a" className="UnitTesting.AppTest, UnitTesting" name="RunCommandTest" />
    </UnitTest>
    <UnitTest name="AddObjectTest" storage="c:\users\tj\desktop\cs340project\cs340project\unittesting\bin\debug\unittesting.dll" id="5c424612-2e07-4702-a1f6-55ea56af99cf">
      <Css projectStructure="" iteration="" />
      <Owners>
        <Owner name="" />
      </Owners>
      <Execution id="98b0fead-a898-4de0-a88b-baffab84bda9" />
      <TestMethod codeBase="C:\Users\tj\Desktop\cs340project\cs340project\UnitTesting\bin\Debug\UnitTesting.dll" adapterTypeName="Microsoft.VisualStudio.TestTools.TestTypes.Unit.UnitTestAdapter, Microsoft.VisualStudio.QualityTools.Tips.UnitTest.Adapter, Version=9.0.0.0, Culture=neutral, PublicKeyToken=b03f5f7f11d50a3a" className="UnitTesting.AppTest, UnitTesting" name="AddObjectTest" />
    </UnitTest>
    <UnitTest name="GetProxyTest" storage="c:\users\tj\desktop\cs340project\cs340project\unittesting\bin\debug\unittesting.dll" id="683d7b11-8f37-6824-c67d-df8fe868b02f">
      <Css projectStructure="" iteration="" />
      <Owners>
        <Owner name="" />
      </Owners>
      <Execution id="1582b1c3-7536-45f8-8ade-5bc668d958e0" />
      <TestMethod codeBase="C:\Users\tj\Desktop\cs340project\cs340project\UnitTesting\bin\Debug\UnitTesting.dll" adapterTypeName="Microsoft.VisualStudio.TestTools.TestTypes.Unit.UnitTestAdapter, Microsoft.VisualStudio.QualityTools.Tips.UnitTest.Adapter, Version=9.0.0.0, Culture=neutral, PublicKeyToken=b03f5f7f11d50a3a" className="UnitTesting.ProxifierTest, UnitTesting" name="GetProxyTest" />
    </UnitTest>
    <UnitTest name="ProxifierConstructorTest" storage="c:\users\tj\desktop\cs340project\cs340project\unittesting\bin\debug\unittesting.dll" id="627c4da3-dea1-3689-40a2-0bf0428012b1">
      <Css projectStructure="" iteration="" />
      <Owners>
        <Owner name="" />
      </Owners>
      <Execution id="6eac2115-d393-49d6-8ecc-1479002260c2" />
      <TestMethod codeBase="C:\Users\tj\Desktop\cs340project\cs340project\UnitTesting\bin\Debug\UnitTesting.dll" adapterTypeName="Microsoft.VisualStudio.TestTools.TestTypes.Unit.UnitTestAdapter, Microsoft.VisualStudio.QualityTools.Tips.UnitTest.Adapter, Version=9.0.0.0, Culture=neutral, PublicKeyToken=b03f5f7f11d50a3a" className="UnitTesting.ProxifierTest, UnitTesting" name="ProxifierConstructorTest" />
    </UnitTest>
    <UnitTest name="InvokeTest" storage="c:\users\tj\desktop\cs340project\cs340project\unittesting\bin\debug\unittesting.dll" id="e6771e7a-94a8-1d80-9bdf-2abc3a024bab">
      <Css projectStructure="" iteration="" />
      <Owners>
        <Owner name="" />
      </Owners>
      <Execution id="ef68c350-6bf0-4924-9617-7d7dc462fa43" />
      <TestMethod codeBase="C:\Users\tj\Desktop\cs340project\cs340project\UnitTesting\bin\Debug\UnitTesting.dll" adapterTypeName="Microsoft.VisualStudio.TestTools.TestTypes.Unit.UnitTestAdapter, Microsoft.VisualStudio.QualityTools.Tips.UnitTest.Adapter, Version=9.0.0.0, Culture=neutral, PublicKeyToken=b03f5f7f11d50a3a" className="UnitTesting.ProxyTest, UnitTesting" name="InvokeTest" />
    </UnitTest>
    <UnitTest name="FirstTest" storage="c:\users\tj\desktop\cs340project\cs340project\unittesting\bin\debug\unittesting.dll" id="21066473-71a8-cfe2-d286-052ffd2fff86">
      <Css projectStructure="" iteration="" />
      <Owners>
        <Owner name="" />
      </Owners>
      <DeploymentItems>
        <DeploymentItem filename="cs340project.exe" />
      </DeploymentItems>
      <Execution id="9d504477-5ad5-48da-b7c5-2822592da3c0" />
      <TestMethod codeBase="C:\Users\tj\Desktop\cs340project\cs340project\UnitTesting\bin\Debug\UnitTesting.dll" adapterTypeName="Microsoft.VisualStudio.TestTools.TestTypes.Unit.UnitTestAdapter, Microsoft.VisualStudio.QualityTools.Tips.UnitTest.Adapter, Version=9.0.0.0, Culture=neutral, PublicKeyToken=b03f5f7f11d50a3a" className="UnitTesting.PersonNameTest, UnitTesting" name="FirstTest" />
    </UnitTest>
    <UnitTest name="Network_ResponseReceivedTest" storage="c:\users\tj\desktop\cs340project\cs340project\unittesting\bin\debug\unittesting.dll" id="eb34f4df-4372-47da-cae9-856d79d02100">
      <Css projectStructure="" iteration="" />
      <Owners>
        <Owner name="" />
      </Owners>
      <DeploymentItems>
        <DeploymentItem filename="Server.dll" />
      </DeploymentItems>
      <Execution id="443458fd-7be3-448b-b9ff-f8cea5500488" />
      <TestMethod codeBase="C:\Users\tj\Desktop\cs340project\cs340project\UnitTesting\bin\Debug\UnitTesting.dll" adapterTypeName="Microsoft.VisualStudio.TestTools.TestTypes.Unit.UnitTestAdapter, Microsoft.VisualStudio.QualityTools.Tips.UnitTest.Adapter, Version=9.0.0.0, Culture=neutral, PublicKeyToken=b03f5f7f11d50a3a" className="UnitTesting.ProxyTest, UnitTesting" name="Network_ResponseReceivedTest" />
    </UnitTest>
  </TestDefinitions>
  <TestLists>
    <TestList name="Results Not in a List" id="8c84fa94-04c1-424b-9868-57a2d4851a1d" />
    <TestList name="All Loaded Results" id="19431567-8539-422a-85d7-44ee4e166bda" />
  </TestLists>
  <TestEntries>
    <TestEntry testId="1849cd97-e971-9c37-12ab-060f8c40d010" executionId="dd3d4540-47ee-4303-ae76-3436c6f9ab1a" testListId="8c84fa94-04c1-424b-9868-57a2d4851a1d" />
    <TestEntry testId="db858951-75a0-bed6-3fb2-2048ddbd5b39" executionId="23fdb9d4-4dc8-42ce-b9a4-cef9c5d4fe29" testListId="8c84fa94-04c1-424b-9868-57a2d4851a1d" />
    <TestEntry testId="8c9dbde8-6722-1318-bdac-a026ed4bb1fa" executionId="2eec25d9-f913-40d7-9ebd-f62819ea708b" testListId="8c84fa94-04c1-424b-9868-57a2d4851a1d" />
    <TestEntry testId="56fa609f-2f52-924c-529a-7c7aa1483dcc" executionId="e6f0d48a-37b7-442f-85e0-4c831ad1464b" testListId="8c84fa94-04c1-424b-9868-57a2d4851a1d" />
    <TestEntry testId="63b4d1a4-86a1-7201-e8be-a62b70a2e4a2" executionId="24715628-218d-42a8-9507-e4f57d83ad98" testListId="8c84fa94-04c1-424b-9868-57a2d4851a1d" />
    <TestEntry testId="5c424612-2e07-4702-a1f6-55ea56af99cf" executionId="98b0fead-a898-4de0-a88b-baffab84bda9" testListId="8c84fa94-04c1-424b-9868-57a2d4851a1d" />
    <TestEntry testId="730ecb85-abbd-4258-50fd-0bcc79608446" executionId="2f5d3f12-b2e4-4144-b281-59d12cc04785" testListId="8c84fa94-04c1-424b-9868-57a2d4851a1d" />
    <TestEntry testId="f73e5cb3-6129-8dee-c994-fb86c5a820dc" executionId="5fbfa129-3ff4-41ee-ba42-f1d902e9861c" testListId="8c84fa94-04c1-424b-9868-57a2d4851a1d" />
    <TestEntry testId="f5ce004b-caac-531c-5c20-af683258bc14" executionId="6889c4a9-b11a-419c-8221-ca512dabeb6f" testListId="8c84fa94-04c1-424b-9868-57a2d4851a1d" />
    <TestEntry testId="21066473-71a8-cfe2-d286-052ffd2fff86" executionId="9d504477-5ad5-48da-b7c5-2822592da3c0" testListId="8c84fa94-04c1-424b-9868-57a2d4851a1d" />
    <TestEntry testId="1db9521d-c38f-fadb-5107-75c30e0c9de5" executionId="19eb7241-3bcc-423f-9e4b-eb7269d5e03b" testListId="8c84fa94-04c1-424b-9868-57a2d4851a1d" />
    <TestEntry testId="b1d759de-a9df-e98a-e0dc-ecc5cc22adcf" executionId="c682b172-925b-4267-8a43-01423b178813" testListId="8c84fa94-04c1-424b-9868-57a2d4851a1d" />
    <TestEntry testId="a415cad6-bba8-153b-4b33-0a759bf19cce" executionId="84093bde-fe50-4da8-adde-fb05e63aeb6c" testListId="8c84fa94-04c1-424b-9868-57a2d4851a1d" />
    <TestEntry testId="5ca94332-198e-b22f-c346-e5e0098cf2af" executionId="9036ed37-6d5d-434a-a461-8603ee2a497c" testListId="8c84fa94-04c1-424b-9868-57a2d4851a1d" />
    <TestEntry testId="683d7b11-8f37-6824-c67d-df8fe868b02f" executionId="1582b1c3-7536-45f8-8ade-5bc668d958e0" testListId="8c84fa94-04c1-424b-9868-57a2d4851a1d" />
    <TestEntry testId="a6af233d-5c77-a196-0571-3e2f60ca6923" executionId="aad8f2e4-82b5-4d41-947b-599abe6460c3" testListId="8c84fa94-04c1-424b-9868-57a2d4851a1d" />
    <TestEntry testId="3940fb75-397d-9756-9bd8-7b31d0c643a8" executionId="6871b4dc-5473-485d-a605-bbfbefb19a44" testListId="8c84fa94-04c1-424b-9868-57a2d4851a1d" />
    <TestEntry testId="627c4da3-dea1-3689-40a2-0bf0428012b1" executionId="6eac2115-d393-49d6-8ecc-1479002260c2" testListId="8c84fa94-04c1-424b-9868-57a2d4851a1d" />
    <TestEntry testId="eb34f4df-4372-47da-cae9-856d79d02100" executionId="443458fd-7be3-448b-b9ff-f8cea5500488" testListId="8c84fa94-04c1-424b-9868-57a2d4851a1d" />
    <TestEntry testId="66d8be9f-7727-8ad8-0be2-1086ff8c6448" executionId="f533c584-245f-486e-977d-9b09207652dc" testListId="8c84fa94-04c1-424b-9868-57a2d4851a1d" />
    <TestEntry testId="e6771e7a-94a8-1d80-9bdf-2abc3a024bab" executionId="ef68c350-6bf0-4924-9617-7d7dc462fa43" testListId="8c84fa94-04c1-424b-9868-57a2d4851a1d" />
    <TestEntry testId="c7c5382e-9f9d-7db1-78d0-6da772ada96f" executionId="40261e13-1e50-4817-a35e-ad68ff0d209f" testListId="8c84fa94-04c1-424b-9868-57a2d4851a1d" />
  </TestEntries>
  <Results>
    <UnitTestResult executionId="dd3d4540-47ee-4303-ae76-3436c6f9ab1a" testId="1849cd97-e971-9c37-12ab-060f8c40d010" testName="App_CommandConstructorTest" computerName="XPSHIZZLE" duration="00:00:00.0566538" startTime="2010-01-24T20:31:45.1564453-07:00" endTime="2010-01-24T20:31:45.5789518-07:00" testType="13cdc9d9-ddb5-4fa4-a97d-d965ccfc6d4b" outcome="Inconclusive" testListId="8c84fa94-04c1-424b-9868-57a2d4851a1d">
      <Output>
        <ErrorInfo>
          <Message>Assert.Inconclusive failed. TODO: Implement code to verify target</Message>
          <StackTrace>   at UnitTesting.App_CommandTest.App_CommandConstructorTest() in C:\Users\tj\Desktop\cs340project\cs340project\UnitTesting\App_CommandTest.cs:line 77
</StackTrace>
        </ErrorInfo>
      </Output>
    </UnitTestResult>
    <UnitTestResult executionId="23fdb9d4-4dc8-42ce-b9a4-cef9c5d4fe29" testId="db858951-75a0-bed6-3fb2-2048ddbd5b39" testName="App_ResponseConstructorTest" computerName="XPSHIZZLE" duration="00:00:00.0137812" startTime="2010-01-24T20:31:45.5839519-07:00" endTime="2010-01-24T20:31:45.6039522-07:00" testType="13cdc9d9-ddb5-4fa4-a97d-d965ccfc6d4b" outcome="Inconclusive" testListId="8c84fa94-04c1-424b-9868-57a2d4851a1d">
      <Output>
        <ErrorInfo>
          <Message>Assert.Inconclusive failed. TODO: Implement code to verify target</Message>
          <StackTrace>   at UnitTesting.App_ResponseTest.App_ResponseConstructorTest() in C:\Users\tj\Desktop\cs340project\cs340project\UnitTesting\App_ResponseTest.cs:line 74
</StackTrace>
        </ErrorInfo>
      </Output>
    </UnitTestResult>
    <UnitTestResult executionId="2eec25d9-f913-40d7-9ebd-f62819ea708b" testId="8c9dbde8-6722-1318-bdac-a026ed4bb1fa" testName="RunCommandTest" computerName="XPSHIZZLE" duration="00:00:00.0794688" startTime="2010-01-24T20:31:45.6264526-07:00" endTime="2010-01-24T20:31:45.7139539-07:00" testType="13cdc9d9-ddb5-4fa4-a97d-d965ccfc6d4b" outcome="Failed" testListId="8c84fa94-04c1-424b-9868-57a2d4851a1d">
      <Output>
        <ErrorInfo>
          <Message>Test method UnitTesting.AppTest.RunCommandTest threw exception:  System.NullReferenceException: Object reference not set to an instance of an object..</Message>
          <StackTrace>   at cs340project.App_Accessor.RunCommand(Command cmd)
   at UnitTesting.AppTest.RunCommandTest() in C:\Users\tj\Desktop\cs340project\cs340project\UnitTesting\AppTest.cs:line 78
</StackTrace>
        </ErrorInfo>
      </Output>
    </UnitTestResult>
    <UnitTestResult executionId="e6f0d48a-37b7-442f-85e0-4c831ad1464b" testId="56fa609f-2f52-924c-529a-7c7aa1483dcc" testName="Network_CommandReceivedTest" computerName="XPSHIZZLE" duration="00:00:00.0141839" startTime="2010-01-24T20:31:45.7289541-07:00" endTime="2010-01-24T20:31:45.7489544-07:00" testType="13cdc9d9-ddb5-4fa4-a97d-d965ccfc6d4b" outcome="Failed" testListId="8c84fa94-04c1-424b-9868-57a2d4851a1d">
      <Output>
        <ErrorInfo>
          <Message>Test method UnitTesting.AppTest.Network_CommandReceivedTest threw exception:  System.NullReferenceException: Object reference not set to an instance of an object..</Message>
          <StackTrace>   at cs340project.App_Accessor.Network_CommandReceived(TcpClient client, Command cmd)
   at UnitTesting.AppTest.Network_CommandReceivedTest() in C:\Users\tj\Desktop\cs340project\cs340project\UnitTesting\AppTest.cs:line 94
</StackTrace>
        </ErrorInfo>
      </Output>
    </UnitTestResult>
    <UnitTestResult executionId="24715628-218d-42a8-9507-e4f57d83ad98" testId="63b4d1a4-86a1-7201-e8be-a62b70a2e4a2" testName="GetAppTest" computerName="XPSHIZZLE" duration="00:00:00.0194331" startTime="2010-01-24T20:31:45.7589546-07:00" endTime="2010-01-24T20:31:45.7839550-07:00" testType="13cdc9d9-ddb5-4fa4-a97d-d965ccfc6d4b" outcome="Failed" testListId="8c84fa94-04c1-424b-9868-57a2d4851a1d">
      <Output>
        <ErrorInfo>
          <Message>Assert.AreEqual failed. Expected:&lt;(null)&gt;. Actual:&lt;cs340project.App&gt;. </Message>
          <StackTrace>   at UnitTesting.AppTest.GetAppTest() in C:\Users\tj\Desktop\cs340project\cs340project\UnitTesting\AppTest.cs:line 108
</StackTrace>
        </ErrorInfo>
      </Output>
    </UnitTestResult>
    <UnitTestResult executionId="98b0fead-a898-4de0-a88b-baffab84bda9" testId="5c424612-2e07-4702-a1f6-55ea56af99cf" testName="AddObjectTest" computerName="XPSHIZZLE" duration="00:00:00.0150666" startTime="2010-01-24T20:31:45.7939551-07:00" endTime="2010-01-24T20:31:45.8164555-07:00" testType="13cdc9d9-ddb5-4fa4-a97d-d965ccfc6d4b" outcome="Failed" testListId="8c84fa94-04c1-424b-9868-57a2d4851a1d">
      <Output>
        <ErrorInfo>
          <Message>Test method UnitTesting.AppTest.AddObjectTest threw exception:  System.NullReferenceException: Object reference not set to an instance of an object..</Message>
          <StackTrace>   at cs340project.App_Accessor.AddObject(Object o)
   at UnitTesting.AppTest.AddObjectTest() in C:\Users\tj\Desktop\cs340project\cs340project\UnitTesting\AppTest.cs:line 121
</StackTrace>
        </ErrorInfo>
      </Output>
    </UnitTestResult>
    <UnitTestResult executionId="2f5d3f12-b2e4-4144-b281-59d12cc04785" testId="730ecb85-abbd-4258-50fd-0bcc79608446" testName="AppConstructorTest" computerName="XPSHIZZLE" duration="00:00:00.0154973" startTime="2010-01-24T20:31:45.8264556-07:00" endTime="2010-01-24T20:31:45.8489560-07:00" testType="13cdc9d9-ddb5-4fa4-a97d-d965ccfc6d4b" outcome="Inconclusive" testListId="8c84fa94-04c1-424b-9868-57a2d4851a1d">
      <Output>
        <ErrorInfo>
          <Message>Assert.Inconclusive failed. TODO: Implement code to verify target</Message>
          <StackTrace>   at UnitTesting.AppTest.AppConstructorTest() in C:\Users\tj\Desktop\cs340project\cs340project\UnitTesting\AppTest.cs:line 134
</StackTrace>
        </ErrorInfo>
      </Output>
    </UnitTestResult>
    <UnitTestResult executionId="5fbfa129-3ff4-41ee-ba42-f1d902e9861c" testId="f73e5cb3-6129-8dee-c994-fb86c5a820dc" testName="NickTest" computerName="XPSHIZZLE" duration="00:00:00.0984897" startTime="2010-01-24T20:31:45.8589561-07:00" endTime="2010-01-24T20:31:45.9639577-07:00" testType="13cdc9d9-ddb5-4fa4-a97d-d965ccfc6d4b" outcome="Failed" testListId="8c84fa94-04c1-424b-9868-57a2d4851a1d">
      <Output>
        <ErrorInfo>
          <Message>Test method UnitTesting.PersonNameTest.NickTest threw exception:  System.NullReferenceException: Object reference not set to an instance of an object..</Message>
          <StackTrace>   at cs340project.PersonName_Accessor.set_Nick(String value)
   at UnitTesting.PersonNameTest.NickTest() in C:\Users\tj\Desktop\cs340project\cs340project\UnitTesting\PersonNameTest.cs:line 76
</StackTrace>
        </ErrorInfo>
      </Output>
    </UnitTestResult>
    <UnitTestResult executionId="6889c4a9-b11a-419c-8221-ca512dabeb6f" testId="f5ce004b-caac-531c-5c20-af683258bc14" testName="LastTest" computerName="XPSHIZZLE" duration="00:00:00.0127488" startTime="2010-01-24T20:31:45.9739579-07:00" endTime="2010-01-24T20:31:45.9939582-07:00" testType="13cdc9d9-ddb5-4fa4-a97d-d965ccfc6d4b" outcome="Failed" testListId="8c84fa94-04c1-424b-9868-57a2d4851a1d">
      <Output>
        <ErrorInfo>
          <Message>Test method UnitTesting.PersonNameTest.LastTest threw exception:  System.NullReferenceException: Object reference not set to an instance of an object..</Message>
          <StackTrace>   at cs340project.PersonName_Accessor.set_Last(String value)
   at UnitTesting.PersonNameTest.LastTest() in C:\Users\tj\Desktop\cs340project\cs340project\UnitTesting\PersonNameTest.cs:line 93
</StackTrace>
        </ErrorInfo>
      </Output>
    </UnitTestResult>
    <UnitTestResult executionId="9d504477-5ad5-48da-b7c5-2822592da3c0" testId="21066473-71a8-cfe2-d286-052ffd2fff86" testName="FirstTest" computerName="XPSHIZZLE" duration="00:00:00.0171939" startTime="2010-01-24T20:31:46.0064584-07:00" endTime="2010-01-24T20:31:46.0364589-07:00" testType="13cdc9d9-ddb5-4fa4-a97d-d965ccfc6d4b" outcome="Inconclusive" testListId="8c84fa94-04c1-424b-9868-57a2d4851a1d">
      <Output>
        <ErrorInfo>
          <Message>Assert.Inconclusive failed. Verify the correctness of this test method.</Message>
          <StackTrace>   at UnitTesting.PersonNameTest.FirstTest() in C:\Users\tj\Desktop\cs340project\cs340project\UnitTesting\PersonNameTest.cs:line 115
</StackTrace>
        </ErrorInfo>
      </Output>
    </UnitTestResult>
    <UnitTestResult executionId="19eb7241-3bcc-423f-9e4b-eb7269d5e03b" testId="1db9521d-c38f-fadb-5107-75c30e0c9de5" testName="PersonNameConstructorTest" computerName="XPSHIZZLE" duration="00:00:00.0128165" startTime="2010-01-24T20:31:46.0464590-07:00" endTime="2010-01-24T20:31:46.0639593-07:00" testType="13cdc9d9-ddb5-4fa4-a97d-d965ccfc6d4b" outcome="Inconclusive" testListId="8c84fa94-04c1-424b-9868-57a2d4851a1d">
      <Output>
        <ErrorInfo>
          <Message>Assert.Inconclusive failed. TODO: Implement code to verify target</Message>
          <StackTrace>   at UnitTesting.PersonNameTest.PersonNameConstructorTest() in C:\Users\tj\Desktop\cs340project\cs340project\UnitTesting\PersonNameTest.cs:line 137
</StackTrace>
        </ErrorInfo>
      </Output>
    </UnitTestResult>
    <UnitTestResult executionId="c682b172-925b-4267-8a43-01423b178813" testId="b1d759de-a9df-e98a-e0dc-ecc5cc22adcf" testName="MyNameTest" computerName="XPSHIZZLE" duration="00:00:00.0137750" startTime="2010-01-24T20:31:46.0714594-07:00" endTime="2010-01-24T20:31:46.0914597-07:00" testType="13cdc9d9-ddb5-4fa4-a97d-d965ccfc6d4b" outcome="Inconclusive" testListId="8c84fa94-04c1-424b-9868-57a2d4851a1d">
      <Output>
        <ErrorInfo>
          <Message>Assert.Inconclusive failed. Verify the correctness of this test method.</Message>
          <StackTrace>   at UnitTesting.PersonTest.MyNameTest() in C:\Users\tj\Desktop\cs340project\cs340project\UnitTesting\PersonTest.cs:line 77
</StackTrace>
        </ErrorInfo>
      </Output>
    </UnitTestResult>
    <UnitTestResult executionId="84093bde-fe50-4da8-adde-fb05e63aeb6c" testId="a415cad6-bba8-153b-4b33-0a759bf19cce" testName="AgeTest" computerName="XPSHIZZLE" duration="00:00:00.0158270" startTime="2010-01-24T20:31:46.1014599-07:00" endTime="2010-01-24T20:31:46.1214602-07:00" testType="13cdc9d9-ddb5-4fa4-a97d-d965ccfc6d4b" outcome="Inconclusive" testListId="8c84fa94-04c1-424b-9868-57a2d4851a1d">
      <Output>
        <ErrorInfo>
          <Message>Assert.Inconclusive failed. Verify the correctness of this test method.</Message>
          <StackTrace>   at UnitTesting.PersonTest.AgeTest() in C:\Users\tj\Desktop\cs340project\cs340project\UnitTesting\PersonTest.cs:line 92
</StackTrace>
        </ErrorInfo>
      </Output>
    </UnitTestResult>
    <UnitTestResult executionId="9036ed37-6d5d-434a-a461-8603ee2a497c" testId="5ca94332-198e-b22f-c346-e5e0098cf2af" testName="PersonConstructorTest" computerName="XPSHIZZLE" duration="00:00:00.0136149" startTime="2010-01-24T20:31:46.1314603-07:00" endTime="2010-01-24T20:31:46.1514606-07:00" testType="13cdc9d9-ddb5-4fa4-a97d-d965ccfc6d4b" outcome="Inconclusive" testListId="8c84fa94-04c1-424b-9868-57a2d4851a1d">
      <Output>
        <ErrorInfo>
          <Message>Assert.Inconclusive failed. TODO: Implement code to verify target</Message>
          <StackTrace>   at UnitTesting.PersonTest.PersonConstructorTest() in C:\Users\tj\Desktop\cs340project\cs340project\UnitTesting\PersonTest.cs:line 102
</StackTrace>
        </ErrorInfo>
      </Output>
    </UnitTestResult>
    <UnitTestResult executionId="1582b1c3-7536-45f8-8ade-5bc668d958e0" testId="683d7b11-8f37-6824-c67d-df8fe868b02f" testName="GetProxyTest" computerName="XPSHIZZLE" duration="00:00:00.1493405" startTime="2010-01-24T20:31:46.1614608-07:00" endTime="2010-01-24T20:31:46.3164632-07:00" testType="13cdc9d9-ddb5-4fa4-a97d-d965ccfc6d4b" outcome="Failed" testListId="8c84fa94-04c1-424b-9868-57a2d4851a1d">
      <Output>
        <DebugTrace>using System;
namespace Microsoft.VisualStudio.TestTools.UnitTesting
{
	class GenericParameterHelperProxy : Microsoft.VisualStudio.TestTools.UnitTesting.GenericParameterHelper
	{
		Proxy proxy = null;
		public GenericParameterHelperProxy(string server, int port, int id)
		{
			proxy = new Proxy(server, port, id);
		}
		public override System.Boolean Equals(System.Object obj)
		{
			return (System.Boolean)this.proxy.Invoke("Equals", obj);
		}
		public override System.Int32 GetHashCode()
		{
			return (System.Int32)this.proxy.Invoke("GetHashCode");
		}
		public override System.Int32 CompareTo(System.Object obj)
		{
			return (System.Int32)this.proxy.Invoke("CompareTo", obj);
		}
		public override System.Collections.IEnumerator GetEnumerator()
		{
			return (System.Collections.IEnumerator)this.proxy.Invoke("GetEnumerator");
		}
		public override System.Object Clone()
		{
			return (System.Object)this.proxy.Invoke("Clone");
		}
		public override System.String ToString()
		{
			return (System.String)this.proxy.Invoke("ToString");
		}
	}
}

</DebugTrace>
        <ErrorInfo>
          <Message>Test method UnitTesting.ProxifierTest.GetProxyTest threw exception:  System.IO.FileNotFoundException: Could not load file or assembly 'file:///C:\Users\tj\AppData\Local\Temp\ewg6b6nq.dll' or one of its dependencies. The system cannot find the file specified.=== Pre-bind state information ===
LOG: User = XPSHIZZLE\tj
LOG: Where-ref bind. Location = C:\Users\tj\AppData\Local\Temp\ewg6b6nq.dll
LOG: Appbase = file:///C:/Program Files/Microsoft Visual Studio 9.0/Common7/IDE/
LOG: Initial PrivatePath = PublicAssemblies;PrivateAssemblies
Calling assembly : (Unknown).
===
LOG: This bind starts in LoadFrom load context.
WRN: Native image will not be probed in LoadFrom context. Native image will only be probed in default load context, like with Assembly.Load().
LOG: Using application configuration file: C:\Program Files\Microsoft Visual Studio 9.0\Common7\IDE\vstesthost.exe.Config
LOG: Using machine configuration file from C:\Windows\Microsoft.NET\Framework\v2.0.50727\config\machine.config.
LOG: Attempting download of new URL file:///C:/Users/tj/AppData/Local/Temp/ewg6b6nq.dll.
.</Message>
          <StackTrace>    at System.Reflection.Assembly._nLoad(AssemblyName fileName, String codeBase, Evidence assemblySecurity, Assembly locationHint, StackCrawlMark&amp; stackMark, Boolean throwOnFileNotFound, Boolean forIntrospection)
   at System.Reflection.Assembly.nLoad(AssemblyName fileName, String codeBase, Evidence assemblySecurity, Assembly locationHint, StackCrawlMark&amp; stackMark, Boolean throwOnFileNotFound, Boolean forIntrospection)
   at System.Reflection.Assembly.InternalLoad(AssemblyName assemblyRef, Evidence assemblySecurity, StackCrawlMark&amp; stackMark, Boolean forIntrospection)
   at System.Reflection.Assembly.Load(AssemblyName assemblyRef, Evidence assemblySecurity)
   at System.CodeDom.Compiler.CompilerResults.get_CompiledAssembly()
   at cs340project.Proxifier.CreateProxy(Type original) in C:\Users\tj\Desktop\cs340project\cs340project\Server\Proxifier.cs:line 134
   at cs340project.Proxifier.GetProxy[T](String server, Int32 port, Int32 id) in C:\Users\tj\Desktop\cs340project\cs340project\Server\Proxifier.cs:line 110
   at UnitTesting.ProxifierTest.GetProxyTestHelper[T]() in C:\Users\tj\Desktop\cs340project\cs340project\UnitTesting\ProxifierTest.cs:line 77
   at UnitTesting.ProxifierTest.GetProxyTest() in C:\Users\tj\Desktop\cs340project\cs340project\UnitTesting\ProxifierTest.cs:line 85
</StackTrace>
        </ErrorInfo>
      </Output>
    </UnitTestResult>
    <UnitTestResult executionId="aad8f2e4-82b5-4d41-947b-599abe6460c3" testId="a6af233d-5c77-a196-0571-3e2f60ca6923" testName="CreateProxyCodeTest" computerName="XPSHIZZLE" duration="00:00:00.0349588" startTime="2010-01-24T20:31:46.3239633-07:00" endTime="2010-01-24T20:31:46.3639639-07:00" testType="13cdc9d9-ddb5-4fa4-a97d-d965ccfc6d4b" outcome="Failed" testListId="8c84fa94-04c1-424b-9868-57a2d4851a1d">
      <Output>
        <ErrorInfo>
          <Message>Test method UnitTesting.ProxifierTest.CreateProxyCodeTest threw exception:  System.NullReferenceException: Object reference not set to an instance of an object..</Message>
          <StackTrace>    at cs340project.Proxifier.CreateProxyCode(Type original) in C:\Users\tj\Desktop\cs340project\cs340project\Server\Proxifier.cs:line 151
   at cs340project.Proxifier_Accessor.CreateProxyCode(Type original)
   at UnitTesting.ProxifierTest.CreateProxyCodeTest() in C:\Users\tj\Desktop\cs340project\cs340project\UnitTesting\ProxifierTest.cs:line 98
</StackTrace>
        </ErrorInfo>
      </Output>
    </UnitTestResult>
    <UnitTestResult executionId="6871b4dc-5473-485d-a605-bbfbefb19a44" testId="3940fb75-397d-9756-9bd8-7b31d0c643a8" testName="CreateProxyTest" computerName="XPSHIZZLE" duration="00:00:00.0238190" startTime="2010-01-24T20:31:46.3864642-07:00" endTime="2010-01-24T20:31:46.4139647-07:00" testType="13cdc9d9-ddb5-4fa4-a97d-d965ccfc6d4b" outcome="Failed" testListId="8c84fa94-04c1-424b-9868-57a2d4851a1d">
      <Output>
        <ErrorInfo>
          <Message>Test method UnitTesting.ProxifierTest.CreateProxyTest threw exception:  System.ArgumentNullException: Value cannot be null.
Parameter name: key.</Message>
          <StackTrace>    at System.ThrowHelper.ThrowArgumentNullException(ExceptionArgument argument)
   at System.Collections.Generic.Dictionary`2.FindEntry(TKey key)
   at System.Collections.Generic.Dictionary`2.TryGetValue(TKey key, TValue&amp; value)
   at cs340project.Proxifier.CreateProxy(Type original) in C:\Users\tj\Desktop\cs340project\cs340project\Server\Proxifier.cs:line 123
   at cs340project.Proxifier_Accessor.CreateProxy(Type original)
   at UnitTesting.ProxifierTest.CreateProxyTest() in C:\Users\tj\Desktop\cs340project\cs340project\UnitTesting\ProxifierTest.cs:line 113
</StackTrace>
        </ErrorInfo>
      </Output>
    </UnitTestResult>
    <UnitTestResult executionId="6eac2115-d393-49d6-8ecc-1479002260c2" testId="627c4da3-dea1-3689-40a2-0bf0428012b1" testName="ProxifierConstructorTest" computerName="XPSHIZZLE" duration="00:00:00.0123674" startTime="2010-01-24T20:31:46.4239648-07:00" endTime="2010-01-24T20:31:46.4414651-07:00" testType="13cdc9d9-ddb5-4fa4-a97d-d965ccfc6d4b" outcome="Inconclusive" testListId="8c84fa94-04c1-424b-9868-57a2d4851a1d">
      <Output>
        <ErrorInfo>
          <Message>Assert.Inconclusive failed. TODO: Implement code to verify target</Message>
          <StackTrace>   at UnitTesting.ProxifierTest.ProxifierConstructorTest() in C:\Users\tj\Desktop\cs340project\cs340project\UnitTesting\ProxifierTest.cs:line 125
</StackTrace>
        </ErrorInfo>
      </Output>
    </UnitTestResult>
    <UnitTestResult executionId="443458fd-7be3-448b-b9ff-f8cea5500488" testId="eb34f4df-4372-47da-cae9-856d79d02100" testName="Network_ResponseReceivedTest" computerName="XPSHIZZLE" duration="00:00:00.0148226" startTime="2010-01-24T20:31:46.4514652-07:00" endTime="2010-01-24T20:31:46.4714655-07:00" testType="13cdc9d9-ddb5-4fa4-a97d-d965ccfc6d4b" outcome="Failed" testListId="8c84fa94-04c1-424b-9868-57a2d4851a1d">
      <Output>
        <ErrorInfo>
          <Message>Test method UnitTesting.ProxyTest.Network_ResponseReceivedTest threw exception:  System.NullReferenceException: Object reference not set to an instance of an object..</Message>
          <StackTrace>   at cs340project.Proxy_Accessor.Network_ResponseReceived(TcpClient client, Response cmd)
   at UnitTesting.ProxyTest.Network_ResponseReceivedTest() in C:\Users\tj\Desktop\cs340project\cs340project\UnitTesting\ProxyTest.cs:line 78
</StackTrace>
        </ErrorInfo>
      </Output>
    </UnitTestResult>
    <UnitTestResult executionId="f533c584-245f-486e-977d-9b09207652dc" testId="66d8be9f-7727-8ad8-0be2-1086ff8c6448" testName="InvokeAsyncTest" computerName="XPSHIZZLE" duration="00:00:00.0245529" startTime="2010-01-24T20:31:46.4839657-07:00" endTime="2010-01-24T20:31:46.5139662-07:00" testType="13cdc9d9-ddb5-4fa4-a97d-d965ccfc6d4b" outcome="Failed" testListId="8c84fa94-04c1-424b-9868-57a2d4851a1d">
      <Output>
        <ErrorInfo>
          <Message>Assert.AreEqual failed. Expected:&lt;(null)&gt;. Actual:&lt;cs340project.App+Command&gt;. </Message>
          <StackTrace>   at UnitTesting.ProxyTest.InvokeAsyncTest() in C:\Users\tj\Desktop\cs340project\cs340project\UnitTesting\ProxyTest.cs:line 97
</StackTrace>
        </ErrorInfo>
      </Output>
    </UnitTestResult>
    <UnitTestResult executionId="ef68c350-6bf0-4924-9617-7d7dc462fa43" testId="e6771e7a-94a8-1d80-9bdf-2abc3a024bab" testName="InvokeTest" computerName="XPSHIZZLE" duration="00:00:11.1676715" startTime="2010-01-24T20:31:46.5339665-07:00" endTime="2010-01-24T20:31:57.7016380-07:00" testType="13cdc9d9-ddb5-4fa4-a97d-d965ccfc6d4b" outcome="Aborted" testListId="8c84fa94-04c1-424b-9868-57a2d4851a1d">
      <Output>
        <ErrorInfo>
          <Message>User aborted test run.</Message>
        </ErrorInfo>
      </Output>
    </UnitTestResult>
    <UnitTestResult executionId="40261e13-1e50-4817-a35e-ad68ff0d209f" testId="c7c5382e-9f9d-7db1-78d0-6da772ada96f" testName="ProxyConstructorTest" computerName="XPSHIZZLE" duration="00:00:00" startTime="0001-01-01T00:00:00.0000000-07:00" endTime="0001-01-01T00:00:00.0000000-07:00" testType="13cdc9d9-ddb5-4fa4-a97d-d965ccfc6d4b" outcome="NotExecuted" testListId="8c84fa94-04c1-424b-9868-57a2d4851a1d">
    </UnitTestResult>
  </Results>
</TestRun>